Log file open, 01/25/19 20:11:26
LogWindows: Failed to load 'aqProf.dll' (GetLastError=126)
LogWindows: File 'aqProf.dll' does not exist
LogWindows: Failed to load 'VtuneApi.dll' (GetLastError=126)
LogWindows: File 'VtuneApi.dll' does not exist
LogWindows: Failed to load 'VtuneApi32e.dll' (GetLastError=126)
LogWindows: File 'VtuneApi32e.dll' does not exist
LogInit: Display: Running engine for game: MyProject
LogPlatformFile: Not using cached read wrapper
LogInit: Display: RandInit(-474686217) SRandInit(-474686217).
LogInit: Read version file with build ID '3944462'
LogInit: Overriding engine version to CL 4033788, compatible CL 3944462
LogInit: Registered custom module enumerator with build ID '3944462'
LogTaskGraph: Started task graph with 5 named threads and 14 total threads with 3 sets of task threads.
LogStats: Stats thread started at 0.214314
LogD3D11RHI: Aftermath initialized
LogICUInternationalization: Display: ICU TimeZone Detection - Raw Offset: +0:00, Platform Override: ''
LogModuleManager: Display: Found up-to-date module file ../../../Engine/Plugins/2D/Paper2D/Binaries/Win64/UE4Editor-Paper2D.dll (API version 3944462).
LogModuleManager: Display: Found up-to-date module file ../../../Engine/Plugins/2D/Paper2D/Binaries/Win64/UE4Editor-Paper2DEditor.dll (API version 3944462).
LogModuleManager: Display: Found up-to-date module file ../../../Engine/Plugins/2D/Paper2D/Binaries/Win64/UE4Editor-PaperSpriteSheetImporter.dll (API version 3944462).
LogModuleManager: Display: Found up-to-date module file ../../../Engine/Plugins/2D/Paper2D/Binaries/Win64/UE4Editor-PaperTiledImporter.dll (API version 3944462).
LogModuleManager: Display: Found up-to-date module file ../../../Engine/Plugins/2D/Paper2D/Binaries/Win64/UE4Editor-SmartSnapping.dll (API version 3944462).
LogModuleManager: Display: Found up-to-date module file ../../../Engine/Plugins/Blendables/LightPropagationVolume/Binaries/Win64/UE4Editor-LightPropagationVolumeRuntime.dll (API version 3944462).
LogModuleManager: Display: Found up-to-date module file ../../../Engine/Plugins/Blendables/LightPropagationVolume/Binaries/Win64/UE4Editor-LightPropagationVolumeEditor.dll (API version 3944462).
LogModuleManager: Display: Found up-to-date module file ../../../Engine/Plugins/Developer/CLionSourceCodeAccess/Binaries/Win64/UE4Editor-CLionSourceCodeAccess.dll (API version 3944462).
LogModuleManager: Display: Found up-to-date module file ../../../Engine/Plugins/Developer/GitSourceControl/Binaries/Win64/UE4Editor-GitSourceControl.dll (API version 3944462).
LogModuleManager: Display: Found up-to-date module file ../../../Engine/Plugins/Developer/PerforceSourceControl/Binaries/Win64/UE4Editor-PerforceSourceControl.dll (API version 3944462).
LogModuleManager: Display: Found up-to-date module file ../../../Engine/Plugins/Developer/SubversionSourceControl/Binaries/Win64/UE4Editor-SubversionSourceControl.dll (API version 3944462).
LogModuleManager: Display: Found up-to-date module file ../../../Engine/Plugins/Developer/UObjectPlugin/Binaries/Win64/UE4Editor-UObjectPlugin.dll (API version 3944462).
LogModuleManager: Display: Found up-to-date module file ../../../Engine/Plugins/Developer/VisualStudioCodeSourceCodeAccess/Binaries/Win64/UE4Editor-VisualStudioCodeSourceCodeAccess.dll (API version 3944462).
LogModuleManager: Display: Found up-to-date module file ../../../Engine/Plugins/Developer/VisualStudioSourceCodeAccess/Binaries/Win64/UE4Editor-VisualStudioSourceCodeAccess.dll (API version 3944462).
LogModuleManager: Display: Found up-to-date module file ../../../Engine/Plugins/Editor/AssetManagerEditor/Binaries/Win64/UE4Editor-AssetManagerEditor.dll (API version 3944462).
LogModuleManager: Display: Found up-to-date module file ../../../Engine/Plugins/Editor/CryptoKeys/Binaries/Win64/UE4Editor-CryptoKeys.dll (API version 3944462).
LogModuleManager: Display: Found up-to-date module file ../../../Engine/Plugins/Editor/CryptoKeys/Binaries/Win64/UE4Editor-CryptoKeysOpenSSL.dll (API version 3944462).
LogModuleManager: Display: Found up-to-date module file ../../../Engine/Plugins/Editor/DataValidation/Binaries/Win64/UE4Editor-DataValidation.dll (API version 3944462).
LogModuleManager: Display: Found up-to-date module file ../../../Engine/Plugins/Editor/FacialAnimation/Binaries/Win64/UE4Editor-FacialAnimation.dll (API version 3944462).
LogModuleManager: Display: Found up-to-date module file ../../../Engine/Plugins/Editor/FacialAnimation/Binaries/Win64/UE4Editor-FacialAnimationEditor.dll (API version 3944462).
LogModuleManager: Display: Found up-to-date module file ../../../Engine/Plugins/Editor/GameplayTagsEditor/Binaries/Win64/UE4Editor-GameplayTagsEditor.dll (API version 3944462).
LogModuleManager: Display: Found up-to-date module file ../../../Engine/Plugins/Editor/MobileLauncherProfileWizard/Binaries/Win64/UE4Editor-MobileLauncherProfileWizard.dll (API version 3944462).
LogModuleManager: Display: Found up-to-date module file ../../../Engine/Plugins/Editor/PluginBrowser/Binaries/Win64/UE4Editor-PluginBrowser.dll (API version 3944462).
LogModuleManager: Display: Found up-to-date module file ../../../Engine/Plugins/Editor/SpeedTreeImporter/Binaries/Win64/UE4Editor-SpeedTreeImporter.dll (API version 3944462).
LogModuleManager: Display: Found up-to-date module file ../../../Engine/Plugins/Enterprise/DatasmithContent/Binaries/Win64/UE4Editor-DatasmithContent.dll (API version 3944462).
LogModuleManager: Display: Found up-to-date module file ../../../Engine/Plugins/Experimental/AlembicImporter/Binaries/Win64/UE4Editor-AlembicImporter.dll (API version 3944462).
LogModuleManager: Display: Found up-to-date module file ../../../Engine/Plugins/Experimental/AlembicImporter/Binaries/Win64/UE4Editor-AlembicLibrary.dll (API version 3944462).
LogModuleManager: Display: Found up-to-date module file ../../../Engine/Plugins/Experimental/CharacterAI/Binaries/Win64/UE4Editor-CharacterAI.dll (API version 3944462).
LogModuleManager: Display: Found up-to-date module file ../../../Engine/Plugins/Experimental/HTML5Networking/Binaries/Win64/UE4Editor-HTML5Networking.dll (API version 3944462).
LogModuleManager: Display: Found up-to-date module file ../../../Engine/Plugins/Media/AndroidMedia/Binaries/Win64/UE4Editor-AndroidMediaEditor.dll (API version 3944462).
LogModuleManager: Display: Found up-to-date module file ../../../Engine/Plugins/Media/AndroidMedia/Binaries/Win64/UE4Editor-AndroidMediaFactory.dll (API version 3944462).
LogModuleManager: Display: Found up-to-date module file ../../../Engine/Plugins/Media/AvfMedia/Binaries/Win64/UE4Editor-AvfMediaEditor.dll (API version 3944462).
LogModuleManager: Display: Found up-to-date module file ../../../Engine/Plugins/Media/AvfMedia/Binaries/Win64/UE4Editor-AvfMediaFactory.dll (API version 3944462).
LogModuleManager: Display: Found up-to-date module file ../../../Engine/Plugins/Media/AvfMedia/Binaries/Win64/UE4Editor-AvfMediaFactory.dll (API version 3944462).
LogModuleManager: Display: Found up-to-date module file ../../../Engine/Plugins/Media/ImgMedia/Binaries/Win64/UE4Editor-ImgMedia.dll (API version 3944462).
LogModuleManager: Display: Found up-to-date module file ../../../Engine/Plugins/Media/ImgMedia/Binaries/Win64/UE4Editor-ImgMediaEditor.dll (API version 3944462).
LogModuleManager: Display: Found up-to-date module file ../../../Engine/Plugins/Media/ImgMedia/Binaries/Win64/UE4Editor-ImgMediaFactory.dll (API version 3944462).
LogModuleManager: Display: Found up-to-date module file ../../../Engine/Plugins/Media/ImgMedia/Binaries/Win64/UE4Editor-ImgMediaFactory.dll (API version 3944462).
LogModuleManager: Display: Found up-to-date module file ../../../Engine/Plugins/Media/ImgMedia/Binaries/Win64/UE4Editor-OpenExrWrapper.dll (API version 3944462).
LogModuleManager: Display: Found up-to-date module file ../../../Engine/Plugins/Media/LinearTimecode/Binaries/Win64/UE4Editor-LinearTimecode.dll (API version 3944462).
LogModuleManager: Display: Found up-to-date module file ../../../Engine/Plugins/Media/MediaCompositing/Binaries/Win64/UE4Editor-MediaCompositing.dll (API version 3944462).
LogModuleManager: Display: Found up-to-date module file ../../../Engine/Plugins/Media/MediaCompositing/Binaries/Win64/UE4Editor-MediaCompositingEditor.dll (API version 3944462).
LogModuleManager: Display: Found up-to-date module file ../../../Engine/Plugins/Media/MediaPlayerEditor/Binaries/Win64/UE4Editor-MediaPlayerEditor.dll (API version 3944462).
LogModuleManager: Display: Found up-to-date module file ../../../Engine/Plugins/Media/WmfMedia/Binaries/Win64/UE4Editor-WmfMedia.dll (API version 3944462).
LogModuleManager: Display: Found up-to-date module file ../../../Engine/Plugins/Media/WmfMedia/Binaries/Win64/UE4Editor-WmfMediaEditor.dll (API version 3944462).
LogModuleManager: Display: Found up-to-date module file ../../../Engine/Plugins/Media/WmfMedia/Binaries/Win64/UE4Editor-WmfMediaFactory.dll (API version 3944462).
LogModuleManager: Display: Found up-to-date module file ../../../Engine/Plugins/Media/WmfMedia/Binaries/Win64/UE4Editor-WmfMediaFactory.dll (API version 3944462).
LogModuleManager: Display: Found up-to-date module file ../../../Engine/Plugins/Messaging/TcpMessaging/Binaries/Win64/UE4Editor-TcpMessaging.dll (API version 3944462).
LogModuleManager: Display: Found up-to-date module file ../../../Engine/Plugins/Messaging/UdpMessaging/Binaries/Win64/UE4Editor-UdpMessaging.dll (API version 3944462).
LogModuleManager: Display: Found up-to-date module file ../../../Engine/Plugins/MovieScene/ActorSequence/Binaries/Win64/UE4Editor-ActorSequence.dll (API version 3944462).
LogModuleManager: Display: Found up-to-date module file ../../../Engine/Plugins/MovieScene/LevelSequenceEditor/Binaries/Win64/UE4Editor-LevelSequenceEditor.dll (API version 3944462).
LogModuleManager: Display: Found up-to-date module file ../../../Engine/Plugins/MovieScene/MatineeToLevelSequence/Binaries/Win64/UE4Editor-MatineeToLevelSequence.dll (API version 3944462).
LogModuleManager: Display: Found up-to-date module file ../../../Engine/Plugins/NetcodeUnitTest/NetcodeUnitTest/Binaries/Win64/UE4Editor-NetcodeUnitTest.dll (API version 3944462).
LogModuleManager: Display: Found up-to-date module file ../../../Engine/Plugins/NetcodeUnitTest/NUTUnrealEngine4/Binaries/Win64/UE4Editor-NUTUnrealEngine4.dll (API version 3944462).
LogModuleManager: Display: Found up-to-date module file ../../../Engine/Plugins/Online/OnlineSubsystem/Binaries/Win64/UE4Editor-OnlineSubsystem.dll (API version 3944462).
LogModuleManager: Display: Found up-to-date module file ../../../Engine/Plugins/Runtime/AndroidPermission/Binaries/Win64/UE4Editor-AndroidPermission.dll (API version 3944462).
LogModuleManager: Display: Found up-to-date module file ../../../Engine/Plugins/Online/OnlineSubsystemNull/Binaries/Win64/UE4Editor-OnlineSubsystemNull.dll (API version 3944462).
LogModuleManager: Display: Found up-to-date module file ../../../Engine/Plugins/Online/OnlineSubsystemUtils/Binaries/Win64/UE4Editor-OnlineSubsystemUtils.dll (API version 3944462).
LogModuleManager: Display: Found up-to-date module file ../../../Engine/Plugins/Online/OnlineSubsystemUtils/Binaries/Win64/UE4Editor-OnlineBlueprintSupport.dll (API version 3944462).
LogModuleManager: Display: Found up-to-date module file ../../../Engine/Plugins/Runtime/AndroidDeviceProfileSelector/Binaries/Win64/UE4Editor-AndroidDeviceProfileSelector.dll (API version 3944462).
LogModuleManager: Display: Found up-to-date module file ../../../Engine/Plugins/Runtime/AppleARKit/Binaries/Win64/UE4Editor-AppleARKit.dll (API version 3944462).
LogModuleManager: Display: Found up-to-date module file ../../../Engine/Plugins/Runtime/ProceduralMeshComponent/Binaries/Win64/UE4Editor-ProceduralMeshComponent.dll (API version 3944462).
LogModuleManager: Display: Found up-to-date module file ../../../Engine/Plugins/Runtime/ProceduralMeshComponent/Binaries/Win64/UE4Editor-ProceduralMeshComponentEditor.dll (API version 3944462).
LogModuleManager: Display: Found up-to-date module file ../../../Engine/Plugins/Animation/LiveLink/Binaries/Win64/UE4Editor-LiveLink.dll (API version 3944462).
LogModuleManager: Display: Found up-to-date module file ../../../Engine/Plugins/Animation/LiveLink/Binaries/Win64/UE4Editor-LiveLinkEditor.dll (API version 3944462).
LogModuleManager: Display: Found up-to-date module file ../../../Engine/Plugins/Runtime/ArchVisCharacter/Binaries/Win64/UE4Editor-ArchVisCharacter.dll (API version 3944462).
LogModuleManager: Display: Found up-to-date module file ../../../Engine/Plugins/Runtime/AudioCapture/Binaries/Win64/UE4Editor-AudioCapture.dll (API version 3944462).
LogModuleManager: Display: Found up-to-date module file ../../../Engine/Plugins/Runtime/AudioCapture/Binaries/Win64/UE4Editor-AudioCaptureEditor.dll (API version 3944462).
LogModuleManager: Display: Found up-to-date module file ../../../Engine/Plugins/Runtime/CableComponent/Binaries/Win64/UE4Editor-CableComponent.dll (API version 3944462).
LogModuleManager: Display: Found up-to-date module file ../../../Engine/Plugins/Runtime/CustomMeshComponent/Binaries/Win64/UE4Editor-CustomMeshComponent.dll (API version 3944462).
LogModuleManager: Display: Found up-to-date module file ../../../Engine/Plugins/Runtime/ExampleDeviceProfileSelector/Binaries/Win64/UE4Editor-ExampleDeviceProfileSelector.dll (API version 3944462).
LogModuleManager: Display: Found up-to-date module file ../../../Engine/Plugins/Runtime/ImmediatePhysics/Binaries/Win64/UE4Editor-ImmediatePhysics.dll (API version 3944462).
LogModuleManager: Display: Found up-to-date module file ../../../Engine/Plugins/Runtime/ImmediatePhysics/Binaries/Win64/UE4Editor-ImmediatePhysicsEditor.dll (API version 3944462).
LogModuleManager: Display: Found up-to-date module file ../../../Engine/Plugins/Runtime/LocationServicesBPLibrary/Binaries/Win64/UE4Editor-LocationServicesBPLibrary.dll (API version 3944462).
LogModuleManager: Display: Found up-to-date module file ../../../Engine/Plugins/Runtime/MobilePatchingUtils/Binaries/Win64/UE4Editor-MobilePatchingUtils.dll (API version 3944462).
LogModuleManager: Display: Found up-to-date module file ../../../Engine/Plugins/Runtime/Oculus/OculusVR/Binaries/Win64/UE4Editor-OculusHMD.dll (API version 3944462).
LogModuleManager: Display: Found up-to-date module file ../../../Engine/Plugins/Runtime/Oculus/OculusVR/Binaries/Win64/UE4Editor-OculusInput.dll (API version 3944462).
LogModuleManager: Display: Found up-to-date module file ../../../Engine/Plugins/Runtime/Oculus/OculusVR/Binaries/Win64/UE4Editor-OculusEditor.dll (API version 3944462).
LogModuleManager: Display: Found up-to-date module file ../../../Engine/Plugins/Runtime/PhysXVehicles/Binaries/Win64/UE4Editor-PhysXVehicles.dll (API version 3944462).
LogModuleManager: Display: Found up-to-date module file ../../../Engine/Plugins/Runtime/PhysXVehicles/Binaries/Win64/UE4Editor-PhysXVehiclesEditor.dll (API version 3944462).
LogModuleManager: Display: Found up-to-date module file ../../../Engine/Plugins/Runtime/RuntimePhysXCooking/Binaries/Win64/UE4Editor-RuntimePhysXCooking.dll (API version 3944462).
LogModuleManager: Display: Found up-to-date module file ../../../Engine/Plugins/Runtime/Steam/SteamVR/Binaries/Win64/UE4Editor-SteamVR.dll (API version 3944462).
LogModuleManager: Display: Found up-to-date module file ../../../Engine/Plugins/Runtime/Steam/SteamVR/Binaries/Win64/UE4Editor-SteamVRController.dll (API version 3944462).
LogModuleManager: Display: Found up-to-date module file ../../../Engine/Plugins/Runtime/WindowsMoviePlayer/Binaries/Win64/UE4Editor-WindowsMoviePlayer.dll (API version 3944462).
LogPluginManager: Mounting plugin Paper2D
LogPluginManager: Mounting plugin LiveLink
LogPluginManager: Mounting plugin LightPropagationVolume
LogPluginManager: Mounting plugin CLionSourceCodeAccess
LogPluginManager: Mounting plugin CodeLiteSourceCodeAccess
LogPluginManager: Mounting plugin GitSourceControl
LogPluginManager: Mounting plugin KDevelopSourceCodeAccess
LogPluginManager: Mounting plugin NullSourceCodeAccess
LogPluginManager: Mounting plugin PerforceSourceControl
LogPluginManager: Mounting plugin SubversionSourceControl
LogPluginManager: Mounting plugin UObjectPlugin
LogPluginManager: Mounting plugin VisualStudioCodeSourceCodeAccess
LogPluginManager: Mounting plugin VisualStudioSourceCodeAccess
LogPluginManager: Mounting plugin XCodeSourceCodeAccess
LogPluginManager: Mounting plugin AssetManagerEditor
LogPluginManager: Mounting plugin CryptoKeys
LogPluginManager: Mounting plugin DataValidation
LogPluginManager: Mounting plugin FacialAnimation
LogPluginManager: Mounting plugin GameplayTagsEditor
LogPluginManager: Mounting plugin MobileLauncherProfileWizard
LogPluginManager: Mounting plugin PluginBrowser
LogPluginManager: Mounting plugin SpeedTreeImporter
LogPluginManager: Mounting plugin DatasmithContent
LogPluginManager: Mounting plugin AlembicImporter
LogPluginManager: Mounting plugin CharacterAI
LogPluginManager: Mounting plugin HTML5Networking
LogPluginManager: Mounting plugin AndroidMedia
LogPluginManager: Mounting plugin AvfMedia
LogPluginManager: Mounting plugin ImgMedia
LogPluginManager: Mounting plugin LinearTimecode
LogPluginManager: Mounting plugin MediaCompositing
LogPluginManager: Mounting plugin MediaPlayerEditor
LogPluginManager: Mounting plugin WmfMedia
LogPluginManager: Mounting plugin TcpMessaging
LogPluginManager: Mounting plugin UdpMessaging
LogPluginManager: Mounting plugin ActorSequence
LogPluginManager: Mounting plugin LevelSequenceEditor
LogPluginManager: Mounting plugin MatineeToLevelSequence
LogPluginManager: Mounting plugin NetcodeUnitTest
LogPluginManager: Mounting plugin NUTUnrealEngine4
LogPluginManager: Mounting plugin OnlineSubsystemGooglePlay
LogPluginManager: Mounting plugin OnlineSubsystemIOS
LogPluginManager: Mounting plugin OnlineSubsystem
LogPluginManager: Mounting plugin OnlineSubsystemNull
LogPluginManager: Mounting plugin OnlineSubsystemUtils
LogPluginManager: Mounting plugin AndroidDeviceProfileSelector
LogPluginManager: Mounting plugin AndroidMoviePlayer
LogPluginManager: Mounting plugin AndroidPermission
LogPluginManager: Mounting plugin AppleARKit
LogPluginManager: Mounting plugin AppleMoviePlayer
LogPluginManager: Mounting plugin ArchVisCharacter
LogPluginManager: Mounting plugin AudioCapture
LogPluginManager: Mounting plugin CableComponent
LogPluginManager: Mounting plugin CustomMeshComponent
LogPluginManager: Mounting plugin ExampleDeviceProfileSelector
LogPluginManager: Mounting plugin GoogleCloudMessaging
LogPluginManager: Mounting plugin ImmediatePhysics
LogPluginManager: Mounting plugin IOSDeviceProfileSelector
LogPluginManager: Mounting plugin LinuxDeviceProfileSelector
LogPluginManager: Mounting plugin LocationServicesBPLibrary
LogPluginManager: Mounting plugin MobilePatchingUtils
LogPluginManager: Mounting plugin OculusVR
LogPluginManager: Plugin shader directory ../../../Engine/Plugins/Runtime/Oculus/OculusVR/Shaders found
LogPluginManager: Mapping shader source directory ../../../Engine/Plugins/Runtime/Oculus/OculusVR/Shaders to virtual directory /Plugin/OculusVR
LogPluginManager: Mounting plugin PhysXVehicles
LogPluginManager: Mounting plugin ProceduralMeshComponent
LogPluginManager: Mounting plugin RuntimePhysXCooking
LogPluginManager: Mounting plugin SteamVR
LogPluginManager: Mounting plugin WindowsMoviePlayer
LogStreaming: Display: Took  2.740s to configure plugins.
LogInit: Using libcurl 7.47.1
LogInit:  - built for x86_64-pc-win32
LogInit:  - supports SSL with OpenSSL/1.0.2g
LogInit:  - supports HTTP deflate (compression) using libz 1.2.8
LogInit:  - other features:
LogInit:      CURL_VERSION_SSL
LogInit:      CURL_VERSION_LIBZ
LogInit:      CURL_VERSION_IPV6
LogInit:      CURL_VERSION_ASYNCHDNS
LogInit:      CURL_VERSION_LARGEFILE
LogInit:      CURL_VERSION_IDN
LogInit:  CurlRequestOptions (configurable via config and command line):
LogInit:  - bVerifyPeer = false  - Libcurl will NOT verify peer certificate
LogInit:  - bUseHttpProxy = false  - Libcurl will NOT use HTTP proxy
LogInit:  - bDontReuseConnections = false  - Libcurl will reuse connections
LogInit:  - CertBundlePath = nullptr  - Libcurl will use whatever was configured at build time.
LogInit:  - MaxHostConnections = 16  - Libcurl will limit the number of connections to a host
LogInit:  - LocalHostAddr = Default
LogInit: WinSock: version 1.1 (2.2), MaxSocks=32767, MaxUdp=65467
LogInit: WinSock: I am DESKTOP-F83PO62 (192.168.0.2:0)
LogInit: Build: ++UE4+Release-4.19-CL-4033788
LogInit: Engine Version: 4.19.2-4033788+++UE4+Release-4.19
LogInit: Compatible Engine Version: 4.19.0-3944462+++UE4+Release-4.19
LogInit: Net CL: 3944462
LogDevObjectVersion: Number of dev versions registered: 18
LogDevObjectVersion:   Dev-Blueprints (B0D832E4-1F89-4F0D-ACCF-7EB736FD4AA2): 10
LogDevObjectVersion:   Dev-Build (E1C64328-A22C-4D53-A36C-8E866417BD8C): 0
LogDevObjectVersion:   Dev-Core (375EC13C-06E4-48FB-B500-84F0262A717E): 2
LogDevObjectVersion:   Dev-Editor (E4B068ED-F494-42E9-A231-DA0B2E46BB41): 23
LogDevObjectVersion:   Dev-Framework (CFFC743F-43B0-4480-9391-14DF171D2073): 33
LogDevObjectVersion:   Dev-Mobile (B02B49B5-BB20-44E9-A304-32B752E40360): 2
LogDevObjectVersion:   Dev-Networking (A4E4105C-59A1-49B5-A7C5-40C4547EDFEE): 0
LogDevObjectVersion:   Dev-Online (39C831C9-5AE6-47DC-9A44-9C173E1C8E7C): 0
LogDevObjectVersion:   Dev-Physics (78F01B33-EBEA-4F98-B9B4-84EACCB95AA2): 0
LogDevObjectVersion:   Dev-Platform (6631380F-2D4D-43E0-8009-CF276956A95A): 0
LogDevObjectVersion:   Dev-Rendering (12F88B9F-8875-4AFC-A67C-D90C383ABD29): 25
LogDevObjectVersion:   Dev-Sequencer (7B5AE74C-D270-4C10-A958-57980B212A5A): 6
LogDevObjectVersion:   Dev-VR (D7296918-1DD6-4BDD-9DE2-64A83CC13884): 1
LogDevObjectVersion:   Dev-LoadTimes (C2A15278-BFE7-4AFE-6C17-90FF531DF755): 1
LogDevObjectVersion:   Private-Geometry (6EACA3D4-40EC-4CC1-B786-8BED09428FC5): 2
LogDevObjectVersion:   Dev-AnimPhys (29E575DD-E0A3-4627-9D10-D276232CDCEA): 16
LogDevObjectVersion:   Dev-ReflectionCapture (6B266CEC-1EC7-4B8F-A30B-E4D90942FC07): 1
LogDevObjectVersion:   Dev-Automation (0DF73D61-A23F-47EA-B727-89E90C41499A): 1
LogInit: Compiled (64-bit): Apr 27 2018 02:06:57
LogInit: Compiled with Visual C++: 19.00.24215.01
LogInit: Build Configuration: Development
LogInit: Branch Name: ++UE4+Release-4.19
LogInit: Command Line: 
LogInit: Base Directory: U:/UE_4.19/Engine/Binaries/Win64/
LogInit: Installed Engine Build: 1
LogStreaming: Display: Took  0.011s to delete old logs.
LogInit: Presizing for max 8388607 objects, including 0 objects not considered by GC, pre-allocating 0 bytes for permanent pool.
LogInit: Object subsystem initialized
[2019.01.25-20.11.29:231][  0]LogInit: Selected Device Profile: [Windows]
[2019.01.25-20.11.29:231][  0]LogInit: Applying CVar settings loaded from the selected device profile: [Windows]
[2019.01.25-20.11.29:268][  0]LogInit: Computer: DESKTOP-F83PO62
[2019.01.25-20.11.29:268][  0]LogInit: User: atomi
[2019.01.25-20.11.29:268][  0]LogInit: CPU Page size=4096, Cores=4
[2019.01.25-20.11.29:268][  0]LogInit: High frequency timer resolution =3.415989 MHz
[2019.01.25-20.11.29:269][  0]LogMemory: Memory total: Physical=15.9GB (16GB approx)
[2019.01.25-20.11.29:269][  0]LogMemory: Platform Memory Stats for Windows
[2019.01.25-20.11.29:269][  0]LogMemory: Process Physical Memory: 273.15 MB used, 273.15 MB peak
[2019.01.25-20.11.29:269][  0]LogMemory: Process Virtual Memory: 270.04 MB used, 270.04 MB peak
[2019.01.25-20.11.29:269][  0]LogMemory: Physical Memory: 7788.93 MB used,  8471.77 MB free, 16260.70 MB total
[2019.01.25-20.11.29:269][  0]LogMemory: Virtual Memory: 4790.51 MB used,  8471.77 MB free, 134217728.00 MB total
[2019.01.25-20.11.29:314][  0]LogInit: Using OS detected language (en-US).
[2019.01.25-20.11.29:314][  0]LogInit: Using OS detected locale (en-GB).
[2019.01.25-20.11.29:322][  0]LogTextLocalizationManager: No specific localization for 'en-US' exists, so the 'en' localization will be used.
[2019.01.25-20.11.29:796][  0]LogStreaming: Display: Took  0.482s to EndInitTextLocalization.
[2019.01.25-20.11.29:796][  0]LogInit: Setting process to per monitor DPI aware
[2019.01.25-20.11.29:856][  0]LogSlate: New Slate User Created.  User Index 0, Is Virtual User: 0
[2019.01.25-20.11.29:856][  0]LogSlate: Slate User Registered.  User Index 0, Is Virtual User: 0
[2019.01.25-20.11.30:408][  0]LogD3D11RHI: D3D11 adapters:
[2019.01.25-20.11.30:515][  0]LogD3D11RHI:    0. 'NVIDIA GeForce GTX 1060 6GB' (Feature Level 11_0)
[2019.01.25-20.11.30:515][  0]LogD3D11RHI:       6052/0/8130 MB DedicatedVideo/DedicatedSystem/SharedSystem, Outputs:2, VendorId:0x10de
[2019.01.25-20.11.30:525][  0]LogD3D11RHI:    1. 'Intel(R) HD Graphics 4600' (Feature Level 11_0)
[2019.01.25-20.11.30:525][  0]LogD3D11RHI:       112/0/2048 MB DedicatedVideo/DedicatedSystem/SharedSystem, Outputs:0, VendorId:0x8086
[2019.01.25-20.11.30:529][  0]LogD3D11RHI:    2. 'Microsoft Basic Render Driver' (Feature Level 11_0)
[2019.01.25-20.11.30:529][  0]LogD3D11RHI:       0/0/8130 MB DedicatedVideo/DedicatedSystem/SharedSystem, Outputs:0, VendorId:0x1414
[2019.01.25-20.11.30:529][  0]LogD3D11RHI: Chosen D3D11 Adapter: 0
[2019.01.25-20.11.30:542][  0]LogD3D11RHI: Creating new Direct3DDevice
[2019.01.25-20.11.30:542][  0]LogD3D11RHI:     GPU DeviceId: 0x1c03 (for the marketing name, search the web for "GPU Device Id")
[2019.01.25-20.11.30:542][  0]LogWindows: EnumDisplayDevices:
[2019.01.25-20.11.30:543][  0]LogWindows:    0. 'NVIDIA GeForce GTX 1060 6GB' (P:1 D:1)
[2019.01.25-20.11.30:543][  0]LogWindows:    1. 'NVIDIA GeForce GTX 1060 6GB' (P:0 D:1)
[2019.01.25-20.11.30:543][  0]LogWindows:    2. 'NVIDIA GeForce GTX 1060 6GB' (P:0 D:0)
[2019.01.25-20.11.30:543][  0]LogWindows:    3. 'NVIDIA GeForce GTX 1060 6GB' (P:0 D:0)
[2019.01.25-20.11.30:544][  0]LogWindows:    4. 'Intel(R) HD Graphics 4600' (P:0 D:0)
[2019.01.25-20.11.30:544][  0]LogWindows:    5. 'Intel(R) HD Graphics 4600' (P:0 D:0)
[2019.01.25-20.11.30:544][  0]LogWindows:    6. 'Intel(R) HD Graphics 4600' (P:0 D:0)
[2019.01.25-20.11.30:544][  0]LogWindows: DebugString: GetVideoDriverDetailsInvalid PrimaryIsNotTheChoosenAdapter GetVideoDriverDetailsInvalid PrimaryIsNotTheChoosenAdapter GetVideoDriverDetailsInvalid PrimaryIsNotTheChoosenAdapter GetVideoDriverDetailsInvalid PrimaryIsNotTheChoosenAdapter GetVideoDriverDetailsInvalid PrimaryIsNotTheChoosenAdapter GetVideoDriverDetailsInvalid PrimaryIsNotTheChoosenAdapter GetVideoDriverDetailsInvalid PrimaryIsNotTheChoosenAdapter FoundDriverCount:0 
[2019.01.25-20.11.30:544][  0]LogD3D11RHI:     Adapter Name: NVIDIA GeForce GTX 1060 6GB
[2019.01.25-20.11.30:544][  0]LogD3D11RHI:   Driver Version: Unknown (internal:Unknown, unified:Unknown)
[2019.01.25-20.11.30:544][  0]LogD3D11RHI:      Driver Date: Unknown
[2019.01.25-20.11.30:544][  0]LogRHI: Texture pool is 4236 MB (70% of 6052 MB)
[2019.01.25-20.11.30:596][  0]LogD3D11RHI: [Aftermath] Aftermath enabled and primed
[2019.01.25-20.11.30:596][  0]LogD3D11RHI: [Aftermath] Aftermath enabled and primed
[2019.01.25-20.11.30:596][  0]LogD3D11RHI: Async texture creation enabled
[2019.01.25-20.11.30:626][  0]LogD3D11RHI: GPU Timing Frequency: 1000.000000 (Debug: 2 2)
[2019.01.25-20.11.30:731][  0]LogShaderCompilers: Guid format shader working directory is 6 characters bigger than the processId version (../../../Interstella Conflict/MyProject/Intermediate/Shaders/WorkingDirectory/36212/).
[2019.01.25-20.11.30:732][  0]LogShaderCompilers: Cleaned the shader compiler working directory 'C:/Users/atomi/AppData/Local/Temp/UnrealShaderWorkingDir/B35CE21C484D9F55FBD4178990242EFD/'.
[2019.01.25-20.11.31:172][  0]LogTemp: Display: Loaded TP AllDesktopTargetPlatform
[2019.01.25-20.11.31:188][  0]LogTemp: Display: Loaded TP MacClientTargetPlatform
[2019.01.25-20.11.31:204][  0]LogTemp: Display: Loaded TP MacNoEditorTargetPlatform
[2019.01.25-20.11.31:221][  0]LogTemp: Display: Loaded TP MacServerTargetPlatform
[2019.01.25-20.11.31:239][  0]LogTemp: Display: Loaded TP MacTargetPlatform
[2019.01.25-20.11.31:257][  0]LogTemp: Display: Loaded TP WindowsClientTargetPlatform
[2019.01.25-20.11.31:277][  0]LogTemp: Display: Loaded TP WindowsNoEditorTargetPlatform
[2019.01.25-20.11.31:295][  0]LogTemp: Display: Loaded TP WindowsServerTargetPlatform
[2019.01.25-20.11.31:306][  0]LogTemp: Display: Loaded TP WindowsTargetPlatform
[2019.01.25-20.11.31:322][  0]LogTemp: Display: Loaded TP Android_ASTCTargetPlatform
[2019.01.25-20.11.31:340][  0]LogTemp: Display: Loaded TP Android_ATCTargetPlatform
[2019.01.25-20.11.31:359][  0]LogTemp: Display: Loaded TP Android_DXTTargetPlatform
[2019.01.25-20.11.31:375][  0]LogTemp: Display: Loaded TP Android_ETC1aTargetPlatform
[2019.01.25-20.11.31:389][  0]LogTemp: Display: Loaded TP Android_ETC1TargetPlatform
[2019.01.25-20.11.31:406][  0]LogTemp: Display: Loaded TP Android_ETC2TargetPlatform
[2019.01.25-20.11.31:444][  0]LogTemp: Display: Loaded TP Android_MultiTargetPlatform
[2019.01.25-20.11.31:444][  0]LogTemp: Display: Loaded TP Android_PVRTCTargetPlatform
[2019.01.25-20.11.31:460][  0]LogTemp: Display: Loaded TP AndroidTargetPlatform
[2019.01.25-20.11.31:463][  0]LogTemp: Display: Loaded TP HTML5TargetPlatform
[2019.01.25-20.11.31:513][  0]LogTemp: Display: Loaded TP IOSTargetPlatform
[2019.01.25-20.11.31:526][  0]LogTemp: Display: Loaded TP TVOSTargetPlatform
[2019.01.25-20.11.31:541][  0]LogTemp: Display: Loaded TP LinuxClientTargetPlatform
[2019.01.25-20.11.31:562][  0]LogTemp: Display: Loaded TP LinuxNoEditorTargetPlatform
[2019.01.25-20.11.31:580][  0]LogTemp: Display: Loaded TP LinuxServerTargetPlatform
[2019.01.25-20.11.31:596][  0]LogTemp: Display: Loaded TP LinuxTargetPlatform
[2019.01.25-20.11.31:596][  0]LogTargetPlatformManager: Display: Building Assets For Windows
[2019.01.25-20.11.31:847][  0]LogXGEController: Cannot use XGE Controller as Incredibuild is not installed on this machine.
[2019.01.25-20.11.31:847][  0]LogShaderCompilers: Cannot use XGE Shader Compiler as Incredibuild is not installed on this machine.
[2019.01.25-20.11.31:847][  0]LogShaderCompilers: Display: Using Local Shader Compiler.
[2019.01.25-20.11.32:760][  0]LogDerivedDataCache: Display: Max Cache Size: 512 MB
[2019.01.25-20.11.32:894][  0]LogDerivedDataCache: Loaded boot cache 0.13s 74MB C:/Users/atomi/AppData/Local/UnrealEngine/4.19/DerivedDataCache/Boot.ddc.
[2019.01.25-20.11.32:894][  0]LogDerivedDataCache: Display: Loaded Boot cache: C:/Users/atomi/AppData/Local/UnrealEngine/4.19/DerivedDataCache/Boot.ddc
[2019.01.25-20.11.32:894][  0]LogDerivedDataCache: FDerivedDataBackendGraph:  Pak pak cache file ../../../Interstella Conflict/MyProject/DerivedDataCache/DDC.ddp not found, will not use a pak cache.
[2019.01.25-20.11.32:894][  0]LogDerivedDataCache: Unable to find inner node Pak for hierarchical cache Hierarchy.
[2019.01.25-20.11.32:894][  0]LogDerivedDataCache: FDerivedDataBackendGraph:  CompressedPak pak cache file ../../../Interstella Conflict/MyProject/DerivedDataCache/Compressed.ddp not found, will not use a pak cache.
[2019.01.25-20.11.32:894][  0]LogDerivedDataCache: Unable to find inner node CompressedPak for hierarchical cache Hierarchy.
[2019.01.25-20.11.32:913][  0]LogDerivedDataCache: Display: Pak cache opened for reading ../../../Engine/DerivedDataCache/Compressed.ddp.
[2019.01.25-20.11.32:926][  0]LogDerivedDataCache: Using Local data cache path C:/Users/atomi/AppData/Local/UnrealEngine/Common/DerivedDataCache: Writable
[2019.01.25-20.11.32:926][  0]LogDerivedDataCache: Shared data cache path not found in *engine.ini, will not use an Shared cache.
[2019.01.25-20.11.32:926][  0]LogDerivedDataCache: Unable to find inner node Shared for hierarchical cache Hierarchy.
[2019.01.25-20.11.32:939][  0]LogMaterial: Verifying Global Shaders for PCD3D_SM5
[2019.01.25-20.11.32:939][  0]LogSlate: Using Freetype 2.6.0
[2019.01.25-20.11.32:942][  0]LogSlate: SlateFontCache - WITH_FREETYPE: 1, WITH_HARFBUZZ: 1
[2019.01.25-20.11.32:942][  0]LogSlate: SlateFontCache - WITH_FREETYPE: 1, WITH_HARFBUZZ: 1
[2019.01.25-20.11.33:219][  0]LogAssetRegistry: FAssetRegistry took 0.0311 seconds to start up
[2019.01.25-20.11.33:616][  0]LogInit: Selected Device Profile: [Windows]
[2019.01.25-20.11.33:822][  0]LogSimplygon: Simplygon DLL not present - disabling.
[2019.01.25-20.11.33:826][  0]LogMeshReduction: Using SimplygonSwarm for distributed automatic mesh merging
[2019.01.25-20.11.33:826][  0]LogMeshReduction: Using QuadricMeshReduction for automatic static mesh reduction
[2019.01.25-20.11.33:826][  0]LogMeshReduction: No automatic skeletal mesh reduction module available
[2019.01.25-20.11.33:826][  0]LogMeshReduction: No automatic mesh merging module available
[2019.01.25-20.11.33:826][  0]LogMeshMerging: No automatic mesh merging module available
[2019.01.25-20.11.33:901][  0]LogNetVersion: MyProject , NetCL: 3944462, EngineNetVer: 2, GameNetVer: 0 (Checksum: 2475486345)
[2019.01.25-20.11.34:578][  0]LogPackageLocalizationCache: Processed 9 localized package path(s) for 2 prioritized culture(s) in 0.178174 seconds
[2019.01.25-20.11.34:584][  0]LogUObjectArray: 36728 objects as part of root set at end of initial load.
[2019.01.25-20.11.34:584][  0]LogUObjectAllocator: 7314312 out of 0 bytes used by permanent object pool.
[2019.01.25-20.11.34:584][  0]LogUObjectArray: CloseDisregardForGC: 0/0 objects in disregard for GC pool
[2019.01.25-20.11.37:327][  0]LogTcpMessaging: Initializing TcpMessaging bridge
[2019.01.25-20.11.37:385][  0]LogUdpMessaging: Initializing bridge on interface 0.0.0.0:0 to multicast group 230.0.0.1:6666.
[2019.01.25-20.11.38:203][  0]SourceControl: Source control is disabled
[2019.01.25-20.11.41:528][  0]LogAndroidPermission: UAndroidPermissionCallbackProxy::GetInstance
[2019.01.25-20.11.42:212][  0]LogOcInput: OculusInput pre-init called
[2019.01.25-20.11.42:416][  0]LogEngine: Initializing Engine...
[2019.01.25-20.11.42:419][  0]LogHMD: Failed to initialize OpenVR with code 101
[2019.01.25-20.11.42:420][  0]LogStats: UGameplayTagsManager::ConstructGameplayTagTree: Construct from data asset -  0.000 s
[2019.01.25-20.11.42:420][  0]LogStats: UGameplayTagsManager::ConstructGameplayTagTree: GameplayTagTreeChangedEvent.Broadcast -  0.000 s
[2019.01.25-20.11.42:777][  0]LogAIModule: Creating AISystem for world Untitled
[2019.01.25-20.11.42:878][  0]LogInit: XAudio2 using 'Speakers (2- Plantronics GameCom 780)' : 2 channels at 48 kHz using 16 bits per sample (channel mask 0x3)
[2019.01.25-20.11.42:901][  0]LogInit: FAudioDevice initialized.
[2019.01.25-20.11.43:699][  0]LogDerivedDataCache: Saved boot cache 0.80s 74MB C:/Users/atomi/AppData/Local/UnrealEngine/4.19/DerivedDataCache/Boot.ddc.
[2019.01.25-20.11.43:714][  0]LogInit: Texture streaming: Enabled
[2019.01.25-20.11.43:735][  0]LogEngineSessionManager: EngineSessionManager initialized
[2019.01.25-20.11.43:778][  0]LogInit: Transaction tracking system initialized
[2019.01.25-20.11.43:807][  0]BlueprintLog: New page: Editor Load
[2019.01.25-20.11.43:913][  0]LocalizationService: Localization service is disabled
[2019.01.25-20.11.44:088][  0]LogConsoleResponse: Display: 
[2019.01.25-20.11.44:308][  0]LogCook: Display: Max memory allowance for cook 16384mb min free memory 0mb
[2019.01.25-20.11.44:308][  0]LogCook: Display: Mobile HDR setting 1
[2019.01.25-20.11.44:308][  0]LogGameplayTags: Display: UGameplayTagsManager::DoneAddingNativeTags. DelegateIsBound: 0
[2019.01.25-20.11.44:308][  0]LogStats: UGameplayTagsManager::ConstructGameplayTagTree: Construct from data asset -  0.000 s
[2019.01.25-20.11.44:308][  0]LogStats: UGameplayTagsManager::ConstructGameplayTagTree: GameplayTagTreeChangedEvent.Broadcast -  0.000 s
[2019.01.25-20.11.44:950][  0]LogFileCache: Scanning file cache for directory 'U:/UE_4.19/Interstella Conflict/MyProject/Content/' took 0.03s
[2019.01.25-20.11.45:482][  0]Cmd: MAP LOAD FILE="../../../Interstella Conflict/MyProject/Content/ThirdPersonBP/Maps/ThirdPersonExampleMap.umap" TEMPLATE=0 SHOWPROGRESS=1 FEATURELEVEL=3
[2019.01.25-20.11.45:483][  0]LightingResults: New page: Lighting Build
[2019.01.25-20.11.45:486][  0]MapCheck: New page: Map Check
[2019.01.25-20.11.45:486][  0]LightingResults: New page: Lighting Build
[2019.01.25-20.11.48:860][  0]LogSkeletalMesh: Skeletal Mesh found in DDC [1181.713989ms] /Game/AnimStarterPack/UE4_Mannequin/Mesh/SK_Mannequin.SK_Mannequin
[2019.01.25-20.11.52:462][  0]LogAIModule: Creating AISystem for world ThirdPersonExampleMap
[2019.01.25-20.11.52:523][  0]LogEditorServer: Finished looking for orphan Actors (0.000 secs)
[2019.01.25-20.11.52:537][  0]Cmd: MAP CHECKDEP NOCLEARLOG
[2019.01.25-20.11.52:678][  0]MapCheck: Map check complete: 0 Error(s), 0 Warning(s), took 141.091ms to complete.
[2019.01.25-20.11.52:678][  0]LogFileHelpers: Loading map 'ThirdPersonExampleMap' took 7.196
[2019.01.25-20.11.53:195][  0]LogCollectionManager: Loaded 0 collections in 0.002004 seconds
[2019.01.25-20.11.53:278][  0]LogFileCache: Scanning file cache for directory 'U:/UE_4.19/Interstella Conflict/MyProject/Saved/Collections/' took 0.01s
[2019.01.25-20.11.53:278][  0]LogFileCache: Scanning file cache for directory 'U:/UE_4.19/Interstella Conflict/MyProject/Content/Developers/atomi/Collections/' took 0.01s
[2019.01.25-20.11.53:278][  0]LogFileCache: Scanning file cache for directory 'U:/UE_4.19/Interstella Conflict/MyProject/Content/Collections/' took 0.01s
[2019.01.25-20.11.53:278][  0]LogCollectionManager: Rebuilt the GUID cache for 0 collections in 0.000000 seconds
[2019.01.25-20.11.53:288][  0]LogContentBrowser: Native class hierarchy populated in 0.0091 seconds. Added 2452 classes and 558 folders.
[2019.01.25-20.11.53:379][  0]LogContentBrowser: Native class hierarchy updated for 'WidgetCarousel' in 0.0003 seconds. Added 0 classes and 0 folders.
[2019.01.25-20.11.54:838][  0]LogContentBrowser: Native class hierarchy updated for 'AddContentDialog' in 0.0005 seconds. Added 0 classes and 0 folders.
[2019.01.25-20.11.54:872][  0]LogContentBrowser: Native class hierarchy updated for 'SceneOutliner' in 0.0005 seconds. Added 1 classes and 2 folders.
[2019.01.25-20.11.55:078][  0]LogSlate: Took 0.000419 seconds to synchronously load lazily loaded font '../../../Engine/Content/Slate/Fonts/Roboto-Regular.ttf' (155K)
[2019.01.25-20.11.55:080][  0]LogSlate: Took 0.000396 seconds to synchronously load lazily loaded font '../../../Engine/Content/Slate/Fonts/Roboto-Bold.ttf' (160K)
[2019.01.25-20.11.55:109][  0]LogSlate: Took 0.011501 seconds to synchronously load lazily loaded font '../../../Engine/Content/Editor/Slate/Fonts/FontAwesome.ttf' (139K)
[2019.01.25-20.11.55:495][  0]LogRenderer: Reallocating scene render targets to support 1360x636 Format 10 NumSamples 1 (Frame:1).
[2019.01.25-20.11.55:845][  0]LogContentBrowser: Native class hierarchy updated for 'HierarchicalLODOutliner' in 0.0004 seconds. Added 0 classes and 0 folders.
[2019.01.25-20.11.55:845][  0]LogLoad: (Engine Initialization) Total time: 32.50 seconds
[2019.01.25-20.11.55:846][  0]LogLoad: (Engine Initialization) Total Blueprint compile time: 0.00 seconds
[2019.01.25-20.11.56:215][  0]LogContentStreaming: Texture pool size now 1000 MB
[2019.01.25-20.11.56:388][  0]LogSlate: Took 0.023722 seconds to synchronously load lazily loaded font '../../../Engine/Content/Slate/Fonts/Roboto-Light.ttf' (167K)
[2019.01.25-20.11.56:551][  1]LogAssetRegistry: Asset discovery search completed in 23.3567 seconds
[2019.01.25-20.11.56:553][  1]LogCollectionManager: Rebuilt the object cache for 0 collections in 0.000000 seconds (found 0 objects)
[2019.01.25-20.11.56:553][  1]LogCollectionManager: Fixed up redirectors for 0 collections in 0.000061 seconds (updated 0 objects)
[2019.01.25-20.11.57:213][  3]LogSlate: Took 0.000460 seconds to synchronously load lazily loaded font '../../../Engine/Content/Slate/Fonts/Roboto-Light.ttf' (167K)
[2019.01.25-20.13.31:556][286]LogSlate: FSceneViewport::OnFocusLost() reason 0
[2019.01.25-20.21.25:112][772]LogSlate: FSceneViewport::OnFocusLost() reason 0
[2019.01.25-20.24.03:363][796]LogEditorViewport: Clicking on Actor (LMB): StaticMeshActor (Floor)
[2019.01.25-20.24.05:034][888]LogSlate: FSceneViewport::OnFocusLost() reason 0
[2019.01.25-20.24.49:297][562]LogSlate: Took 0.036344 seconds to synchronously load lazily loaded font '../../../Engine/Content/Slate/Fonts/Roboto-BoldCondensed.ttf' (158K)
[2019.01.25-20.24.55:857][112]LogSlate: Window 'NewBehaviorTree*' being destroyed
[2019.01.25-20.24.59:345][282]LogSlate: Window 'Delete Assets' being destroyed
[2019.01.25-20.26.52:917][585]LogRenderer: Reallocating scene render targets to support 1360x692 Format 10 NumSamples 1 (Frame:20918).
[2019.01.25-20.26.52:964][586]LogRenderer: Reallocating scene render targets to support 1360x728 Format 10 NumSamples 1 (Frame:20920).
[2019.01.25-20.26.53:017][587]LogRenderer: Reallocating scene render targets to support 1360x776 Format 10 NumSamples 1 (Frame:20922).
[2019.01.25-20.26.53:064][588]LogRenderer: Reallocating scene render targets to support 1360x792 Format 10 NumSamples 1 (Frame:20924).
[2019.01.25-20.26.53:109][589]LogRenderer: Reallocating scene render targets to support 1360x796 Format 10 NumSamples 1 (Frame:20926).
[2019.01.25-20.26.57:038][ 33]LogTemp: Repeating last play command: Selected Viewport
[2019.01.25-20.26.57:488][ 33]LogBlueprintUserMessages: Early PlayInEditor Detection: Level '/Game/ThirdPersonBP/Maps/ThirdPersonExampleMap.ThirdPersonExampleMap:PersistentLevel' has LevelScriptBlueprint '/Game/ThirdPersonBP/Maps/ThirdPersonExampleMap.ThirdPersonExampleMap:PersistentLevel.ThirdPersonExampleMap' with GeneratedClass '/Game/ThirdPersonBP/Maps/ThirdPersonExampleMap.ThirdPersonExampleMap_C' with ClassGeneratedBy '/Game/ThirdPersonBP/Maps/ThirdPersonExampleMap.ThirdPersonExampleMap:PersistentLevel.ThirdPersonExampleMap'
[2019.01.25-20.26.57:489][ 33]LogPlayLevel: PlayLevel: No blueprints needed recompiling
[2019.01.25-20.26.57:522][ 33]PIE: New page: PIE session: ThirdPersonExampleMap (25 Jan 2019 20:26:57)
[2019.01.25-20.26.57:522][ 33]LogPlayLevel: Creating play world package: /Game/ThirdPersonBP/Maps/UEDPIE_0_ThirdPersonExampleMap
[2019.01.25-20.26.57:595][ 33]LogPlayLevel: PIE: StaticDuplicateObject took: (0.072536s)
[2019.01.25-20.26.57:596][ 33]LogAIModule: Creating AISystem for world ThirdPersonExampleMap
[2019.01.25-20.26.57:596][ 33]LogPlayLevel: PIE: World Init took: (0.000961s)
[2019.01.25-20.26.57:596][ 33]LogPlayLevel: PIE: Created PIE world by copying editor world from /Game/ThirdPersonBP/Maps/ThirdPersonExampleMap.ThirdPersonExampleMap to /Game/ThirdPersonBP/Maps/UEDPIE_0_ThirdPersonExampleMap.ThirdPersonExampleMap (0.073668s)
[2019.01.25-20.26.57:739][ 33]LogInit: XAudio2 using 'Speakers (2- Plantronics GameCom 780)' : 2 channels at 48 kHz using 16 bits per sample (channel mask 0x3)
[2019.01.25-20.26.57:754][ 33]LogInit: FAudioDevice initialized.
[2019.01.25-20.26.58:340][ 33]LogUObjectGlobals: Created PersistentFrame Addr=0x000001a4310a9600, Size=1104, Default__Ue4ASP_Character_C Function /Game/AnimStarterPack/Ue4ASP_Character.Ue4ASP_Character_C:ExecuteUbergraph_Ue4ASP_Character
[2019.01.25-20.26.58:542][ 33]LogUObjectGlobals: Created PersistentFrame Addr=0x000001a4702caf00, Size=4, Default__Projectile_Base_C Function /Game/AnimStarterPack/Weapon/Projectile_Base.Projectile_Base_C:ExecuteUbergraph_Projectile_Base
[2019.01.25-20.26.58:606][ 33]LogUObjectGlobals: Created PersistentFrame Addr=0x000001a4742a9d00, Size=80, Default__Weapon_Base_C Function /Game/AnimStarterPack/Weapon/DC-15A/Weapon_Base.Weapon_Base_C:ExecuteUbergraph_Weapon_Base
[2019.01.25-20.26.58:612][ 33]LogUObjectGlobals: Created PersistentFrame Addr=0x000001a486757740, Size=320, Default__UE4ASP_HeroTPP_AnimBlueprint_C Function /Game/AnimStarterPack/UE4ASP_HeroTPP_AnimBlueprint.UE4ASP_HeroTPP_AnimBlueprint_C:ExecuteUbergraph_UE4ASP_HeroTPP_AnimBlueprint
[2019.01.25-20.26.58:695][ 33]LogUObjectGlobals: Destroyed PersistentFrame Addr=0x000001a4702caf00, Size=4
[2019.01.25-20.26.58:695][ 33]LogUObjectGlobals: Created PersistentFrame Addr=0x000001a487d8deb8, Size=4, Default__Projectile_Base_C Function /Engine/Transient.REINST_Projectile_Base_C_5:ExecuteUbergraph_Projectile_Base
[2019.01.25-20.26.58:697][ 33]LogUObjectGlobals: Destroyed PersistentFrame Addr=0x000001a486757740, Size=320
[2019.01.25-20.26.58:697][ 33]LogUObjectGlobals: Created PersistentFrame Addr=0x000001a48818bc40, Size=320, Default__UE4ASP_HeroTPP_AnimBlueprint_C Function /Engine/Transient.REINST_UE4ASP_HeroTPP_AnimBlueprint_C_0:ExecuteUbergraph_UE4ASP_HeroTPP_AnimBlueprint
[2019.01.25-20.26.58:697][ 33]LogUObjectGlobals: Destroyed PersistentFrame Addr=0x000001a4742a9d00, Size=80
[2019.01.25-20.26.58:697][ 33]LogUObjectGlobals: Created PersistentFrame Addr=0x000001a488349620, Size=80, Default__Weapon_Base_C Function /Engine/Transient.REINST_Weapon_Base_C_6:ExecuteUbergraph_Weapon_Base
[2019.01.25-20.26.58:698][ 33]LogUObjectGlobals: Destroyed PersistentFrame Addr=0x000001a4310a9600, Size=1104
[2019.01.25-20.26.58:698][ 33]LogUObjectGlobals: Created PersistentFrame Addr=0x000001a48b69f900, Size=1104, Default__Ue4ASP_Character_C Function /Engine/Transient.REINST_Ue4ASP_Character_C_7:ExecuteUbergraph_Ue4ASP_Character
[2019.01.25-20.26.58:739][ 33]LogUObjectGlobals: Created PersistentFrame Addr=0x000001a487d8c8a8, Size=4, Default__Projectile_Base_C Function /Game/AnimStarterPack/Weapon/Projectile_Base.Projectile_Base_C:ExecuteUbergraph_Projectile_Base
[2019.01.25-20.26.58:743][ 33]LogUObjectGlobals: Created PersistentFrame Addr=0x000001a435544cc0, Size=320, Default__UE4ASP_HeroTPP_AnimBlueprint_C Function /Game/AnimStarterPack/UE4ASP_HeroTPP_AnimBlueprint.UE4ASP_HeroTPP_AnimBlueprint_C:ExecuteUbergraph_UE4ASP_HeroTPP_AnimBlueprint
[2019.01.25-20.26.58:745][ 33]LogUObjectGlobals: Created PersistentFrame Addr=0x000001a435ad2de0, Size=80, Default__Weapon_Base_C Function /Game/AnimStarterPack/Weapon/DC-15A/Weapon_Base.Weapon_Base_C:ExecuteUbergraph_Weapon_Base
[2019.01.25-20.26.58:748][ 33]LogUObjectGlobals: Created PersistentFrame Addr=0x000001a435a74100, Size=1104, Default__Ue4ASP_Character_C Function /Game/AnimStarterPack/Ue4ASP_Character.Ue4ASP_Character_C:ExecuteUbergraph_Ue4ASP_Character
[2019.01.25-20.26.59:342][ 33]LogSkeletalMesh: Skeletal Mesh found in DDC [29.445353ms] /Game/AnimStarterPack/Weapon/DC-15A/DC-15A_UE4.DC-15A_UE4
[2019.01.25-20.27.00:103][ 33]LogLoad: Game class is 'ThirdPersonGameMode_C'
[2019.01.25-20.27.00:128][ 33]LogWorld: Bringing World /Game/ThirdPersonBP/Maps/UEDPIE_0_ThirdPersonExampleMap.ThirdPersonExampleMap up for play (max tick rate 0) at 2019.01.25-20.27.00
[2019.01.25-20.27.00:128][ 33]LogWorld: Bringing up level for play took: 0.002277
[2019.01.25-20.27.00:204][ 33]LogContentBrowser: Native class hierarchy updated for 'MovieSceneCapture' in 0.0005 seconds. Added 11 classes and 0 folders.
[2019.01.25-20.27.00:235][ 33]PIE: Play in editor start time for /Game/ThirdPersonBP/Maps/UEDPIE_0_ThirdPersonExampleMap 3.949
[2019.01.25-20.27.00:235][ 33]LogBlueprintUserMessages: Late PlayInEditor Detection: Level '/Game/ThirdPersonBP/Maps/ThirdPersonExampleMap.ThirdPersonExampleMap:PersistentLevel' has LevelScriptBlueprint '/Game/ThirdPersonBP/Maps/ThirdPersonExampleMap.ThirdPersonExampleMap:PersistentLevel.ThirdPersonExampleMap' with GeneratedClass '/Game/ThirdPersonBP/Maps/ThirdPersonExampleMap.ThirdPersonExampleMap_C' with ClassGeneratedBy '/Game/ThirdPersonBP/Maps/ThirdPersonExampleMap.ThirdPersonExampleMap:PersistentLevel.ThirdPersonExampleMap'
[2019.01.25-20.27.14:985][779]LogBlueprintUserMessages: Early EndPlayMap Detection: Level '/Game/ThirdPersonBP/Maps/ThirdPersonExampleMap.ThirdPersonExampleMap:PersistentLevel' has LevelScriptBlueprint '/Game/ThirdPersonBP/Maps/ThirdPersonExampleMap.ThirdPersonExampleMap:PersistentLevel.ThirdPersonExampleMap' with GeneratedClass '/Game/ThirdPersonBP/Maps/ThirdPersonExampleMap.ThirdPersonExampleMap_C' with ClassGeneratedBy '/Game/ThirdPersonBP/Maps/ThirdPersonExampleMap.ThirdPersonExampleMap:PersistentLevel.ThirdPersonExampleMap'
[2019.01.25-20.27.15:021][779]LogBlueprintUserMessages: Late EndPlayMap Detection: Level '/Game/ThirdPersonBP/Maps/ThirdPersonExampleMap.ThirdPersonExampleMap:PersistentLevel' has LevelScriptBlueprint '/Game/ThirdPersonBP/Maps/ThirdPersonExampleMap.ThirdPersonExampleMap:PersistentLevel.ThirdPersonExampleMap' with GeneratedClass '/Game/ThirdPersonBP/Maps/ThirdPersonExampleMap.ThirdPersonExampleMap_C' with ClassGeneratedBy '/Game/ThirdPersonBP/Maps/ThirdPersonExampleMap.ThirdPersonExampleMap:PersistentLevel.ThirdPersonExampleMap'
[2019.01.25-20.27.15:034][779]LogUObjectGlobals: Destroyed PersistentFrame Addr=0x000001a488349620, Size=80
[2019.01.25-20.27.15:035][779]LogUObjectGlobals: Destroyed PersistentFrame Addr=0x000001a487d8deb8, Size=4
[2019.01.25-20.27.15:035][779]LogUObjectGlobals: Destroyed PersistentFrame Addr=0x000001a48b69f900, Size=1104
[2019.01.25-20.27.15:035][779]LogUObjectGlobals: Destroyed PersistentFrame Addr=0x000001a48818bc40, Size=320
[2019.01.25-20.48.58:325][855]LogSlate: FSceneViewport::OnFocusLost() reason 0
[2019.01.25-20.54.14:755][420]LogEditorViewport: Clicking on Actor (LMB): StaticMeshActor (Floor)
[2019.01.25-20.54.15:457][480]LogSlate: FSceneViewport::OnFocusLost() reason 0
[2019.01.25-20.54.16:837][604]LogTemp: Repeating last play command: Selected Viewport
[2019.01.25-20.54.16:853][604]LogBlueprintUserMessages: Early PlayInEditor Detection: Level '/Game/ThirdPersonBP/Maps/ThirdPersonExampleMap.ThirdPersonExampleMap:PersistentLevel' has LevelScriptBlueprint '/Game/ThirdPersonBP/Maps/ThirdPersonExampleMap.ThirdPersonExampleMap:PersistentLevel.ThirdPersonExampleMap' with GeneratedClass '/Game/ThirdPersonBP/Maps/ThirdPersonExampleMap.ThirdPersonExampleMap_C' with ClassGeneratedBy '/Game/ThirdPersonBP/Maps/ThirdPersonExampleMap.ThirdPersonExampleMap:PersistentLevel.ThirdPersonExampleMap'
[2019.01.25-20.54.16:853][604]LogPlayLevel: PlayLevel: No blueprints needed recompiling
[2019.01.25-20.54.16:854][604]PIE: New page: PIE session: ThirdPersonExampleMap (25 Jan 2019 20:54:16)
[2019.01.25-20.54.16:854][604]LogPlayLevel: Creating play world package: /Game/ThirdPersonBP/Maps/UEDPIE_0_ThirdPersonExampleMap
[2019.01.25-20.54.16:872][604]LogPlayLevel: PIE: StaticDuplicateObject took: (0.018490s)
[2019.01.25-20.54.16:873][604]LogAIModule: Creating AISystem for world ThirdPersonExampleMap
[2019.01.25-20.54.16:873][604]LogPlayLevel: PIE: World Init took: (0.000775s)
[2019.01.25-20.54.16:873][604]LogPlayLevel: PIE: Created PIE world by copying editor world from /Game/ThirdPersonBP/Maps/ThirdPersonExampleMap.ThirdPersonExampleMap to /Game/ThirdPersonBP/Maps/UEDPIE_0_ThirdPersonExampleMap.ThirdPersonExampleMap (0.019434s)
[2019.01.25-20.54.16:970][604]LogInit: XAudio2 using 'Speakers (2- Plantronics GameCom 780)' : 2 channels at 48 kHz using 16 bits per sample (channel mask 0x3)
[2019.01.25-20.54.16:982][604]LogInit: FAudioDevice initialized.
[2019.01.25-20.54.17:016][604]LogLoad: Game class is 'ThirdPersonGameMode_C'
[2019.01.25-20.54.17:018][604]LogWorld: Bringing World /Game/ThirdPersonBP/Maps/UEDPIE_0_ThirdPersonExampleMap.ThirdPersonExampleMap up for play (max tick rate 0) at 2019.01.25-20.54.17
[2019.01.25-20.54.17:019][604]LogWorld: Bringing up level for play took: 0.002237
[2019.01.25-20.54.17:021][604]PIE: Play in editor start time for /Game/ThirdPersonBP/Maps/UEDPIE_0_ThirdPersonExampleMap 0.736
[2019.01.25-20.54.17:022][604]LogBlueprintUserMessages: Late PlayInEditor Detection: Level '/Game/ThirdPersonBP/Maps/ThirdPersonExampleMap.ThirdPersonExampleMap:PersistentLevel' has LevelScriptBlueprint '/Game/ThirdPersonBP/Maps/ThirdPersonExampleMap.ThirdPersonExampleMap:PersistentLevel.ThirdPersonExampleMap' with GeneratedClass '/Game/ThirdPersonBP/Maps/ThirdPersonExampleMap.ThirdPersonExampleMap_C' with ClassGeneratedBy '/Game/ThirdPersonBP/Maps/ThirdPersonExampleMap.ThirdPersonExampleMap:PersistentLevel.ThirdPersonExampleMap'
[2019.01.25-20.54.28:111][929]LogCharacter: Ue4ASP_Character_C_0 is trying to crouch, but crouching is disabled on this character! (check CharacterMovement NavAgentSettings)
[2019.01.25-20.54.42:386][639]LogBlueprintUserMessages: Early EndPlayMap Detection: Level '/Game/ThirdPersonBP/Maps/ThirdPersonExampleMap.ThirdPersonExampleMap:PersistentLevel' has LevelScriptBlueprint '/Game/ThirdPersonBP/Maps/ThirdPersonExampleMap.ThirdPersonExampleMap:PersistentLevel.ThirdPersonExampleMap' with GeneratedClass '/Game/ThirdPersonBP/Maps/ThirdPersonExampleMap.ThirdPersonExampleMap_C' with ClassGeneratedBy '/Game/ThirdPersonBP/Maps/ThirdPersonExampleMap.ThirdPersonExampleMap:PersistentLevel.ThirdPersonExampleMap'
[2019.01.25-20.54.42:421][639]LogBlueprintUserMessages: Late EndPlayMap Detection: Level '/Game/ThirdPersonBP/Maps/ThirdPersonExampleMap.ThirdPersonExampleMap:PersistentLevel' has LevelScriptBlueprint '/Game/ThirdPersonBP/Maps/ThirdPersonExampleMap.ThirdPersonExampleMap:PersistentLevel.ThirdPersonExampleMap' with GeneratedClass '/Game/ThirdPersonBP/Maps/ThirdPersonExampleMap.ThirdPersonExampleMap_C' with ClassGeneratedBy '/Game/ThirdPersonBP/Maps/ThirdPersonExampleMap.ThirdPersonExampleMap:PersistentLevel.ThirdPersonExampleMap'
[2019.01.25-20.54.45:003][941]LogSlate: FSceneViewport::OnFocusLost() reason 0
[2019.01.25-20.54.47:606][118]LogContentBrowser: Native class hierarchy updated for 'BlueprintGraph' in 0.0008 seconds. Added 116 classes and 0 folders.
[2019.01.25-20.54.47:877][118]LogUObjectGlobals: Created PersistentFrame Addr=0x000001a482621750, Size=4, Default__SKEL_PROTO_BP_AnimBlueprint_0_C Function /Engine/Transient.SKEL_PROTO_BP_AnimBlueprint_0_C:ExecuteUbergraph_PROTO_BP_AnimBlueprint_0
[2019.01.25-20.54.47:879][118]LogUObjectGlobals: Created PersistentFrame Addr=0x000001a482621748, Size=4, Default__PROTO_BP_AnimBlueprint_0_C Function /Engine/Transient.PROTO_BP_AnimBlueprint_0_C:ExecuteUbergraph_PROTO_BP_AnimBlueprint_0
[2019.01.25-20.54.49:064][119]LogSlate: Took 0.027888 seconds to synchronously load lazily loaded font '../../../Engine/Content/Slate/Fonts/Roboto-Italic.ttf' (157K)
[2019.01.25-20.54.51:626][259]LogRenderer: Reallocating scene render targets to support 1360x800 Format 10 NumSamples 1 (Frame:1).
[2019.01.25-20.55.08:125][393]LogSlate: FSceneViewport::OnFocusLost() reason 0
[2019.01.25-20.56.08:262][301]LogSlate: FSceneViewport::OnFocusLost() reason 2
[2019.01.25-20.58.56:727][654]LogSlate: FSceneViewport::OnFocusLost() reason 0
[2019.01.25-20.59.57:489][696]LogSlate: FSceneViewport::OnFocusLost() reason 0
[2019.01.25-21.00.12:393][713]LogSlate: FSceneViewport::OnFocusLost() reason 0
[2019.01.25-21.00.21:014][268]LogUObjectGlobals: Created PersistentFrame Addr=0x000001a49272df68, Size=4, Default__SKEL_Ue4ASP_Character_C Function /Game/AnimStarterPack/Ue4ASP_Character.SKEL_Ue4ASP_Character_C:ExecuteUbergraph_Ue4ASP_Character
[2019.01.25-21.00.23:151][406]LogClass: Warning: In asset 'None', there is an enum property of type 'EAnimationMode' with an invalid value of ''
[2019.01.25-21.00.23:151][406]LogClass: Warning: In asset 'None', there is an enum property of type 'EAnimationMode' with an invalid value of ''
[2019.01.25-21.00.28:894][768]LogSlate: FSceneViewport::OnFocusLost() reason 0
[2019.01.25-21.00.32:127][988]LogUObjectGlobals: Destroyed PersistentFrame Addr=0x000001a49272df68, Size=4
[2019.01.25-21.00.32:128][988]LogUObjectGlobals: Created PersistentFrame Addr=0x000001a486428818, Size=4, Default__SKEL_Ue4ASP_Character_C Function /Engine/Transient.REINST_SKEL_Ue4ASP_Character_C_28:ExecuteUbergraph_Ue4ASP_Character
[2019.01.25-21.00.32:132][988]LogUObjectGlobals: Created PersistentFrame Addr=0x000001a4864298e0, Size=4, Default__SKEL_Ue4ASP_Character_C Function /Game/AnimStarterPack/Ue4ASP_Character.SKEL_Ue4ASP_Character_C:ExecuteUbergraph_Ue4ASP_Character
[2019.01.25-21.01.00:082][237]LogUObjectGlobals: Destroyed PersistentFrame Addr=0x000001a486428818, Size=4
[2019.01.25-21.01.00:084][237]LogFileHelpers: Editor autosave (incl. sublevels) for '/Game/ThirdPersonBP/Maps/ThirdPersonExampleMap' took 0.024
[2019.01.25-21.01.00:506][237]OBJ SavePackage: Generating thumbnails for [1] asset(s) in package [/Game/AnimStarterPack/Ue4ASP_Character] ([1] browsable assets)...
[2019.01.25-21.01.00:521][237]OBJ SavePackage:     Rendered thumbnail for [Blueprint /Game/AnimStarterPack/Ue4ASP_Character.Ue4ASP_Character]
[2019.01.25-21.01.00:521][237]OBJ SavePackage: Finished generating thumbnails for package [/Game/AnimStarterPack/Ue4ASP_Character]
[2019.01.25-21.01.00:766][237]LogSavePackage: Save=120.21ms
[2019.01.25-21.01.00:767][237]LogSavePackage: Moving '../../../Interstella Conflict/MyProject/Saved/Ue4ASP_Character_Auto1165BA42448A046F8388429BAC7D73E33.tmp' to '../../../Interstella Conflict/MyProject/Saved/Autosaves/Game/AnimStarterPack/Ue4ASP_Character_Auto1.uasset'
[2019.01.25-21.01.00:775][237]LogSavePackage: Display: Finished SavePackage ../../../Interstella Conflict/MyProject/Saved/Autosaves/Game/AnimStarterPack/Ue4ASP_Character_Auto1.uasset
[2019.01.25-21.01.00:775][237]LogFileHelpers: Auto-saving content packages took 0.691
[2019.01.25-21.01.13:551][907]LogSlate: FSceneViewport::OnFocusLost() reason 0
[2019.01.25-21.01.19:165][266]LogUObjectGlobals: Destroyed PersistentFrame Addr=0x000001a4864298e0, Size=4
[2019.01.25-21.01.19:165][266]LogUObjectGlobals: Created PersistentFrame Addr=0x000001a49272ec08, Size=4, Default__SKEL_Ue4ASP_Character_C Function /Engine/Transient.REINST_SKEL_Ue4ASP_Character_C_30:ExecuteUbergraph_Ue4ASP_Character
[2019.01.25-21.01.19:170][266]LogUObjectGlobals: Created PersistentFrame Addr=0x000001a49272e1b8, Size=4, Default__SKEL_Ue4ASP_Character_C Function /Game/AnimStarterPack/Ue4ASP_Character.SKEL_Ue4ASP_Character_C:ExecuteUbergraph_Ue4ASP_Character
[2019.01.25-21.01.20:970][377]LogSlate: FSceneViewport::OnFocusLost() reason 2
[2019.01.25-21.01.28:283][710]LogSlate: FSceneViewport::OnFocusLost() reason 0
[2019.01.25-21.01.32:897][999]LogSlate: FSceneViewport::OnFocusLost() reason 0
[2019.01.25-21.01.37:398][302]LogSlate: FSceneViewport::OnFocusLost() reason 0
[2019.01.25-21.01.45:087][783]LogSlate: FSceneViewport::OnFocusLost() reason 0
[2019.01.25-21.01.47:130][922]LogUObjectGlobals: Destroyed PersistentFrame Addr=0x000001a49272e1b8, Size=4
[2019.01.25-21.01.47:130][922]LogUObjectGlobals: Created PersistentFrame Addr=0x000001a420bdba70, Size=4, Default__SKEL_Ue4ASP_Character_C Function /Engine/Transient.REINST_SKEL_Ue4ASP_Character_C_32:ExecuteUbergraph_Ue4ASP_Character
[2019.01.25-21.01.47:134][922]LogUObjectGlobals: Created PersistentFrame Addr=0x000001a420bd9b28, Size=4, Default__SKEL_Ue4ASP_Character_C Function /Game/AnimStarterPack/Ue4ASP_Character.SKEL_Ue4ASP_Character_C:ExecuteUbergraph_Ue4ASP_Character
[2019.01.25-21.02.02:504][956]LogSlate: FSceneViewport::OnFocusLost() reason 0
[2019.01.25-21.02.07:427][289]LogSlate: FSceneViewport::OnFocusLost() reason 0
[2019.01.25-21.02.20:587][141]LogSlate: FSceneViewport::OnFocusLost() reason 0
[2019.01.25-21.02.29:106][724]LogSlate: FSceneViewport::OnFocusLost() reason 0
[2019.01.25-21.02.37:026][268]LogSlate: FSceneViewport::OnFocusLost() reason 0
[2019.01.25-21.02.37:069][271]BlueprintLog: New page: Compile Ue4ASP_Character
[2019.01.25-21.02.37:094][271]LogUObjectGlobals: Destroyed PersistentFrame Addr=0x000001a420bd9b28, Size=4
[2019.01.25-21.02.37:094][271]LogUObjectGlobals: Created PersistentFrame Addr=0x000001a48d899f78, Size=4, Default__SKEL_Ue4ASP_Character_C Function /Engine/Transient.REINST_SKEL_Ue4ASP_Character_C_34:ExecuteUbergraph_Ue4ASP_Character
[2019.01.25-21.02.37:126][271]LogUObjectGlobals: Destroyed PersistentFrame Addr=0x000001a435a74100, Size=1104
[2019.01.25-21.02.37:126][271]LogUObjectGlobals: Created PersistentFrame Addr=0x000001a490bb4800, Size=1104, Default__Ue4ASP_Character_C Function /Engine/Transient.REINST_Ue4ASP_Character_C_37:ExecuteUbergraph_Ue4ASP_Character
[2019.01.25-21.02.37:138][271]LogUObjectGlobals: Created PersistentFrame Addr=0x000001a4949c3900, Size=1104, Default__Ue4ASP_Character_C Function /Game/AnimStarterPack/Ue4ASP_Character.Ue4ASP_Character_C:ExecuteUbergraph_Ue4ASP_Character
[2019.01.25-21.02.37:456][271]LogUObjectGlobals: Destroyed PersistentFrame Addr=0x000001a420bdba70, Size=4
[2019.01.25-21.02.37:456][271]LogUObjectGlobals: Destroyed PersistentFrame Addr=0x000001a48d899f78, Size=4
[2019.01.25-21.11.01:086][267]LogFileHelpers: Editor autosave (incl. sublevels) for '/Game/ThirdPersonBP/Maps/ThirdPersonExampleMap' took 0.024
[2019.01.25-21.11.01:089][267]OBJ SavePackage: Generating thumbnails for [1] asset(s) in package [/Game/AnimStarterPack/Ue4ASP_Character] ([1] browsable assets)...
[2019.01.25-21.11.01:121][267]OBJ SavePackage:     Rendered thumbnail for [Blueprint /Game/AnimStarterPack/Ue4ASP_Character.Ue4ASP_Character]
[2019.01.25-21.11.01:121][267]OBJ SavePackage: Finished generating thumbnails for package [/Game/AnimStarterPack/Ue4ASP_Character]
[2019.01.25-21.11.01:245][267]LogSavePackage: Save=108.96ms
[2019.01.25-21.11.01:245][267]LogSavePackage: Moving '../../../Interstella Conflict/MyProject/Saved/Ue4ASP_Character_Auto2C7E7FCB645C7EFC62FAE2297F8488D26.tmp' to '../../../Interstella Conflict/MyProject/Saved/Autosaves/Game/AnimStarterPack/Ue4ASP_Character_Auto2.uasset'
[2019.01.25-21.11.01:752][267]LogSavePackage: Display: Finished SavePackage ../../../Interstella Conflict/MyProject/Saved/Autosaves/Game/AnimStarterPack/Ue4ASP_Character_Auto2.uasset
[2019.01.25-21.11.01:752][267]LogFileHelpers: Auto-saving content packages took 0.665
[2019.01.25-23.00.43:992][760]LogSlate: FSceneViewport::OnFocusLost() reason 0
[2019.01.25-23.00.53:702][438]LogSlate: FSceneViewport::OnFocusLost() reason 0
[2019.01.25-23.01.05:872][292]LogSlate: FSceneViewport::OnFocusLost() reason 0
[2019.01.25-23.01.18:653][162]LogUObjectGlobals: Created PersistentFrame Addr=0x000001a49272d950, Size=4, Default__SKEL_Ue4ASP_Character_C Function /Game/AnimStarterPack/Ue4ASP_Character.SKEL_Ue4ASP_Character_C:ExecuteUbergraph_Ue4ASP_Character
[2019.01.25-23.01.22:545][426]BlueprintLog: New page: Compile Ue4ASP_Character
[2019.01.25-23.01.22:573][426]LogUObjectGlobals: Destroyed PersistentFrame Addr=0x000001a49272d950, Size=4
[2019.01.25-23.01.22:573][426]LogUObjectGlobals: Created PersistentFrame Addr=0x000001a420bda230, Size=4, Default__SKEL_Ue4ASP_Character_C Function /Engine/Transient.REINST_SKEL_Ue4ASP_Character_C_41:ExecuteUbergraph_Ue4ASP_Character
[2019.01.25-23.01.22:601][426]LogUObjectGlobals: Destroyed PersistentFrame Addr=0x000001a4949c3900, Size=1104
[2019.01.25-23.01.22:601][426]LogUObjectGlobals: Created PersistentFrame Addr=0x000001a492284800, Size=1104, Ue4ASP_Character_C_5887 Function /Engine/Transient.REINST_Ue4ASP_Character_C_44:ExecuteUbergraph_Ue4ASP_Character
[2019.01.25-23.01.22:614][426]LogUObjectGlobals: Created PersistentFrame Addr=0x000001a490788f00, Size=1104, Default__Ue4ASP_Character_C Function /Game/AnimStarterPack/Ue4ASP_Character.Ue4ASP_Character_C:ExecuteUbergraph_Ue4ASP_Character
[2019.01.25-23.01.22:910][426]LogUObjectGlobals: Destroyed PersistentFrame Addr=0x000001a420bda230, Size=4
[2019.01.25-23.03.17:511][ 86]LogFileHelpers: Editor autosave (incl. sublevels) for '/Game/ThirdPersonBP/Maps/ThirdPersonExampleMap' took 0.023
[2019.01.25-23.03.17:514][ 86]OBJ SavePackage: Generating thumbnails for [1] asset(s) in package [/Game/AnimStarterPack/Ue4ASP_Character] ([1] browsable assets)...
[2019.01.25-23.03.17:526][ 86]OBJ SavePackage:     Rendered thumbnail for [Blueprint /Game/AnimStarterPack/Ue4ASP_Character.Ue4ASP_Character]
[2019.01.25-23.03.17:527][ 86]OBJ SavePackage: Finished generating thumbnails for package [/Game/AnimStarterPack/Ue4ASP_Character]
[2019.01.25-23.03.18:073][ 86]LogSavePackage: Save=107.19ms
[2019.01.25-23.03.18:073][ 86]LogSavePackage: Moving '../../../Interstella Conflict/MyProject/Saved/Ue4ASP_Character_Auto3FEAF48944CAAA8F1DDE59088265D57D9.tmp' to '../../../Interstella Conflict/MyProject/Saved/Autosaves/Game/AnimStarterPack/Ue4ASP_Character_Auto3.uasset'
[2019.01.25-23.03.18:079][ 86]LogSavePackage: Display: Finished SavePackage ../../../Interstella Conflict/MyProject/Saved/Autosaves/Game/AnimStarterPack/Ue4ASP_Character_Auto3.uasset
[2019.01.25-23.03.18:079][ 86]LogFileHelpers: Auto-saving content packages took 0.568
[2019.01.25-23.21.53:051][949]LogSlate: Window 'Ue4ASP_Character*' being destroyed
[2019.01.25-23.21.53:057][949]LogSlate: Window 'Ue4ASP_Character*' being destroyed
[2019.01.25-23.21.56:416][104]LogSlate: Window 'Save Content' being destroyed
[2019.01.25-23.21.56:646][104]Cmd: OBJ SAVEPACKAGE PACKAGE="/Game/AnimStarterPack/Ue4ASP_Character" FILE="../../../Interstella Conflict/MyProject/Content/AnimStarterPack/Ue4ASP_Character.uasset" SILENT=true
[2019.01.25-23.21.56:772][104]LogSavePackage: Save=110.08ms
[2019.01.25-23.21.56:772][104]LogSavePackage: Moving '../../../Interstella Conflict/MyProject/Saved/Ue4ASP_CharacterE675C6D841EAECC98FE1C29F62EE3400.tmp' to '../../../Interstella Conflict/MyProject/Content/AnimStarterPack/Ue4ASP_Character.uasset'
[2019.01.25-23.21.56:776][104]LogSavePackage: Display: Finished SavePackage ../../../Interstella Conflict/MyProject/Content/AnimStarterPack/Ue4ASP_Character.uasset
[2019.01.25-23.21.56:888][104]LogSlate: Window 'MyProject - Unreal Editor' being destroyed
[2019.01.25-23.21.56:889][104]LogWindowsTextInputMethodSystem: Display: IME system now deactivated.
[2019.01.25-23.21.57:263][105]Cmd: QUIT_EDITOR
[2019.01.25-23.21.57:830][105]LogSlate: Slate User Destroyed.  User Index 0, Is Virtual User: 0
[2019.01.25-23.21.57:831][105]LogExit: Preparing to exit.
[2019.01.25-23.21.58:587][105]LogDirectoryWatcher: A directory notification for 'U:/UE_4.19/Interstella Conflict/MyProject/Content/' was aborted.
[2019.01.25-23.21.58:908][105]LogExit: Editor shut down
[2019.01.25-23.21.58:997][105]LogExit: Transaction tracking system shut down
[2019.01.25-23.21.59:016][105]LogUObjectGlobals: Destroyed PersistentFrame Addr=0x000001a487d8c8a8, Size=4
[2019.01.25-23.21.59:016][105]LogUObjectGlobals: Destroyed PersistentFrame Addr=0x000001a435544cc0, Size=320
[2019.01.25-23.21.59:016][105]LogUObjectGlobals: Destroyed PersistentFrame Addr=0x000001a435ad2de0, Size=80
[2019.01.25-23.21.59:019][105]LogUObjectGlobals: Destroyed PersistentFrame Addr=0x000001a490bb4800, Size=1104
[2019.01.25-23.21.59:026][105]LogUObjectGlobals: Destroyed PersistentFrame Addr=0x000001a490788f00, Size=1104
[2019.01.25-23.21.59:026][105]LogUObjectGlobals: Destroyed PersistentFrame Addr=0x000001a482621750, Size=4
[2019.01.25-23.21.59:026][105]LogUObjectGlobals: Destroyed PersistentFrame Addr=0x000001a482621748, Size=4
[2019.01.25-23.21.59:028][105]LogUObjectGlobals: Destroyed PersistentFrame Addr=0x000001a49272ec08, Size=4
[2019.01.25-23.21.59:028][105]LogUObjectGlobals: Destroyed PersistentFrame Addr=0x000001a492284800, Size=1104
[2019.01.25-23.21.59:296][105]LogDirectoryWatcher: A directory notification for '../../../Engine/Content/' was aborted.
[2019.01.25-23.21.59:296][105]LogDirectoryWatcher: A directory notification for '../../../Interstella Conflict/MyProject/Content/' was aborted.
[2019.01.25-23.21.59:297][105]LogDirectoryWatcher: A directory notification for '../../Plugins/2D/Paper2D/Content/' was aborted.
[2019.01.25-23.21.59:297][105]LogDirectoryWatcher: A directory notification for '../../Plugins/Enterprise/DatasmithContent/Content/' was aborted.
[2019.01.25-23.21.59:297][105]LogDirectoryWatcher: A directory notification for '../../Plugins/Media/MediaCompositing/Content/' was aborted.
[2019.01.25-23.21.59:297][105]LogDirectoryWatcher: A directory notification for '../../Plugins/Runtime/AppleARKit/Content/' was aborted.
[2019.01.25-23.21.59:297][105]LogDirectoryWatcher: A directory notification for '../../Plugins/Runtime/Oculus/OculusVR/Content/' was aborted.
[2019.01.25-23.21.59:297][105]LogDirectoryWatcher: A directory notification for '../../Plugins/Runtime/Steam/SteamVR/Content/' was aborted.
[2019.01.25-23.21.59:654][105]LogExit: Object subsystem successfully closed.
[2019.01.25-23.21.59:677][105]LogShaderCompilers: Display: Shaders left to compile 0
[2019.01.25-23.21.59:690][105]LogD3D11RHI: Shutdown
[2019.01.25-23.21.59:690][105]LogD3D11RHI: CleanupD3DDevice
[2019.01.25-23.21.59:703][105]LogD3D11RHI: ~FD3D11DynamicRHI
[2019.01.25-23.21.59:733][105]LogModuleManager: Shutting down and abandoning module BlueprintGraph (578)
[2019.01.25-23.21.59:733][105]LogModuleManager: Shutting down and abandoning module MovieSceneCapture (576)
[2019.01.25-23.21.59:749][105]LogModuleManager: Shutting down and abandoning module HierarchicalLODOutliner (574)
[2019.01.25-23.21.59:749][105]LogModuleManager: Shutting down and abandoning module SceneOutliner (572)
[2019.01.25-23.21.59:759][105]LogModuleManager: Shutting down and abandoning module AddContentDialog (570)
[2019.01.25-23.21.59:773][105]LogDirectoryWatcher: A directory notification for 'U:/UE_4.19/FeaturePacks/' was aborted.
[2019.01.25-23.21.59:786][105]LogModuleManager: Shutting down and abandoning module WidgetCarousel (569)
[2019.01.25-23.21.59:786][105]LogModuleManager: Shutting down and abandoning module EditorWidgets (566)
[2019.01.25-23.21.59:786][105]LogModuleManager: Shutting down and abandoning module CollectionManager (564)
[2019.01.25-23.21.59:786][105]LogDirectoryWatcher: A directory notification for 'U:/UE_4.19/Interstella Conflict/MyProject/Content/Collections/' was aborted.
[2019.01.25-23.21.59:786][105]LogDirectoryWatcher: A directory notification for 'U:/UE_4.19/Interstella Conflict/MyProject/Content/Developers/atomi/Collections/' was aborted.
[2019.01.25-23.21.59:787][105]LogDirectoryWatcher: A directory notification for 'U:/UE_4.19/Interstella Conflict/MyProject/Saved/Collections/' was aborted.
[2019.01.25-23.21.59:787][105]LogModuleManager: Shutting down and abandoning module StatsViewer (562)
[2019.01.25-23.21.59:787][105]LogModuleManager: Shutting down and abandoning module FoliageEdit (560)
[2019.01.25-23.21.59:787][105]LogModuleManager: Shutting down and abandoning module LandscapeEditor (558)
[2019.01.25-23.21.59:788][105]LogModuleManager: Shutting down and abandoning module MeshPaintMode (556)
[2019.01.25-23.21.59:788][105]LogModuleManager: Shutting down and abandoning module SceneDepthPickerMode (554)
[2019.01.25-23.21.59:788][105]LogModuleManager: Shutting down and abandoning module ActorPickerMode (552)
[2019.01.25-23.21.59:788][105]LogModuleManager: Shutting down and abandoning module GeometryMode (550)
[2019.01.25-23.21.59:788][105]LogModuleManager: Shutting down and abandoning module TextureAlignMode (548)
[2019.01.25-23.21.59:788][105]LogModuleManager: Shutting down and abandoning module BspMode (546)
[2019.01.25-23.21.59:788][105]LogModuleManager: Shutting down and abandoning module PIEPreviewDeviceProfileSelector (544)
[2019.01.25-23.21.59:788][105]LogModuleManager: Shutting down and abandoning module HardwareSurvey (542)
[2019.01.25-23.21.59:788][105]LogModuleManager: Shutting down and abandoning module SequenceRecorderSections (540)
[2019.01.25-23.21.59:788][105]LogModuleManager: Shutting down and abandoning module AutomationWorker (538)
[2019.01.25-23.21.59:788][105]LogModuleManager: Shutting down and abandoning module AudioCaptureEditor (536)
[2019.01.25-23.21.59:788][105]LogModuleManager: Shutting down and abandoning module SequenceRecorder (535)
[2019.01.25-23.21.59:788][105]LogModuleManager: Shutting down and abandoning module MatineeToLevelSequence (532)
[2019.01.25-23.21.59:788][105]LogModuleManager: Shutting down and abandoning module LevelSequenceEditor (530)
[2019.01.25-23.21.59:789][105]LogModuleManager: Shutting down and abandoning module PlacementMode (529)
[2019.01.25-23.21.59:789][105]LogModuleManager: Shutting down and abandoning module MaterialEditor (528)
[2019.01.25-23.21.59:789][105]LogModuleManager: Shutting down and abandoning module WmfMediaFactory (524)
[2019.01.25-23.21.59:789][105]LogModuleManager: Shutting down and abandoning module WmfMediaEditor (522)
[2019.01.25-23.21.59:789][105]LogModuleManager: Shutting down and abandoning module MediaPlayerEditor (520)
[2019.01.25-23.21.59:789][105]LogModuleManager: Shutting down and abandoning module OpenExrWrapper (518)
[2019.01.25-23.21.59:789][105]LogModuleManager: Shutting down and abandoning module ImgMediaFactory (516)
[2019.01.25-23.21.59:789][105]LogModuleManager: Shutting down and abandoning module ImgMediaEditor (514)
[2019.01.25-23.21.59:789][105]LogModuleManager: Shutting down and abandoning module AvfMediaFactory (512)
[2019.01.25-23.21.59:789][105]LogModuleManager: Shutting down and abandoning module AvfMediaEditor (510)
[2019.01.25-23.21.59:789][105]LogModuleManager: Shutting down and abandoning module AndroidMediaFactory (508)
[2019.01.25-23.21.59:789][105]LogModuleManager: Shutting down and abandoning module AndroidMediaEditor (506)
[2019.01.25-23.21.59:789][105]LogModuleManager: Shutting down and abandoning module CharacterAI (504)
[2019.01.25-23.21.59:789][105]LogModuleManager: Shutting down and abandoning module SmartSnapping (502)
[2019.01.25-23.21.59:789][105]LogModuleManager: Shutting down and abandoning module SessionServices (500)
[2019.01.25-23.21.59:789][105]LogModuleManager: Shutting down and abandoning module ViewportSnapping (498)
[2019.01.25-23.21.59:789][105]LogModuleManager: Shutting down and abandoning module ViewportInteraction (496)
[2019.01.25-23.21.59:789][105]LogModuleManager: Shutting down and abandoning module ClothPainter (494)
[2019.01.25-23.21.59:789][105]LogModuleManager: Shutting down and abandoning module SkeletalMeshEditor (493)
[2019.01.25-23.21.59:789][105]LogModuleManager: Shutting down and abandoning module LogVisualizer (490)
[2019.01.25-23.21.59:789][105]LogModuleManager: Shutting down and abandoning module IntroTutorials (488)
[2019.01.25-23.21.59:801][105]LogModuleManager: Shutting down and abandoning module GameProjectGeneration (487)
[2019.01.25-23.21.59:801][105]LogModuleManager: Shutting down and abandoning module IOSPlatformEditor (484)
[2019.01.25-23.21.59:801][105]LogModuleManager: Shutting down and abandoning module HTML5PlatformEditor (482)
[2019.01.25-23.21.59:801][105]LogModuleManager: Shutting down and abandoning module AndroidPlatformEditor (480)
[2019.01.25-23.21.59:801][105]LogModuleManager: Shutting down and abandoning module AndroidDeviceDetection (479)
[2019.01.25-23.22.00:664][105]LogModuleManager: Shutting down and abandoning module WindowsPlatformEditor (476)
[2019.01.25-23.22.00:665][105]LogModuleManager: Shutting down and abandoning module IOSRuntimeSettings (474)
[2019.01.25-23.22.00:665][105]LogModuleManager: Shutting down and abandoning module AndroidRuntimeSettings (472)
[2019.01.25-23.22.00:665][105]LogModuleManager: Shutting down and abandoning module InputBindingEditor (470)
[2019.01.25-23.22.00:665][105]LogModuleManager: Shutting down and abandoning module MergeActors (468)
[2019.01.25-23.22.00:665][105]LogModuleManager: Shutting down and abandoning module LocalizationDashboard (466)
[2019.01.25-23.22.00:665][105]LogModuleManager: Shutting down and abandoning module LocalizationService (465)
[2019.01.25-23.22.00:665][105]LogModuleManager: Shutting down and abandoning module HardwareTargeting (462)
[2019.01.25-23.22.00:665][105]LogModuleManager: Shutting down and abandoning module DeviceProfileEditor (460)
[2019.01.25-23.22.00:665][105]LogModuleManager: Shutting down and abandoning module UndoHistory (458)
[2019.01.25-23.22.00:665][105]LogModuleManager: Shutting down and abandoning module XmlParser (456)
[2019.01.25-23.22.00:665][105]LogModuleManager: Shutting down and abandoning module Blutility (454)
[2019.01.25-23.22.00:665][105]LogModuleManager: Shutting down and abandoning module ProjectSettingsViewer (452)
[2019.01.25-23.22.00:665][105]LogModuleManager: Shutting down and abandoning module ProjectTargetPlatformEditor (451)
[2019.01.25-23.22.00:670][105]LogModuleManager: Shutting down and abandoning module EditorSettingsViewer (448)
[2019.01.25-23.22.00:670][105]LogModuleManager: Shutting down and abandoning module SettingsEditor (446)
[2019.01.25-23.22.00:670][105]LogModuleManager: Shutting down and abandoning module ProjectLauncher (444)
[2019.01.25-23.22.00:670][105]LogModuleManager: Shutting down and abandoning module SessionFrontend (442)
[2019.01.25-23.22.00:670][105]LogModuleManager: Shutting down and abandoning module ProfilerClient (440)
[2019.01.25-23.22.00:670][105]LogModuleManager: Shutting down and abandoning module DeviceManager (438)
[2019.01.25-23.22.00:671][105]LogModuleManager: Shutting down and abandoning module TargetDeviceServices (437)
[2019.01.25-23.22.00:726][105]LogModuleManager: Shutting down and abandoning module AutomationController (434)
[2019.01.25-23.22.00:726][105]LogModuleManager: Shutting down and abandoning module AutomationWindow (432)
[2019.01.25-23.22.00:726][105]LogModuleManager: Shutting down and abandoning module Layers (430)
[2019.01.25-23.22.00:726][105]LogModuleManager: Shutting down and abandoning module ComponentVisualizers (428)
[2019.01.25-23.22.00:726][105]LogModuleManager: Shutting down and abandoning module DetailCustomizations (426)
[2019.01.25-23.22.00:726][105]LogModuleManager: Shutting down and abandoning module PackagesDialog (424)
[2019.01.25-23.22.00:726][105]LogModuleManager: Shutting down and abandoning module Persona (422)
[2019.01.25-23.22.00:727][105]LogModuleManager: Shutting down and abandoning module AdvancedPreviewScene (421)
[2019.01.25-23.22.00:727][105]LogModuleManager: Shutting down and abandoning module AnimGraph (419)
[2019.01.25-23.22.00:727][105]LogModuleManager: Shutting down and abandoning module Kismet (416)
[2019.01.25-23.22.00:737][105]LogModuleManager: Shutting down and abandoning module GraphEditor (414)
[2019.01.25-23.22.00:737][105]LogModuleManager: Shutting down and abandoning module ClassViewer (412)
[2019.01.25-23.22.00:737][105]LogModuleManager: Shutting down and abandoning module Toolbox (410)
[2019.01.25-23.22.00:737][105]LogModuleManager: Shutting down and abandoning module ModuleUI (408)
[2019.01.25-23.22.00:737][105]LogModuleManager: Shutting down and abandoning module MovieSceneTools (406)
[2019.01.25-23.22.00:737][105]LogModuleManager: Shutting down and abandoning module OutputLog (404)
[2019.01.25-23.22.00:737][105]LogModuleManager: Shutting down and abandoning module GammaUI (402)
[2019.01.25-23.22.00:737][105]LogModuleManager: Shutting down and abandoning module Documentation (400)
[2019.01.25-23.22.00:738][105]LogModuleManager: Shutting down and abandoning module MovieSceneTracks (398)
[2019.01.25-23.22.00:738][105]LogModuleManager: Shutting down and abandoning module MovieScene (396)
[2019.01.25-23.22.00:738][105]LogModuleManager: Shutting down and abandoning module StreamingPauseRendering (394)
[2019.01.25-23.22.00:738][105]LogModuleManager: Shutting down and abandoning module LauncherPlatform (392)
[2019.01.25-23.22.00:738][105]LogModuleManager: Shutting down and abandoning module AnalyticsET (390)
[2019.01.25-23.22.00:738][105]LogModuleManager: Shutting down and abandoning module PortalServices (388)
[2019.01.25-23.22.00:738][105]LogModuleManager: Shutting down and abandoning module PortalRpc (386)
[2019.01.25-23.22.00:738][105]LogModuleManager: Shutting down and abandoning module MessagingRpc (384)
[2019.01.25-23.22.00:738][105]LogModuleManager: Shutting down and abandoning module AIModule (382)
[2019.01.25-23.22.00:739][105]LogModuleManager: Shutting down and abandoning module GameplayDebugger (381)
[2019.01.25-23.22.00:739][105]LogModuleManager: Shutting down and abandoning module AITestSuite (379)
[2019.01.25-23.22.00:739][105]LogModuleManager: Shutting down and abandoning module DesktopPlatform (376)
[2019.01.25-23.22.00:739][105]LogModuleManager: Shutting down and abandoning module ProfilerService (374)
[2019.01.25-23.22.00:862][105]LogModuleManager: Shutting down and abandoning module TaskGraph (372)
[2019.01.25-23.22.00:862][105]LogModuleManager: Shutting down and abandoning module SteamVRController (370)
[2019.01.25-23.22.00:862][105]LogModuleManager: Shutting down and abandoning module ProceduralMeshComponentEditor (368)
[2019.01.25-23.22.00:863][105]LogModuleManager: Shutting down and abandoning module ProceduralMeshComponent (366)
[2019.01.25-23.22.00:863][105]LogModuleManager: Shutting down and abandoning module OculusInput (364)
[2019.01.25-23.22.00:863][105]LogModuleManager: Shutting down and abandoning module MobilePatchingUtils (362)
[2019.01.25-23.22.00:863][105]LogModuleManager: Shutting down and abandoning module CustomMeshComponent (360)
[2019.01.25-23.22.00:863][105]LogModuleManager: Shutting down and abandoning module CableComponent (358)
[2019.01.25-23.22.00:863][105]LogModuleManager: Shutting down and abandoning module AudioCapture (356)
[2019.01.25-23.22.00:863][105]LogModuleManager: Shutting down and abandoning module ArchVisCharacter (354)
[2019.01.25-23.22.00:863][105]LogModuleManager: Shutting down and abandoning module AndroidPermission (352)
[2019.01.25-23.22.00:863][105]LogModuleManager: Shutting down and abandoning module NUTUnrealEngine4 (348)
[2019.01.25-23.22.00:863][105]LogModuleManager: Shutting down and abandoning module NetcodeUnitTest (346)
[2019.01.25-23.22.00:863][105]LogModuleManager: Shutting down and abandoning module MediaCompositingEditor (344)
[2019.01.25-23.22.00:863][105]LogModuleManager: Shutting down and abandoning module MediaCompositing (342)
[2019.01.25-23.22.00:863][105]LogModuleManager: Shutting down and abandoning module LinearTimecode (340)
[2019.01.25-23.22.00:863][105]LogModuleManager: Shutting down and abandoning module ImgMedia (338)
[2019.01.25-23.22.00:866][105]LogModuleManager: Shutting down and abandoning module HTML5Networking (336)
[2019.01.25-23.22.00:869][105]LogModuleManager: Shutting down and abandoning module AlembicImporter (334)
[2019.01.25-23.22.00:869][105]LogModuleManager: Shutting down and abandoning module AlembicLibrary (333)
[2019.01.25-23.22.00:869][105]LogModuleManager: Shutting down and abandoning module GeometryCache (332)
[2019.01.25-23.22.00:869][105]LogModuleManager: Shutting down and abandoning module GeometryCacheEd (331)
[2019.01.25-23.22.00:869][105]LogModuleManager: Shutting down and abandoning module DatasmithContent (326)
[2019.01.25-23.22.00:869][105]LogModuleManager: Shutting down and abandoning module SpeedTreeImporter (324)
[2019.01.25-23.22.00:869][105]LogModuleManager: Shutting down and abandoning module PluginBrowser (322)
[2019.01.25-23.22.00:869][105]LogModuleManager: Shutting down and abandoning module MobileLauncherProfileWizard (320)
[2019.01.25-23.22.00:869][105]LogModuleManager: Shutting down and abandoning module CryptoKeysOpenSSL (318)
[2019.01.25-23.22.00:869][105]LogModuleManager: Shutting down and abandoning module CryptoKeys (316)
[2019.01.25-23.22.00:869][105]LogModuleManager: Shutting down and abandoning module VisualStudioSourceCodeAccess (314)
[2019.01.25-23.22.00:869][105]LogModuleManager: Shutting down and abandoning module VisualStudioCodeSourceCodeAccess (312)
[2019.01.25-23.22.00:869][105]LogModuleManager: Shutting down and abandoning module UObjectPlugin (310)
[2019.01.25-23.22.00:869][105]LogModuleManager: Shutting down and abandoning module SubversionSourceControl (308)
[2019.01.25-23.22.00:869][105]LogModuleManager: Shutting down and abandoning module PerforceSourceControl (306)
[2019.01.25-23.22.00:869][105]LogModuleManager: Shutting down and abandoning module GitSourceControl (304)
[2019.01.25-23.22.00:871][105]LogModuleManager: Shutting down and abandoning module SourceControl (303)
[2019.01.25-23.22.00:871][105]LogModuleManager: Shutting down and abandoning module CLionSourceCodeAccess (300)
[2019.01.25-23.22.00:871][105]LogModuleManager: Shutting down and abandoning module LightPropagationVolumeEditor (298)
[2019.01.25-23.22.00:871][105]LogModuleManager: Shutting down and abandoning module PaperTiledImporter (296)
[2019.01.25-23.22.00:871][105]LogModuleManager: Shutting down and abandoning module PaperSpriteSheetImporter (294)
[2019.01.25-23.22.00:871][105]LogModuleManager: Shutting down and abandoning module Paper2DEditor (292)
[2019.01.25-23.22.00:871][105]LogModuleManager: Shutting down and abandoning module MeshPaint (291)
[2019.01.25-23.22.00:871][105]LogModuleManager: Shutting down and abandoning module RuntimePhysXCooking (288)
[2019.01.25-23.22.00:871][105]LogModuleManager: Shutting down and abandoning module PhysXVehiclesEditor (286)
[2019.01.25-23.22.00:872][105]LogModuleManager: Shutting down and abandoning module PhysXVehicles (284)
[2019.01.25-23.22.00:872][105]LogModuleManager: Shutting down and abandoning module OculusEditor (282)
[2019.01.25-23.22.00:872][105]LogModuleManager: Shutting down and abandoning module LocationServicesBPLibrary (280)
[2019.01.25-23.22.00:872][105]LogModuleManager: Shutting down and abandoning module ImmediatePhysicsEditor (278)
[2019.01.25-23.22.00:872][105]LogModuleManager: Shutting down and abandoning module ImmediatePhysics (276)
[2019.01.25-23.22.00:872][105]LogModuleManager: Shutting down and abandoning module ActorSequence (274)
[2019.01.25-23.22.00:872][105]LogModuleManager: Shutting down and abandoning module UdpMessaging (272)
[2019.01.25-23.22.00:973][105]LogModuleManager: Shutting down and abandoning module TcpMessaging (270)
[2019.01.25-23.22.01:073][105]LogModuleManager: Shutting down and abandoning module GameplayTagsEditor (268)
[2019.01.25-23.22.01:073][105]LogModuleManager: Shutting down and abandoning module FacialAnimationEditor (266)
[2019.01.25-23.22.01:073][105]LogModuleManager: Shutting down and abandoning module FacialAnimation (264)
[2019.01.25-23.22.01:073][105]LogModuleManager: Shutting down and abandoning module DataValidation (262)
[2019.01.25-23.22.01:073][105]LogModuleManager: Shutting down and abandoning module AssetManagerEditor (260)
[2019.01.25-23.22.01:073][105]LogModuleManager: Shutting down and abandoning module LevelEditor (259)
[2019.01.25-23.22.01:075][105]LogModuleManager: Shutting down and abandoning module PixelInspectorModule (258)
[2019.01.25-23.22.01:075][105]LogModuleManager: Shutting down and abandoning module CommonMenuExtensions (256)
[2019.01.25-23.22.01:075][105]LogModuleManager: Shutting down and abandoning module MainFrame (254)
[2019.01.25-23.22.01:076][105]LogModuleManager: Shutting down and abandoning module HotReload (253)
[2019.01.25-23.22.01:076][105]LogModuleManager: Shutting down and abandoning module ContentBrowser (249)
[2019.01.25-23.22.01:080][105]LogModuleManager: Shutting down and abandoning module TreeMap (247)
[2019.01.25-23.22.01:080][105]LogModuleManager: Shutting down and abandoning module LightPropagationVolumeRuntime (244)
[2019.01.25-23.22.01:080][105]LogModuleManager: Shutting down and abandoning module LiveLinkEditor (242)
[2019.01.25-23.22.01:080][105]LogModuleManager: Shutting down and abandoning module LiveLink (240)
[2019.01.25-23.22.01:370][105]LogModuleManager: Shutting down and abandoning module Paper2D (238)
[2019.01.25-23.22.01:370][105]LogModuleManager: Shutting down and abandoning module WindowsMoviePlayer (236)
[2019.01.25-23.22.01:370][105]LogModuleManager: Shutting down and abandoning module WmfMedia (234)
[2019.01.25-23.22.01:372][105]LogModuleManager: Shutting down and abandoning module Media (233)
[2019.01.25-23.22.01:378][105]LogModuleManager: Shutting down and abandoning module PacketHandler (230)
[2019.01.25-23.22.01:378][105]LogModuleManager: Shutting down and abandoning module ClothingSystemEditor (228)
[2019.01.25-23.22.01:378][105]LogModuleManager: Shutting down and abandoning module ClothingSystemRuntime (226)
[2019.01.25-23.22.01:378][105]LogModuleManager: Shutting down and abandoning module MediaAssets (224)
[2019.01.25-23.22.01:378][105]LogModuleManager: Shutting down and abandoning module Overlay (222)
[2019.01.25-23.22.01:378][105]LogModuleManager: Shutting down and abandoning module OverlayEditor (221)
[2019.01.25-23.22.01:378][105]LogModuleManager: Shutting down and abandoning module VREditor (218)
[2019.01.25-23.22.01:379][105]LogModuleManager: Shutting down and abandoning module StringTableEditor (216)
[2019.01.25-23.22.01:379][105]LogModuleManager: Shutting down and abandoning module GameplayTasksEditor (214)
[2019.01.25-23.22.01:379][105]LogModuleManager: Shutting down and abandoning module BehaviorTreeEditor (212)
[2019.01.25-23.22.01:379][105]LogModuleManager: Shutting down and abandoning module FunctionalTesting (210)
[2019.01.25-23.22.01:379][105]LogModuleManager: Shutting down and abandoning module CollisionAnalyzer (208)
[2019.01.25-23.22.01:379][105]LogModuleManager: Shutting down and abandoning module WorkspaceMenuStructure (207)
[2019.01.25-23.22.01:379][105]LogModuleManager: Shutting down and abandoning module UMG (204)
[2019.01.25-23.22.01:379][105]LogModuleManager: Shutting down and abandoning module UMGEditor (203)
[2019.01.25-23.22.01:379][105]LogModuleManager: Shutting down and abandoning module Sequencer (202)
[2019.01.25-23.22.01:379][105]LogModuleManager: Shutting down and abandoning module MessageLog (199)
[2019.01.25-23.22.01:379][105]LogModuleManager: Shutting down and abandoning module SlateReflector (194)
[2019.01.25-23.22.01:379][105]LogModuleManager: Shutting down and abandoning module Slate (192)
[2019.01.25-23.22.01:379][105]LogModuleManager: Shutting down and abandoning module EditorStyle (190)
[2019.01.25-23.22.01:382][105]LogModuleManager: Shutting down and abandoning module MRMesh (188)
[2019.01.25-23.22.01:382][105]LogModuleManager: Shutting down and abandoning module SourceCodeAccess (186)
[2019.01.25-23.22.01:382][105]LogModuleManager: Shutting down and abandoning module HeadMountedDisplay (184)
[2019.01.25-23.22.01:382][105]LogModuleManager: Shutting down and abandoning module XAudio2 (182)
[2019.01.25-23.22.01:382][105]LogModuleManager: Shutting down and abandoning module Networking (180)
[2019.01.25-23.22.01:382][105]LogModuleManager: Shutting down and abandoning module Core (178)
[2019.01.25-23.22.01:382][105]LogModuleManager: Shutting down and abandoning module LevelSequence (176)
[2019.01.25-23.22.01:382][105]LogModuleManager: Shutting down and abandoning module KismetCompiler (174)
[2019.01.25-23.22.01:382][105]LogModuleManager: Shutting down and abandoning module MeshUtilities (172)
[2019.01.25-23.22.01:382][105]LogModuleManager: Shutting down and abandoning module MeshMergeUtilities (171)
[2019.01.25-23.22.01:382][105]LogModuleManager: Shutting down and abandoning module MeshReductionInterface (170)
[2019.01.25-23.22.01:382][105]LogModuleManager: Shutting down and abandoning module SimplygonSwarm (169)
[2019.01.25-23.22.01:382][105]LogModuleManager: Shutting down and abandoning module SimplygonMeshReduction (167)
[2019.01.25-23.22.01:384][105]LogModuleManager: Shutting down and abandoning module QuadricMeshReduction (165)
[2019.01.25-23.22.01:384][105]LogModuleManager: Shutting down and abandoning module MaterialBaking (161)
[2019.01.25-23.22.01:384][105]LogModuleManager: Shutting down and abandoning module DirectoryWatcher (157)
[2019.01.25-23.22.01:396][105]LogModuleManager: Shutting down and abandoning module DerivedDataCache (154)
[2019.01.25-23.22.01:425][105]LogDerivedDataCache: Shutdown
[2019.01.25-23.22.01:425][105]LogModuleManager: Shutting down and abandoning module XGEController (152)
[2019.01.25-23.22.01:426][105]LogModuleManager: Shutting down and abandoning module TargetPlatform (150)
[2019.01.25-23.22.01:426][105]LogModuleManager: Shutting down and abandoning module VulkanShaderFormat (149)
[2019.01.25-23.22.01:426][105]LogModuleManager: Shutting down and abandoning module ShaderFormatVectorVM (147)
[2019.01.25-23.22.01:426][105]LogModuleManager: Shutting down and abandoning module ShaderFormatOpenGL (145)
[2019.01.25-23.22.01:426][105]LogModuleManager: Shutting down and abandoning module ShaderFormatD3D (143)
[2019.01.25-23.22.01:426][105]LogModuleManager: Shutting down and abandoning module MetalShaderFormat (141)
[2019.01.25-23.22.01:427][105]LogModuleManager: Shutting down and abandoning module TextureFormatUncompressed (139)
[2019.01.25-23.22.01:427][105]LogModuleManager: Shutting down and abandoning module TextureFormatPVR (137)
[2019.01.25-23.22.01:427][105]LogModuleManager: Shutting down and abandoning module TextureFormatDXT (135)
[2019.01.25-23.22.01:427][105]LogModuleManager: Shutting down and abandoning module TextureFormatIntelISPCTexComp (133)
[2019.01.25-23.22.01:427][105]LogModuleManager: Shutting down and abandoning module TextureFormatASTC (131)
[2019.01.25-23.22.01:427][105]LogModuleManager: Shutting down and abandoning module ImageWrapper (130)
[2019.01.25-23.22.01:427][105]LogModuleManager: Shutting down and abandoning module TextureFormatAndroid (127)
[2019.01.25-23.22.01:427][105]LogModuleManager: Shutting down and abandoning module AudioFormatOpus (125)
[2019.01.25-23.22.01:428][105]LogModuleManager: Shutting down and abandoning module AudioFormatOgg (123)
[2019.01.25-23.22.01:428][105]LogModuleManager: Shutting down and abandoning module AudioFormatADPCM (121)
[2019.01.25-23.22.01:428][105]LogModuleManager: Shutting down and abandoning module LinuxTargetPlatform (119)
[2019.01.25-23.22.01:428][105]LogModuleManager: Shutting down and abandoning module LinuxServerTargetPlatform (117)
[2019.01.25-23.22.01:428][105]LogModuleManager: Shutting down and abandoning module LinuxNoEditorTargetPlatform (115)
[2019.01.25-23.22.01:428][105]LogModuleManager: Shutting down and abandoning module LinuxClientTargetPlatform (113)
[2019.01.25-23.22.01:428][105]LogModuleManager: Shutting down and abandoning module TVOSTargetPlatform (111)
[2019.01.25-23.22.01:428][105]LogModuleManager: Shutting down and abandoning module Messaging (109)
[2019.01.25-23.22.01:428][105]LogModuleManager: Shutting down and abandoning module IOSTargetPlatform (107)
[2019.01.25-23.22.01:428][105]LogModuleManager: Shutting down and abandoning module HTML5TargetPlatform (105)
[2019.01.25-23.22.01:428][105]LogModuleManager: Shutting down and abandoning module AndroidTargetPlatform (103)
[2019.01.25-23.22.01:428][105]LogModuleManager: Shutting down and abandoning module Android_PVRTCTargetPlatform (101)
[2019.01.25-23.22.01:428][105]LogModuleManager: Shutting down and abandoning module Android_MultiTargetPlatform (99)
[2019.01.25-23.22.01:428][105]LogModuleManager: Shutting down and abandoning module Android_ETC2TargetPlatform (97)
[2019.01.25-23.22.01:428][105]LogModuleManager: Shutting down and abandoning module Android_ETC1TargetPlatform (95)
[2019.01.25-23.22.01:428][105]LogModuleManager: Shutting down and abandoning module Android_ETC1aTargetPlatform (93)
[2019.01.25-23.22.01:429][105]LogModuleManager: Shutting down and abandoning module Android_DXTTargetPlatform (91)
[2019.01.25-23.22.01:429][105]LogModuleManager: Shutting down and abandoning module Android_ATCTargetPlatform (89)
[2019.01.25-23.22.01:429][105]LogModuleManager: Shutting down and abandoning module Android_ASTCTargetPlatform (87)
[2019.01.25-23.22.01:429][105]LogModuleManager: Shutting down and abandoning module WindowsTargetPlatform (85)
[2019.01.25-23.22.01:429][105]LogModuleManager: Shutting down and abandoning module WindowsServerTargetPlatform (83)
[2019.01.25-23.22.01:429][105]LogModuleManager: Shutting down and abandoning module WindowsNoEditorTargetPlatform (81)
[2019.01.25-23.22.01:429][105]LogModuleManager: Shutting down and abandoning module WindowsClientTargetPlatform (79)
[2019.01.25-23.22.01:429][105]LogModuleManager: Shutting down and abandoning module MacTargetPlatform (77)
[2019.01.25-23.22.01:429][105]LogModuleManager: Shutting down and abandoning module MacServerTargetPlatform (75)
[2019.01.25-23.22.01:429][105]LogModuleManager: Shutting down and abandoning module MacNoEditorTargetPlatform (73)
[2019.01.25-23.22.01:429][105]LogModuleManager: Shutting down and abandoning module MacClientTargetPlatform (71)
[2019.01.25-23.22.01:429][105]LogModuleManager: Shutting down and abandoning module AllDesktopTargetPlatform (69)
[2019.01.25-23.22.01:429][105]LogModuleManager: Shutting down and abandoning module InputCore (66)
[2019.01.25-23.22.01:429][105]LogModuleManager: Shutting down and abandoning module Settings (64)
[2019.01.25-23.22.01:429][105]LogModuleManager: Shutting down and abandoning module PhysXCooking (62)
[2019.01.25-23.22.01:429][105]LogModuleManager: Shutting down and abandoning module SteamVR (60)
[2019.01.25-23.22.01:429][105]LogModuleManager: Shutting down and abandoning module OculusHMD (58)
[2019.01.25-23.22.01:429][105]LogModuleManager: Shutting down and abandoning module ExampleDeviceProfileSelector (56)
[2019.01.25-23.22.01:429][105]LogModuleManager: Shutting down and abandoning module AppleARKit (54)
[2019.01.25-23.22.01:429][105]LogModuleManager: Shutting down and abandoning module AugmentedReality (51)
[2019.01.25-23.22.01:429][105]LogModuleManager: Shutting down and abandoning module OnlineBlueprintSupport (48)
[2019.01.25-23.22.01:429][105]LogModuleManager: Shutting down and abandoning module OnlineSubsystem (44)
[2019.01.25-23.22.01:429][105]LogModuleManager: Shutting down and abandoning module XMPP (43)
[2019.01.25-23.22.01:430][105]LogModuleManager: Shutting down and abandoning module HTTP (41)
[2019.01.25-23.22.01:430][105]LogHttp: Display: Http module shutting down, but needs to wait on 1 outstanding Http requests:
[2019.01.25-23.22.01:430][105]LogHttp: Display: 	verb=[POST] url=[https://datarouter.ol.epicgames.com/datarouter/api/v1/public/data?SessionID=%7B9FE6F486-40CD-2873-201E-20B6C6E84BA3%7D&AppID=UEEditor.Rocket.Release&AppVersion=4.19.2-4033788%2B%2B%2BUE4%2BRelease-4.19&UserID=d106739a4b72e5474dc089a50c69db58%7C42378c112f7d440b8c73533a9704a792%7Cfc431a00-20e6-4c02-96fc-b2d81eef7bda&AppEnvironment=datacollector-binary&UploadType=eteventstream] status=Processing
[2019.01.25-23.22.01:456][105]LogModuleManager: Shutting down and abandoning module SSL (40)
[2019.01.25-23.22.01:464][105]LogModuleManager: Shutting down and abandoning module AnimationModifiers (36)
[2019.01.25-23.22.01:464][105]LogModuleManager: Shutting down and abandoning module PropertyEditor (35)
[2019.01.25-23.22.01:464][105]LogModuleManager: Shutting down and abandoning module AudioEditor (32)
[2019.01.25-23.22.01:464][105]LogModuleManager: Shutting down and abandoning module TextureCompressor (30)
[2019.01.25-23.22.01:465][105]LogModuleManager: Shutting down and abandoning module ShaderCore (28)
[2019.01.25-23.22.01:465][105]LogModuleManager: Shutting down and abandoning module Landscape (26)
[2019.01.25-23.22.01:465][105]LogModuleManager: Shutting down and abandoning module SlateRHIRenderer (24)
[2019.01.25-23.22.01:475][105]LogModuleManager: Shutting down and abandoning module OpenGLDrv (22)
[2019.01.25-23.22.01:475][105]LogModuleManager: Shutting down and abandoning module D3D11RHI (20)
[2019.01.25-23.22.01:475][105]LogModuleManager: Shutting down and abandoning module AnimGraphRuntime (18)
[2019.01.25-23.22.01:475][105]LogModuleManager: Shutting down and abandoning module Renderer (16)
[2019.01.25-23.22.01:475][105]LogModuleManager: Shutting down and abandoning module Engine (14)
[2019.01.25-23.22.01:475][105]LogModuleManager: Shutting down and abandoning module CoreUObject (12)
[2019.01.25-23.22.01:475][105]LogModuleManager: Shutting down and abandoning module NetworkFile (10)
[2019.01.25-23.22.01:475][105]LogModuleManager: Shutting down and abandoning module CookedIterativeFile (8)
[2019.01.25-23.22.01:475][105]LogModuleManager: Shutting down and abandoning module StreamingFile (6)
[2019.01.25-23.22.01:475][105]LogModuleManager: Shutting down and abandoning module SandboxFile (4)
[2019.01.25-23.22.01:475][105]LogModuleManager: Shutting down and abandoning module PakFile (2)
[2019.01.25-23.22.01:479][105]LogExit: Exiting.
[2019.01.25-23.22.01:513][105]Log file closed, 01/25/19 23:22:01
