Log file open, 03/21/19 11:52:40
LogWindows: Failed to load 'aqProf.dll' (GetLastError=126)
LogWindows: File 'aqProf.dll' does not exist
LogWindows: Failed to load 'VtuneApi.dll' (GetLastError=126)
LogWindows: File 'VtuneApi.dll' does not exist
LogWindows: Failed to load 'VtuneApi32e.dll' (GetLastError=126)
LogWindows: File 'VtuneApi32e.dll' does not exist
LogInit: Display: Running engine for game: MyProject
LogPlatformFile: Not using cached read wrapper
LogInit: Display: RandInit(821940268) SRandInit(821940268).
LogInit: Read version file with build ID '3944462'
LogInit: Overriding engine version to CL 4033788, compatible CL 3944462
LogInit: Registered custom module enumerator with build ID '3944462'
LogTaskGraph: Started task graph with 5 named threads and 35 total threads with 3 sets of task threads.
LogStats: Stats thread started at 0.666838
LogD3D11RHI: Aftermath initialized
LogICUInternationalization: Display: ICU TimeZone Detection - Raw Offset: +0:00, Platform Override: ''
LogModuleManager: Display: Found up-to-date module file ../../../Engine/Plugins/Marketplace/DialoguePlugin/Binaries/Win64/UE4Editor-DialoguePlugin.dll (API version 3944462).
LogModuleManager: Display: Found up-to-date module file ../../../Engine/Plugins/Marketplace/DialoguePlugin/Binaries/Win64/UE4Editor-DialoguePluginEditor.dll (API version 3944462).
LogModuleManager: Display: Found up-to-date module file ../../../Engine/Plugins/2D/Paper2D/Binaries/Win64/UE4Editor-Paper2D.dll (API version 3944462).
LogModuleManager: Display: Found up-to-date module file ../../../Engine/Plugins/2D/Paper2D/Binaries/Win64/UE4Editor-Paper2DEditor.dll (API version 3944462).
LogModuleManager: Display: Found up-to-date module file ../../../Engine/Plugins/2D/Paper2D/Binaries/Win64/UE4Editor-PaperSpriteSheetImporter.dll (API version 3944462).
LogModuleManager: Display: Found up-to-date module file ../../../Engine/Plugins/2D/Paper2D/Binaries/Win64/UE4Editor-PaperTiledImporter.dll (API version 3944462).
LogModuleManager: Display: Found up-to-date module file ../../../Engine/Plugins/2D/Paper2D/Binaries/Win64/UE4Editor-SmartSnapping.dll (API version 3944462).
LogModuleManager: Display: Found up-to-date module file ../../../Engine/Plugins/Blendables/LightPropagationVolume/Binaries/Win64/UE4Editor-LightPropagationVolumeRuntime.dll (API version 3944462).
LogModuleManager: Display: Found up-to-date module file ../../../Engine/Plugins/Blendables/LightPropagationVolume/Binaries/Win64/UE4Editor-LightPropagationVolumeEditor.dll (API version 3944462).
LogModuleManager: Display: Found up-to-date module file ../../../Engine/Plugins/Developer/CLionSourceCodeAccess/Binaries/Win64/UE4Editor-CLionSourceCodeAccess.dll (API version 3944462).
LogModuleManager: Display: Found up-to-date module file ../../../Engine/Plugins/Developer/GitSourceControl/Binaries/Win64/UE4Editor-GitSourceControl.dll (API version 3944462).
LogModuleManager: Display: Found up-to-date module file ../../../Engine/Plugins/Developer/PerforceSourceControl/Binaries/Win64/UE4Editor-PerforceSourceControl.dll (API version 3944462).
LogModuleManager: Display: Found up-to-date module file ../../../Engine/Plugins/Developer/SubversionSourceControl/Binaries/Win64/UE4Editor-SubversionSourceControl.dll (API version 3944462).
LogModuleManager: Display: Found up-to-date module file ../../../Engine/Plugins/Developer/UObjectPlugin/Binaries/Win64/UE4Editor-UObjectPlugin.dll (API version 3944462).
LogModuleManager: Display: Found up-to-date module file ../../../Engine/Plugins/Developer/VisualStudioCodeSourceCodeAccess/Binaries/Win64/UE4Editor-VisualStudioCodeSourceCodeAccess.dll (API version 3944462).
LogModuleManager: Display: Found up-to-date module file ../../../Engine/Plugins/Developer/VisualStudioSourceCodeAccess/Binaries/Win64/UE4Editor-VisualStudioSourceCodeAccess.dll (API version 3944462).
LogModuleManager: Display: Found up-to-date module file ../../../Engine/Plugins/Editor/AssetManagerEditor/Binaries/Win64/UE4Editor-AssetManagerEditor.dll (API version 3944462).
LogModuleManager: Display: Found up-to-date module file ../../../Engine/Plugins/Editor/CryptoKeys/Binaries/Win64/UE4Editor-CryptoKeys.dll (API version 3944462).
LogModuleManager: Display: Found up-to-date module file ../../../Engine/Plugins/Editor/CryptoKeys/Binaries/Win64/UE4Editor-CryptoKeysOpenSSL.dll (API version 3944462).
LogModuleManager: Display: Found up-to-date module file ../../../Engine/Plugins/Editor/DataValidation/Binaries/Win64/UE4Editor-DataValidation.dll (API version 3944462).
LogModuleManager: Display: Found up-to-date module file ../../../Engine/Plugins/Editor/FacialAnimation/Binaries/Win64/UE4Editor-FacialAnimation.dll (API version 3944462).
LogModuleManager: Display: Found up-to-date module file ../../../Engine/Plugins/Editor/FacialAnimation/Binaries/Win64/UE4Editor-FacialAnimationEditor.dll (API version 3944462).
LogModuleManager: Display: Found up-to-date module file ../../../Engine/Plugins/Editor/GameplayTagsEditor/Binaries/Win64/UE4Editor-GameplayTagsEditor.dll (API version 3944462).
LogModuleManager: Display: Found up-to-date module file ../../../Engine/Plugins/Editor/MobileLauncherProfileWizard/Binaries/Win64/UE4Editor-MobileLauncherProfileWizard.dll (API version 3944462).
LogModuleManager: Display: Found up-to-date module file ../../../Engine/Plugins/Editor/PluginBrowser/Binaries/Win64/UE4Editor-PluginBrowser.dll (API version 3944462).
LogModuleManager: Display: Found up-to-date module file ../../../Engine/Plugins/Editor/SpeedTreeImporter/Binaries/Win64/UE4Editor-SpeedTreeImporter.dll (API version 3944462).
LogModuleManager: Display: Found up-to-date module file ../../../Engine/Plugins/Enterprise/DatasmithContent/Binaries/Win64/UE4Editor-DatasmithContent.dll (API version 3944462).
LogModuleManager: Display: Found up-to-date module file ../../../Engine/Plugins/Experimental/AlembicImporter/Binaries/Win64/UE4Editor-AlembicImporter.dll (API version 3944462).
LogModuleManager: Display: Found up-to-date module file ../../../Engine/Plugins/Experimental/AlembicImporter/Binaries/Win64/UE4Editor-AlembicLibrary.dll (API version 3944462).
LogModuleManager: Display: Found up-to-date module file ../../../Engine/Plugins/Experimental/CharacterAI/Binaries/Win64/UE4Editor-CharacterAI.dll (API version 3944462).
LogModuleManager: Display: Found up-to-date module file ../../../Engine/Plugins/Experimental/HTML5Networking/Binaries/Win64/UE4Editor-HTML5Networking.dll (API version 3944462).
LogModuleManager: Display: Found up-to-date module file ../../../Engine/Plugins/Media/AndroidMedia/Binaries/Win64/UE4Editor-AndroidMediaEditor.dll (API version 3944462).
LogModuleManager: Display: Found up-to-date module file ../../../Engine/Plugins/Media/AndroidMedia/Binaries/Win64/UE4Editor-AndroidMediaFactory.dll (API version 3944462).
LogModuleManager: Display: Found up-to-date module file ../../../Engine/Plugins/Media/AvfMedia/Binaries/Win64/UE4Editor-AvfMediaEditor.dll (API version 3944462).
LogModuleManager: Display: Found up-to-date module file ../../../Engine/Plugins/Media/AvfMedia/Binaries/Win64/UE4Editor-AvfMediaFactory.dll (API version 3944462).
LogModuleManager: Display: Found up-to-date module file ../../../Engine/Plugins/Media/AvfMedia/Binaries/Win64/UE4Editor-AvfMediaFactory.dll (API version 3944462).
LogModuleManager: Display: Found up-to-date module file ../../../Engine/Plugins/Media/ImgMedia/Binaries/Win64/UE4Editor-ImgMedia.dll (API version 3944462).
LogModuleManager: Display: Found up-to-date module file ../../../Engine/Plugins/Media/ImgMedia/Binaries/Win64/UE4Editor-ImgMediaEditor.dll (API version 3944462).
LogModuleManager: Display: Found up-to-date module file ../../../Engine/Plugins/Media/ImgMedia/Binaries/Win64/UE4Editor-ImgMediaFactory.dll (API version 3944462).
LogModuleManager: Display: Found up-to-date module file ../../../Engine/Plugins/Media/ImgMedia/Binaries/Win64/UE4Editor-ImgMediaFactory.dll (API version 3944462).
LogModuleManager: Display: Found up-to-date module file ../../../Engine/Plugins/Media/ImgMedia/Binaries/Win64/UE4Editor-OpenExrWrapper.dll (API version 3944462).
LogModuleManager: Display: Found up-to-date module file ../../../Engine/Plugins/Media/LinearTimecode/Binaries/Win64/UE4Editor-LinearTimecode.dll (API version 3944462).
LogModuleManager: Display: Found up-to-date module file ../../../Engine/Plugins/Media/MediaCompositing/Binaries/Win64/UE4Editor-MediaCompositing.dll (API version 3944462).
LogModuleManager: Display: Found up-to-date module file ../../../Engine/Plugins/Media/MediaCompositing/Binaries/Win64/UE4Editor-MediaCompositingEditor.dll (API version 3944462).
LogModuleManager: Display: Found up-to-date module file ../../../Engine/Plugins/Media/MediaPlayerEditor/Binaries/Win64/UE4Editor-MediaPlayerEditor.dll (API version 3944462).
LogModuleManager: Display: Found up-to-date module file ../../../Engine/Plugins/Media/WmfMedia/Binaries/Win64/UE4Editor-WmfMedia.dll (API version 3944462).
LogModuleManager: Display: Found up-to-date module file ../../../Engine/Plugins/Media/WmfMedia/Binaries/Win64/UE4Editor-WmfMediaEditor.dll (API version 3944462).
LogModuleManager: Display: Found up-to-date module file ../../../Engine/Plugins/Media/WmfMedia/Binaries/Win64/UE4Editor-WmfMediaFactory.dll (API version 3944462).
LogModuleManager: Display: Found up-to-date module file ../../../Engine/Plugins/Media/WmfMedia/Binaries/Win64/UE4Editor-WmfMediaFactory.dll (API version 3944462).
LogModuleManager: Display: Found up-to-date module file ../../../Engine/Plugins/Messaging/TcpMessaging/Binaries/Win64/UE4Editor-TcpMessaging.dll (API version 3944462).
LogModuleManager: Display: Found up-to-date module file ../../../Engine/Plugins/Messaging/UdpMessaging/Binaries/Win64/UE4Editor-UdpMessaging.dll (API version 3944462).
LogModuleManager: Display: Found up-to-date module file ../../../Engine/Plugins/MovieScene/ActorSequence/Binaries/Win64/UE4Editor-ActorSequence.dll (API version 3944462).
LogModuleManager: Display: Found up-to-date module file ../../../Engine/Plugins/MovieScene/LevelSequenceEditor/Binaries/Win64/UE4Editor-LevelSequenceEditor.dll (API version 3944462).
LogModuleManager: Display: Found up-to-date module file ../../../Engine/Plugins/MovieScene/MatineeToLevelSequence/Binaries/Win64/UE4Editor-MatineeToLevelSequence.dll (API version 3944462).
LogModuleManager: Display: Found up-to-date module file ../../../Engine/Plugins/NetcodeUnitTest/NetcodeUnitTest/Binaries/Win64/UE4Editor-NetcodeUnitTest.dll (API version 3944462).
LogModuleManager: Display: Found up-to-date module file ../../../Engine/Plugins/NetcodeUnitTest/NUTUnrealEngine4/Binaries/Win64/UE4Editor-NUTUnrealEngine4.dll (API version 3944462).
LogModuleManager: Display: Found up-to-date module file ../../../Engine/Plugins/Online/OnlineSubsystem/Binaries/Win64/UE4Editor-OnlineSubsystem.dll (API version 3944462).
LogModuleManager: Display: Found up-to-date module file ../../../Engine/Plugins/Runtime/AndroidPermission/Binaries/Win64/UE4Editor-AndroidPermission.dll (API version 3944462).
LogModuleManager: Display: Found up-to-date module file ../../../Engine/Plugins/Online/OnlineSubsystemNull/Binaries/Win64/UE4Editor-OnlineSubsystemNull.dll (API version 3944462).
LogModuleManager: Display: Found up-to-date module file ../../../Engine/Plugins/Online/OnlineSubsystemUtils/Binaries/Win64/UE4Editor-OnlineSubsystemUtils.dll (API version 3944462).
LogModuleManager: Display: Found up-to-date module file ../../../Engine/Plugins/Online/OnlineSubsystemUtils/Binaries/Win64/UE4Editor-OnlineBlueprintSupport.dll (API version 3944462).
LogModuleManager: Display: Found up-to-date module file ../../../Engine/Plugins/Runtime/AndroidDeviceProfileSelector/Binaries/Win64/UE4Editor-AndroidDeviceProfileSelector.dll (API version 3944462).
LogModuleManager: Display: Found up-to-date module file ../../../Engine/Plugins/Runtime/AppleARKit/Binaries/Win64/UE4Editor-AppleARKit.dll (API version 3944462).
LogModuleManager: Display: Found up-to-date module file ../../../Engine/Plugins/Runtime/ProceduralMeshComponent/Binaries/Win64/UE4Editor-ProceduralMeshComponent.dll (API version 3944462).
LogModuleManager: Display: Found up-to-date module file ../../../Engine/Plugins/Runtime/ProceduralMeshComponent/Binaries/Win64/UE4Editor-ProceduralMeshComponentEditor.dll (API version 3944462).
LogModuleManager: Display: Found up-to-date module file ../../../Engine/Plugins/Animation/LiveLink/Binaries/Win64/UE4Editor-LiveLink.dll (API version 3944462).
LogModuleManager: Display: Found up-to-date module file ../../../Engine/Plugins/Animation/LiveLink/Binaries/Win64/UE4Editor-LiveLinkEditor.dll (API version 3944462).
LogModuleManager: Display: Found up-to-date module file ../../../Engine/Plugins/Runtime/ArchVisCharacter/Binaries/Win64/UE4Editor-ArchVisCharacter.dll (API version 3944462).
LogModuleManager: Display: Found up-to-date module file ../../../Engine/Plugins/Runtime/AudioCapture/Binaries/Win64/UE4Editor-AudioCapture.dll (API version 3944462).
LogModuleManager: Display: Found up-to-date module file ../../../Engine/Plugins/Runtime/AudioCapture/Binaries/Win64/UE4Editor-AudioCaptureEditor.dll (API version 3944462).
LogModuleManager: Display: Found up-to-date module file ../../../Engine/Plugins/Runtime/CableComponent/Binaries/Win64/UE4Editor-CableComponent.dll (API version 3944462).
LogModuleManager: Display: Found up-to-date module file ../../../Engine/Plugins/Runtime/CustomMeshComponent/Binaries/Win64/UE4Editor-CustomMeshComponent.dll (API version 3944462).
LogModuleManager: Display: Found up-to-date module file ../../../Engine/Plugins/Runtime/ExampleDeviceProfileSelector/Binaries/Win64/UE4Editor-ExampleDeviceProfileSelector.dll (API version 3944462).
LogModuleManager: Display: Found up-to-date module file ../../../Engine/Plugins/Runtime/ImmediatePhysics/Binaries/Win64/UE4Editor-ImmediatePhysics.dll (API version 3944462).
LogModuleManager: Display: Found up-to-date module file ../../../Engine/Plugins/Runtime/ImmediatePhysics/Binaries/Win64/UE4Editor-ImmediatePhysicsEditor.dll (API version 3944462).
LogModuleManager: Display: Found up-to-date module file ../../../Engine/Plugins/Runtime/LocationServicesBPLibrary/Binaries/Win64/UE4Editor-LocationServicesBPLibrary.dll (API version 3944462).
LogModuleManager: Display: Found up-to-date module file ../../../Engine/Plugins/Runtime/MobilePatchingUtils/Binaries/Win64/UE4Editor-MobilePatchingUtils.dll (API version 3944462).
LogModuleManager: Display: Found up-to-date module file ../../../Engine/Plugins/Runtime/Oculus/OculusVR/Binaries/Win64/UE4Editor-OculusHMD.dll (API version 3944462).
LogModuleManager: Display: Found up-to-date module file ../../../Engine/Plugins/Runtime/Oculus/OculusVR/Binaries/Win64/UE4Editor-OculusInput.dll (API version 3944462).
LogModuleManager: Display: Found up-to-date module file ../../../Engine/Plugins/Runtime/Oculus/OculusVR/Binaries/Win64/UE4Editor-OculusEditor.dll (API version 3944462).
LogModuleManager: Display: Found up-to-date module file ../../../Engine/Plugins/Runtime/PhysXVehicles/Binaries/Win64/UE4Editor-PhysXVehicles.dll (API version 3944462).
LogModuleManager: Display: Found up-to-date module file ../../../Engine/Plugins/Runtime/PhysXVehicles/Binaries/Win64/UE4Editor-PhysXVehiclesEditor.dll (API version 3944462).
LogModuleManager: Display: Found up-to-date module file ../../../Engine/Plugins/Runtime/RuntimePhysXCooking/Binaries/Win64/UE4Editor-RuntimePhysXCooking.dll (API version 3944462).
LogModuleManager: Display: Found up-to-date module file ../../../Engine/Plugins/Runtime/Steam/SteamVR/Binaries/Win64/UE4Editor-SteamVR.dll (API version 3944462).
LogModuleManager: Display: Found up-to-date module file ../../../Engine/Plugins/Runtime/Steam/SteamVR/Binaries/Win64/UE4Editor-SteamVRController.dll (API version 3944462).
LogModuleManager: Display: Found up-to-date module file ../../../Engine/Plugins/Runtime/WindowsMoviePlayer/Binaries/Win64/UE4Editor-WindowsMoviePlayer.dll (API version 3944462).
LogPluginManager: Mounting plugin Paper2D
LogPluginManager: Mounting plugin LiveLink
LogPluginManager: Mounting plugin LightPropagationVolume
LogPluginManager: Mounting plugin CLionSourceCodeAccess
LogPluginManager: Mounting plugin CodeLiteSourceCodeAccess
LogPluginManager: Mounting plugin GitSourceControl
LogPluginManager: Mounting plugin KDevelopSourceCodeAccess
LogPluginManager: Mounting plugin NullSourceCodeAccess
LogPluginManager: Mounting plugin PerforceSourceControl
LogPluginManager: Mounting plugin SubversionSourceControl
LogPluginManager: Mounting plugin UObjectPlugin
LogPluginManager: Mounting plugin VisualStudioCodeSourceCodeAccess
LogPluginManager: Mounting plugin VisualStudioSourceCodeAccess
LogPluginManager: Mounting plugin XCodeSourceCodeAccess
LogPluginManager: Mounting plugin AssetManagerEditor
LogPluginManager: Mounting plugin CryptoKeys
LogPluginManager: Mounting plugin DataValidation
LogPluginManager: Mounting plugin FacialAnimation
LogPluginManager: Mounting plugin GameplayTagsEditor
LogPluginManager: Mounting plugin MobileLauncherProfileWizard
LogPluginManager: Mounting plugin PluginBrowser
LogPluginManager: Mounting plugin SpeedTreeImporter
LogPluginManager: Mounting plugin DatasmithContent
LogPluginManager: Mounting plugin AlembicImporter
LogPluginManager: Mounting plugin CharacterAI
LogPluginManager: Mounting plugin HTML5Networking
LogPluginManager: Mounting plugin DialoguePlugin
LogPluginManager: Mounting plugin AndroidMedia
LogPluginManager: Mounting plugin AvfMedia
LogPluginManager: Mounting plugin ImgMedia
LogPluginManager: Mounting plugin LinearTimecode
LogPluginManager: Mounting plugin MediaCompositing
LogPluginManager: Mounting plugin MediaPlayerEditor
LogPluginManager: Mounting plugin WmfMedia
LogPluginManager: Mounting plugin TcpMessaging
LogPluginManager: Mounting plugin UdpMessaging
LogPluginManager: Mounting plugin ActorSequence
LogPluginManager: Mounting plugin LevelSequenceEditor
LogPluginManager: Mounting plugin MatineeToLevelSequence
LogPluginManager: Mounting plugin NetcodeUnitTest
LogPluginManager: Mounting plugin NUTUnrealEngine4
LogPluginManager: Mounting plugin OnlineSubsystemGooglePlay
LogPluginManager: Mounting plugin OnlineSubsystemIOS
LogPluginManager: Mounting plugin OnlineSubsystem
LogPluginManager: Mounting plugin OnlineSubsystemNull
LogPluginManager: Mounting plugin OnlineSubsystemUtils
LogPluginManager: Mounting plugin AndroidDeviceProfileSelector
LogPluginManager: Mounting plugin AndroidMoviePlayer
LogPluginManager: Mounting plugin AndroidPermission
LogPluginManager: Mounting plugin AppleARKit
LogPluginManager: Mounting plugin AppleMoviePlayer
LogPluginManager: Mounting plugin ArchVisCharacter
LogPluginManager: Mounting plugin AudioCapture
LogPluginManager: Mounting plugin CableComponent
LogPluginManager: Mounting plugin CustomMeshComponent
LogPluginManager: Mounting plugin ExampleDeviceProfileSelector
LogPluginManager: Mounting plugin GoogleCloudMessaging
LogPluginManager: Mounting plugin ImmediatePhysics
LogPluginManager: Mounting plugin IOSDeviceProfileSelector
LogPluginManager: Mounting plugin LinuxDeviceProfileSelector
LogPluginManager: Mounting plugin LocationServicesBPLibrary
LogPluginManager: Mounting plugin MobilePatchingUtils
LogPluginManager: Mounting plugin OculusVR
LogPluginManager: Plugin shader directory ../../../Engine/Plugins/Runtime/Oculus/OculusVR/Shaders found
LogPluginManager: Mapping shader source directory ../../../Engine/Plugins/Runtime/Oculus/OculusVR/Shaders to virtual directory /Plugin/OculusVR
LogPluginManager: Mounting plugin PhysXVehicles
LogPluginManager: Mounting plugin ProceduralMeshComponent
LogPluginManager: Mounting plugin RuntimePhysXCooking
LogPluginManager: Mounting plugin SteamVR
LogPluginManager: Mounting plugin WindowsMoviePlayer
LogStreaming: Display: Took  4.447s to configure plugins.
LogInit: Using libcurl 7.47.1
LogInit:  - built for x86_64-pc-win32
LogInit:  - supports SSL with OpenSSL/1.0.2g
LogInit:  - supports HTTP deflate (compression) using libz 1.2.8
LogInit:  - other features:
LogInit:      CURL_VERSION_SSL
LogInit:      CURL_VERSION_LIBZ
LogInit:      CURL_VERSION_IPV6
LogInit:      CURL_VERSION_ASYNCHDNS
LogInit:      CURL_VERSION_LARGEFILE
LogInit:      CURL_VERSION_IDN
LogInit:  CurlRequestOptions (configurable via config and command line):
LogInit:  - bVerifyPeer = false  - Libcurl will NOT verify peer certificate
LogInit:  - bUseHttpProxy = false  - Libcurl will NOT use HTTP proxy
LogInit:  - bDontReuseConnections = false  - Libcurl will reuse connections
LogInit:  - CertBundlePath = nullptr  - Libcurl will use whatever was configured at build time.
LogInit:  - MaxHostConnections = 16  - Libcurl will limit the number of connections to a host
LogInit:  - LocalHostAddr = Default
LogInit: WinSock: version 1.1 (2.2), MaxSocks=32767, MaxUdp=65467
LogInit: WinSock: I am C-02435 (10.9.70.54:0)
LogInit: Build: ++UE4+Release-4.19-CL-4033788
LogInit: Engine Version: 4.19.2-4033788+++UE4+Release-4.19
LogInit: Compatible Engine Version: 4.19.0-3944462+++UE4+Release-4.19
LogInit: Net CL: 3944462
LogDevObjectVersion: Number of dev versions registered: 18
LogDevObjectVersion:   Dev-Blueprints (B0D832E4-1F89-4F0D-ACCF-7EB736FD4AA2): 10
LogDevObjectVersion:   Dev-Build (E1C64328-A22C-4D53-A36C-8E866417BD8C): 0
LogDevObjectVersion:   Dev-Core (375EC13C-06E4-48FB-B500-84F0262A717E): 2
LogDevObjectVersion:   Dev-Editor (E4B068ED-F494-42E9-A231-DA0B2E46BB41): 23
LogDevObjectVersion:   Dev-Framework (CFFC743F-43B0-4480-9391-14DF171D2073): 33
LogDevObjectVersion:   Dev-Mobile (B02B49B5-BB20-44E9-A304-32B752E40360): 2
LogDevObjectVersion:   Dev-Networking (A4E4105C-59A1-49B5-A7C5-40C4547EDFEE): 0
LogDevObjectVersion:   Dev-Online (39C831C9-5AE6-47DC-9A44-9C173E1C8E7C): 0
LogDevObjectVersion:   Dev-Physics (78F01B33-EBEA-4F98-B9B4-84EACCB95AA2): 0
LogDevObjectVersion:   Dev-Platform (6631380F-2D4D-43E0-8009-CF276956A95A): 0
LogDevObjectVersion:   Dev-Rendering (12F88B9F-8875-4AFC-A67C-D90C383ABD29): 25
LogDevObjectVersion:   Dev-Sequencer (7B5AE74C-D270-4C10-A958-57980B212A5A): 6
LogDevObjectVersion:   Dev-VR (D7296918-1DD6-4BDD-9DE2-64A83CC13884): 1
LogDevObjectVersion:   Dev-LoadTimes (C2A15278-BFE7-4AFE-6C17-90FF531DF755): 1
LogDevObjectVersion:   Private-Geometry (6EACA3D4-40EC-4CC1-B786-8BED09428FC5): 2
LogDevObjectVersion:   Dev-AnimPhys (29E575DD-E0A3-4627-9D10-D276232CDCEA): 16
LogDevObjectVersion:   Dev-ReflectionCapture (6B266CEC-1EC7-4B8F-A30B-E4D90942FC07): 1
LogDevObjectVersion:   Dev-Automation (0DF73D61-A23F-47EA-B727-89E90C41499A): 1
LogInit: Compiled (64-bit): Apr 27 2018 02:06:57
LogInit: Compiled with Visual C++: 19.00.24215.01
LogInit: Build Configuration: Development
LogInit: Branch Name: ++UE4+Release-4.19
LogInit: Command Line: 
LogInit: Base Directory: C:/Program Files/Epic Games/UE_4.19/Engine/Binaries/Win64/
LogInit: Installed Engine Build: 1
LogStreaming: Display: Took  0.044s to delete old logs.
LogInit: Presizing for max 8388607 objects, including 0 objects not considered by GC, pre-allocating 0 bytes for permanent pool.
LogInit: Object subsystem initialized
[2019.03.21-11.52.45:298][  0]LogInit: Selected Device Profile: [Windows]
[2019.03.21-11.52.45:298][  0]LogInit: Applying CVar settings loaded from the selected device profile: [Windows]
[2019.03.21-11.52.45:355][  0]LogInit: Computer: C-02435
[2019.03.21-11.52.45:355][  0]LogInit: User: 1800915
[2019.03.21-11.52.45:355][  0]LogInit: CPU Page size=4096, Cores=6
[2019.03.21-11.52.45:355][  0]LogInit: High frequency timer resolution =3.410072 MHz
[2019.03.21-11.52.45:356][  0]LogMemory: Memory total: Physical=31.9GB (32GB approx)
[2019.03.21-11.52.45:356][  0]LogMemory: Platform Memory Stats for Windows
[2019.03.21-11.52.45:356][  0]LogMemory: Process Physical Memory: 277.13 MB used, 277.13 MB peak
[2019.03.21-11.52.45:356][  0]LogMemory: Process Virtual Memory: 273.11 MB used, 273.11 MB peak
[2019.03.21-11.52.45:356][  0]LogMemory: Physical Memory: 9308.12 MB used,  23381.98 MB free, 32690.10 MB total
[2019.03.21-11.52.45:356][  0]LogMemory: Virtual Memory: 703.20 MB used,  23381.98 MB free, 134217728.00 MB total
[2019.03.21-11.52.45:411][  0]LogInit: Using OS detected language (en-GB).
[2019.03.21-11.52.45:411][  0]LogInit: Using OS detected locale (en-GB).
[2019.03.21-11.52.45:419][  0]LogTextLocalizationManager: No specific localization for 'en-GB' exists, so the 'en' localization will be used.
[2019.03.21-11.52.45:856][  0]LogStreaming: Display: Took  0.444s to EndInitTextLocalization.
[2019.03.21-11.52.45:856][  0]LogInit: Setting process to per monitor DPI aware
[2019.03.21-11.52.45:904][  0]LogSlate: New Slate User Created.  User Index 0, Is Virtual User: 0
[2019.03.21-11.52.45:904][  0]LogSlate: Slate User Registered.  User Index 0, Is Virtual User: 0
[2019.03.21-11.52.46:348][  0]LogD3D11RHI: D3D11 adapters:
[2019.03.21-11.52.46:418][  0]LogD3D11RHI:    0. 'NVIDIA GeForce GTX 1080' (Feature Level 11_0)
[2019.03.21-11.52.46:418][  0]LogD3D11RHI:       8079/0/16345 MB DedicatedVideo/DedicatedSystem/SharedSystem, Outputs:1, VendorId:0x10de
[2019.03.21-11.52.46:422][  0]LogD3D11RHI:    1. 'Microsoft Basic Render Driver' (Feature Level 11_0)
[2019.03.21-11.52.46:422][  0]LogD3D11RHI:       0/0/16345 MB DedicatedVideo/DedicatedSystem/SharedSystem, Outputs:0, VendorId:0x1414
[2019.03.21-11.52.46:422][  0]LogD3D11RHI: Chosen D3D11 Adapter: 0
[2019.03.21-11.52.46:430][  0]LogD3D11RHI: Creating new Direct3DDevice
[2019.03.21-11.52.46:430][  0]LogD3D11RHI:     GPU DeviceId: 0x1b80 (for the marketing name, search the web for "GPU Device Id")
[2019.03.21-11.52.46:430][  0]LogWindows: EnumDisplayDevices:
[2019.03.21-11.52.46:430][  0]LogWindows:    0. 'NVIDIA GeForce GTX 1080' (P:1 D:1)
[2019.03.21-11.52.46:431][  0]LogWindows:    1. 'NVIDIA GeForce GTX 1080' (P:0 D:0)
[2019.03.21-11.52.46:431][  0]LogWindows:    2. 'NVIDIA GeForce GTX 1080' (P:0 D:0)
[2019.03.21-11.52.46:431][  0]LogWindows:    3. 'NVIDIA GeForce GTX 1080' (P:0 D:0)
[2019.03.21-11.52.46:431][  0]LogWindows: DebugString: GetVideoDriverDetailsInvalid PrimaryIsNotTheChoosenAdapter GetVideoDriverDetailsInvalid PrimaryIsNotTheChoosenAdapter GetVideoDriverDetailsInvalid PrimaryIsNotTheChoosenAdapter GetVideoDriverDetailsInvalid PrimaryIsNotTheChoosenAdapter FoundDriverCount:0 
[2019.03.21-11.52.46:431][  0]LogD3D11RHI:     Adapter Name: NVIDIA GeForce GTX 1080
[2019.03.21-11.52.46:431][  0]LogD3D11RHI:   Driver Version: Unknown (internal:Unknown, unified:Unknown)
[2019.03.21-11.52.46:431][  0]LogD3D11RHI:      Driver Date: Unknown
[2019.03.21-11.52.46:431][  0]LogRHI: Texture pool is 5655 MB (70% of 8079 MB)
[2019.03.21-11.52.46:477][  0]LogD3D11RHI: [Aftermath] Aftermath enabled and primed
[2019.03.21-11.52.46:477][  0]LogD3D11RHI: [Aftermath] Aftermath enabled and primed
[2019.03.21-11.52.46:477][  0]LogD3D11RHI: Async texture creation enabled
[2019.03.21-11.52.46:495][  0]LogD3D11RHI: GPU Timing Frequency: 1000.000000 (Debug: 2 2)
[2019.03.21-11.52.46:538][  0]LogShaderCompilers: Guid format shader working directory is -28 characters bigger than the processId version (//nua-cfss15.nua.ac.uk/home2018/1800915/Unreal Projects/InterstellaConflict/Intermediate/Shaders/WorkingDirectory/13716/).
[2019.03.21-11.52.46:539][  0]LogShaderCompilers: Cleaned the shader compiler working directory 'C:/Users/1800915/AppData/Local/Temp/UnrealShaderWorkingDir/2ADE30CD49F923299BF13BAE309DF107/'.
[2019.03.21-11.52.46:822][  0]LogTemp: Display: Loaded TP AllDesktopTargetPlatform
[2019.03.21-11.52.46:844][  0]LogTemp: Display: Loaded TP MacClientTargetPlatform
[2019.03.21-11.52.46:864][  0]LogTemp: Display: Loaded TP MacNoEditorTargetPlatform
[2019.03.21-11.52.46:885][  0]LogTemp: Display: Loaded TP MacServerTargetPlatform
[2019.03.21-11.52.46:907][  0]LogTemp: Display: Loaded TP MacTargetPlatform
[2019.03.21-11.52.46:936][  0]LogTemp: Display: Loaded TP WindowsClientTargetPlatform
[2019.03.21-11.52.47:014][  0]LogTemp: Display: Loaded TP WindowsNoEditorTargetPlatform
[2019.03.21-11.52.47:036][  0]LogTemp: Display: Loaded TP WindowsServerTargetPlatform
[2019.03.21-11.52.47:050][  0]LogTemp: Display: Loaded TP WindowsTargetPlatform
[2019.03.21-11.52.47:071][  0]LogTemp: Display: Loaded TP Android_ASTCTargetPlatform
[2019.03.21-11.52.47:098][  0]LogTemp: Display: Loaded TP Android_ATCTargetPlatform
[2019.03.21-11.52.47:118][  0]LogTemp: Display: Loaded TP Android_DXTTargetPlatform
[2019.03.21-11.52.47:154][  0]LogTemp: Display: Loaded TP Android_ETC1aTargetPlatform
[2019.03.21-11.52.47:174][  0]LogTemp: Display: Loaded TP Android_ETC1TargetPlatform
[2019.03.21-11.52.47:192][  0]LogTemp: Display: Loaded TP Android_ETC2TargetPlatform
[2019.03.21-11.52.47:228][  0]LogTemp: Display: Loaded TP Android_MultiTargetPlatform
[2019.03.21-11.52.47:228][  0]LogTemp: Display: Loaded TP Android_PVRTCTargetPlatform
[2019.03.21-11.52.47:250][  0]LogTemp: Display: Loaded TP AndroidTargetPlatform
[2019.03.21-11.52.47:252][  0]LogTemp: Display: Loaded TP HTML5TargetPlatform
[2019.03.21-11.52.47:302][  0]LogTemp: Display: Loaded TP IOSTargetPlatform
[2019.03.21-11.52.47:320][  0]LogTemp: Display: Loaded TP TVOSTargetPlatform
[2019.03.21-11.52.47:338][  0]LogTemp: Display: Loaded TP LinuxClientTargetPlatform
[2019.03.21-11.52.47:356][  0]LogTemp: Display: Loaded TP LinuxNoEditorTargetPlatform
[2019.03.21-11.52.47:460][  0]LogTemp: Display: Loaded TP LinuxServerTargetPlatform
[2019.03.21-11.52.47:484][  0]LogTemp: Display: Loaded TP LinuxTargetPlatform
[2019.03.21-11.52.47:485][  0]LogTargetPlatformManager: Display: Building Assets For Windows
[2019.03.21-11.52.47:661][  0]LogXGEController: Cleaning working directory: C:/Users/1800915/AppData/Local/Temp/UnrealXGEWorkingDir/
[2019.03.21-11.52.47:661][  0]LogXGEController: Cannot use XGE Controller as Incredibuild is not installed on this machine.
[2019.03.21-11.52.47:661][  0]LogShaderCompilers: Cannot use XGE Shader Compiler as Incredibuild is not installed on this machine.
[2019.03.21-11.52.47:661][  0]LogShaderCompilers: Display: Using Local Shader Compiler.
[2019.03.21-11.52.48:708][  0]LogDerivedDataCache: Display: Max Cache Size: 512 MB
[2019.03.21-11.52.48:797][  0]LogDerivedDataCache: Loaded boot cache 0.09s 74MB C:/Users/1800915/AppData/Local/UnrealEngine/4.19/DerivedDataCache/Boot.ddc.
[2019.03.21-11.52.48:797][  0]LogDerivedDataCache: Display: Loaded Boot cache: C:/Users/1800915/AppData/Local/UnrealEngine/4.19/DerivedDataCache/Boot.ddc
[2019.03.21-11.52.48:798][  0]LogDerivedDataCache: FDerivedDataBackendGraph:  Pak pak cache file //nua-cfss15.nua.ac.uk/home2018/1800915/Unreal Projects/InterstellaConflict/DerivedDataCache/DDC.ddp not found, will not use a pak cache.
[2019.03.21-11.52.48:798][  0]LogDerivedDataCache: Unable to find inner node Pak for hierarchical cache Hierarchy.
[2019.03.21-11.52.48:798][  0]LogDerivedDataCache: FDerivedDataBackendGraph:  CompressedPak pak cache file //nua-cfss15.nua.ac.uk/home2018/1800915/Unreal Projects/InterstellaConflict/DerivedDataCache/Compressed.ddp not found, will not use a pak cache.
[2019.03.21-11.52.48:799][  0]LogDerivedDataCache: Unable to find inner node CompressedPak for hierarchical cache Hierarchy.
[2019.03.21-11.52.48:833][  0]LogDerivedDataCache: Display: Pak cache opened for reading ../../../Engine/DerivedDataCache/Compressed.ddp.
[2019.03.21-11.52.48:847][  0]LogDerivedDataCache: Using Local data cache path C:/Users/1800915/AppData/Local/UnrealEngine/Common/DerivedDataCache: Writable
[2019.03.21-11.52.48:847][  0]LogDerivedDataCache: Shared data cache path not found in *engine.ini, will not use an Shared cache.
[2019.03.21-11.52.48:847][  0]LogDerivedDataCache: Unable to find inner node Shared for hierarchical cache Hierarchy.
[2019.03.21-11.52.48:858][  0]LogMaterial: Verifying Global Shaders for PCD3D_SM5
[2019.03.21-11.52.48:859][  0]LogSlate: Using Freetype 2.6.0
[2019.03.21-11.52.48:860][  0]LogSlate: SlateFontCache - WITH_FREETYPE: 1, WITH_HARFBUZZ: 1
[2019.03.21-11.52.48:860][  0]LogSlate: SlateFontCache - WITH_FREETYPE: 1, WITH_HARFBUZZ: 1
[2019.03.21-11.52.49:116][  0]LogAssetRegistry: FAssetRegistry took 0.0294 seconds to start up
[2019.03.21-11.52.50:158][  0]LogInit: Selected Device Profile: [Windows]
[2019.03.21-11.52.50:265][  0]LogSimplygon: Simplygon DLL not present - disabling.
[2019.03.21-11.52.50:270][  0]LogMeshReduction: Using SimplygonSwarm for distributed automatic mesh merging
[2019.03.21-11.52.50:270][  0]LogMeshReduction: Using QuadricMeshReduction for automatic static mesh reduction
[2019.03.21-11.52.50:270][  0]LogMeshReduction: No automatic skeletal mesh reduction module available
[2019.03.21-11.52.50:270][  0]LogMeshReduction: No automatic mesh merging module available
[2019.03.21-11.52.50:270][  0]LogMeshMerging: No automatic mesh merging module available
[2019.03.21-11.52.50:417][  0]LogNetVersion: MyProject , NetCL: 3944462, EngineNetVer: 2, GameNetVer: 0 (Checksum: 2475486345)
[2019.03.21-11.52.52:822][  0]LogPackageLocalizationCache: Processed 10 localized package path(s) for 2 prioritized culture(s) in 1.719066 seconds
[2019.03.21-11.52.52:831][  0]LogUObjectArray: 36728 objects as part of root set at end of initial load.
[2019.03.21-11.52.52:831][  0]LogUObjectAllocator: 7314304 out of 0 bytes used by permanent object pool.
[2019.03.21-11.52.52:831][  0]LogUObjectArray: CloseDisregardForGC: 0/0 objects in disregard for GC pool
[2019.03.21-11.52.55:440][  0]LogTcpMessaging: Initializing TcpMessaging bridge
[2019.03.21-11.52.55:486][  0]LogUdpMessaging: Initializing bridge on interface 0.0.0.0:0 to multicast group 230.0.0.1:6666.
[2019.03.21-11.52.55:486][  0]LogDirectoryWatcher: A directory notification failed for '//nua-cfss15.nua.ac.uk/home2018/1800915/Unreal Projects/InterstellaConflict/Content/' because it was empty or there was a buffer overflow. Attemping another request...
[2019.03.21-11.52.56:544][  0]SourceControl: Source control is disabled
[2019.03.21-11.52.59:098][  0]LogAndroidPermission: UAndroidPermissionCallbackProxy::GetInstance
[2019.03.21-11.52.59:438][  0]LogOcInput: OculusInput pre-init called
[2019.03.21-11.52.59:680][  0]LogEngine: Initializing Engine...
[2019.03.21-11.52.59:683][  0]LogHMD: Failed to initialize OpenVR with code 110
[2019.03.21-11.52.59:687][  0]LogStats: UGameplayTagsManager::ConstructGameplayTagTree: Construct from data asset -  0.000 s
[2019.03.21-11.52.59:688][  0]LogStats: UGameplayTagsManager::ConstructGameplayTagTree: GameplayTagTreeChangedEvent.Broadcast -  0.000 s
[2019.03.21-11.52.59:978][  0]LogAIModule: Creating AISystem for world Untitled
[2019.03.21-11.52.59:991][  0]LogInit: XAudio2 using 'Speakers / Headphones (Realtek Audio)' : 2 channels at 48 kHz using 32 bits per sample (channel mask 0x3)
[2019.03.21-11.53.00:177][  0]LogInit: FAudioDevice initialized.
[2019.03.21-11.53.00:268][  0]LogDerivedDataCache: Saved boot cache 0.09s 74MB C:/Users/1800915/AppData/Local/UnrealEngine/4.19/DerivedDataCache/Boot.ddc.
[2019.03.21-11.53.00:277][  0]LogInit: Texture streaming: Enabled
[2019.03.21-11.53.00:302][  0]LogEngineSessionManager: EngineSessionManager initialized
[2019.03.21-11.53.00:302][  0]LogEngineSessionManager: EngineSessionManager sent abnormal shutdown report. Type=Crashed, SessionId={1164CEAB-4B78-635B-3D8C-2C9FD03DA675}
[2019.03.21-11.53.00:322][  0]LogInit: Transaction tracking system initialized
[2019.03.21-11.53.00:348][  0]BlueprintLog: New page: Editor Load
[2019.03.21-11.53.00:484][  0]LocalizationService: Localization service is disabled
[2019.03.21-11.53.00:726][  0]LogConsoleResponse: Display: 
[2019.03.21-11.53.00:908][  0]LogCook: Display: Max memory allowance for cook 16384mb min free memory 0mb
[2019.03.21-11.53.00:908][  0]LogCook: Display: Mobile HDR setting 1
[2019.03.21-11.53.00:908][  0]LogGameplayTags: Display: UGameplayTagsManager::DoneAddingNativeTags. DelegateIsBound: 0
[2019.03.21-11.53.00:908][  0]LogStats: UGameplayTagsManager::ConstructGameplayTagTree: Construct from data asset -  0.000 s
[2019.03.21-11.53.00:908][  0]LogStats: UGameplayTagsManager::ConstructGameplayTagTree: GameplayTagTreeChangedEvent.Broadcast -  0.000 s
[2019.03.21-11.53.01:424][  0]LogFileCache: Scanning file cache for directory '//nua-cfss15.nua.ac.uk/home2018/1800915/Unreal Projects/InterstellaConflict/Content/' took 0.44s
[2019.03.21-11.53.01:424][  0]LogLinker: Warning: The file '../../../Engine/Content/BasicShapes/Cube.uasset' contains unrecognizable data, check that it is of the expected type.
[2019.03.21-11.53.01:425][  0]LogLinker: Warning: The file '../../../Engine/Content/BasicShapes/Cube.uasset' contains unrecognizable data, check that it is of the expected type.
[2019.03.21-11.53.01:425][  0]LogUObjectGlobals: Warning: Failed to find object 'StaticMesh /Engine/BasicShapes/Cube.Cube'
[2019.03.21-11.53.01:579][  0]Cmd: MAP LOAD FILE="//nua-cfss15.nua.ac.uk/home2018/1800915/Unreal Projects/InterstellaConflict/Content/ThirdPersonBP/Maps/ThirdPersonExampleMap.umap" TEMPLATE=0 SHOWPROGRESS=1 FEATURELEVEL=3
[2019.03.21-11.53.01:599][  0]LightingResults: New page: Lighting Build
[2019.03.21-11.53.01:601][  0]MapCheck: New page: Map Check
[2019.03.21-11.53.01:601][  0]LightingResults: New page: Lighting Build
[2019.03.21-11.53.02:910][  0]LogUObjectGlobals: Created PersistentFrame Addr=0x000001ca89d76ac0, Size=312, Default__UE4ASP_HeroTPP_AnimBlueprint_C Function /Game/AnimStarterPack/UE4ASP_HeroTPP_AnimBlueprint.UE4ASP_HeroTPP_AnimBlueprint_C:ExecuteUbergraph_UE4ASP_HeroTPP_AnimBlueprint
[2019.03.21-11.53.02:917][  0]LogUObjectGlobals: Created PersistentFrame Addr=0x000001ca8a263200, Size=1648, Default__Ue4ASP_Character_C Function /Game/AnimStarterPack/Ue4ASP_Character.Ue4ASP_Character_C:ExecuteUbergraph_Ue4ASP_Character
[2019.03.21-11.53.03:258][  0]LogUObjectGlobals: Created PersistentFrame Addr=0x000001caa709a5b8, Size=4, Default__Projectile_Base_C Function /Game/AnimStarterPack/Weapon/Projectile/Projectile_Base.Projectile_Base_C:ExecuteUbergraph_Projectile_Base
[2019.03.21-11.53.03:377][  0]LogLinker: Warning: Can't find file '/Game/InfinityBladeEffects/Effects/FX_Materials/Gradient/M_Flare_01_INST'
[2019.03.21-11.53.03:377][  0]LogLinker: Warning: Can't find file for asset '/Game/InfinityBladeEffects/Effects/FX_Materials/Gradient/M_Flare_01_INST' while loading //nua-cfss15.nua.ac.uk/home2018/1800915/Unreal Projects/InterstellaConflict/Content/InfinityBladeEffects/Effects/FX_Monsters/FX_Monster_Elemental/ICE/P_CIN_Eye_Flare_01.uasset.
[2019.03.21-11.53.03:378][  0]LoadErrors: Error: /Game/InfinityBladeEffects/Effects/FX_Monsters/FX_Monster_Elemental/ICE/P_CIN_Eye_Flare_01 : Can't find file for asset. /Game/InfinityBladeEffects/Effects/FX_Materials/Gradient/M_Flare_01_INST
[2019.03.21-11.53.03:378][  0]LogLinker: Warning: Can't find file '/Game/InfinityBladeEffects/Effects/FX_Materials/Gradient/M_Flare_01_INST'
[2019.03.21-11.53.03:378][  0]LogLinker: Warning: Can't find file for asset '/Game/InfinityBladeEffects/Effects/FX_Materials/Gradient/M_Flare_01_INST' while loading //nua-cfss15.nua.ac.uk/home2018/1800915/Unreal Projects/InterstellaConflict/Content/InfinityBladeEffects/Effects/FX_Monsters/FX_Monster_Elemental/ICE/P_CIN_Eye_Flare_01.uasset.
[2019.03.21-11.53.03:378][  0]LoadErrors: Error: /Game/InfinityBladeEffects/Effects/FX_Monsters/FX_Monster_Elemental/ICE/P_CIN_Eye_Flare_01 : Can't find file for asset. /Game/InfinityBladeEffects/Effects/FX_Materials/Gradient/M_Flare_01_INST
[2019.03.21-11.53.03:387][  0]LogUObjectGlobals: Created PersistentFrame Addr=0x000001ca8a256ac0, Size=144, Default__DC-15APlayer_C Function /Game/AnimStarterPack/Weapon/DC-15A/DC-15APlayer.DC-15APlayer_C:ExecuteUbergraph_DC-15APlayer
[2019.03.21-11.53.03:391][  0]LogUObjectGlobals: Created PersistentFrame Addr=0x000001ca8a254720, Size=144, Default__DC-15ABody_C Function /Game/AnimStarterPack/Weapon/DC-15A/DC-15ABody.DC-15ABody_C:ExecuteUbergraph_DC-15ABody
[2019.03.21-11.53.03:591][  0]LogUObjectGlobals: Created PersistentFrame Addr=0x000001ca8f2c5e40, Size=160, Default__DC-15SBody_C Function /Game/AnimStarterPack/Weapon/DC-15S/Dc-15SPlayer/DC-15SBody.DC-15SBody_C:ExecuteUbergraph_DC-15SBody
[2019.03.21-11.53.03:619][  0]LogUObjectGlobals: Created PersistentFrame Addr=0x000001ca8f2c44a0, Size=144, Default__DC-15SPlayer_C Function /Game/AnimStarterPack/Weapon/DC-15S/Dc-15SPlayer/DC-15SPlayer.DC-15SPlayer_C:ExecuteUbergraph_DC-15SPlayer
[2019.03.21-11.53.03:650][  0]LogUObjectGlobals: Created PersistentFrame Addr=0x000001ca89e9bcc0, Size=32, Default__DC-15SWorld_C Function /Game/AnimStarterPack/Weapon/DC-15S/DC-15SWorld.DC-15SWorld_C:ExecuteUbergraph_DC-15SWorld
[2019.03.21-11.53.03:715][  0]LogUObjectGlobals: Created PersistentFrame Addr=0x000001ca8f287d90, Size=16, Default__DC-17Body_C Function /Game/AnimStarterPack/Weapon/DC-17/DC-17Player/DC-17Body.DC-17Body_C:ExecuteUbergraph_DC-17Body
[2019.03.21-11.53.03:745][  0]LogUObjectGlobals: Created PersistentFrame Addr=0x000001ca8f2809a0, Size=144, Default__DC-17Player_C Function /Game/AnimStarterPack/Weapon/DC-17/DC-17Player/DC-17Player.DC-17Player_C:ExecuteUbergraph_DC-17Player
[2019.03.21-11.53.03:773][  0]LogUObjectGlobals: Created PersistentFrame Addr=0x000001ca89e9ba40, Size=32, Default__DC-17World_C Function /Game/AnimStarterPack/Weapon/DC-17/DC-17World.DC-17World_C:ExecuteUbergraph_DC-17World
[2019.03.21-11.53.03:844][  0]LogLinker: Warning: Can't find file '/Game/InfinityBladeEffects/Effects/FX_Materials/Gradient/M_Flare_01_INST'
[2019.03.21-11.53.03:844][  0]LogLinker: Warning: Can't find file for asset '/Game/InfinityBladeEffects/Effects/FX_Materials/Gradient/M_Flare_01_INST' while loading //nua-cfss15.nua.ac.uk/home2018/1800915/Unreal Projects/InterstellaConflict/Content/InfinityBladeEffects/Effects/FX_Monsters/FX_Monster_Elemental/ICE/P_Beam_Impact_Ice.uasset.
[2019.03.21-11.53.03:844][  0]LoadErrors: Error: /Game/InfinityBladeEffects/Effects/FX_Monsters/FX_Monster_Elemental/ICE/P_Beam_Impact_Ice : Can't find file for asset. /Game/InfinityBladeEffects/Effects/FX_Materials/Gradient/M_Flare_01_INST
[2019.03.21-11.53.03:857][  0]LogLinker: Warning: Can't find file '/Game/InfinityBladeEffects/Effects/FX_Textures/Gradient/T_GlowNoise_01'
[2019.03.21-11.53.03:857][  0]LogLinker: Warning: Can't find file for asset '/Game/InfinityBladeEffects/Effects/FX_Textures/Gradient/T_GlowNoise_01' while loading //nua-cfss15.nua.ac.uk/home2018/1800915/Unreal Projects/InterstellaConflict/Content/InfinityBladeEffects/Effects/FX_Materials/M_Shockwave_03_Add_INST.uasset.
[2019.03.21-11.53.03:857][  0]LoadErrors: Error: /Game/InfinityBladeEffects/Effects/FX_Materials/M_Shockwave_03_Add_INST : Can't find file for asset. /Game/InfinityBladeEffects/Effects/FX_Textures/Gradient/T_GlowNoise_01
[2019.03.21-11.53.03:858][  0]LogLinker: Warning: Can't find file '/Game/InfinityBladeEffects/Effects/FX_Textures/Gradient/T_GlowNoise_01'
[2019.03.21-11.53.03:859][  0]LogLinker: Warning: Can't find file for asset '/Game/InfinityBladeEffects/Effects/FX_Textures/Gradient/T_GlowNoise_01' while loading //nua-cfss15.nua.ac.uk/home2018/1800915/Unreal Projects/InterstellaConflict/Content/InfinityBladeEffects/Effects/FX_Materials/M_Shockwave_03_Add_INST.uasset.
[2019.03.21-11.53.03:859][  0]LoadErrors: Error: /Game/InfinityBladeEffects/Effects/FX_Materials/M_Shockwave_03_Add_INST : Can't find file for asset. /Game/InfinityBladeEffects/Effects/FX_Textures/Gradient/T_GlowNoise_01
[2019.03.21-11.53.03:860][  0]LogLinker: Warning: Can't find file '/Game/InfinityBladeEffects/Effects/FX_Materials/Spark/M_Spark_04_SubUV_1_4_INST'
[2019.03.21-11.53.03:860][  0]LogLinker: Warning: Can't find file for asset '/Game/InfinityBladeEffects/Effects/FX_Materials/Spark/M_Spark_04_SubUV_1_4_INST' while loading //nua-cfss15.nua.ac.uk/home2018/1800915/Unreal Projects/InterstellaConflict/Content/InfinityBladeEffects/Effects/FX_Monsters/FX_Monster_Elemental/ICE/P_Beam_Impact_Ice.uasset.
[2019.03.21-11.53.03:861][  0]LoadErrors: Error: /Game/InfinityBladeEffects/Effects/FX_Monsters/FX_Monster_Elemental/ICE/P_Beam_Impact_Ice : Can't find file for asset. /Game/InfinityBladeEffects/Effects/FX_Materials/Spark/M_Spark_04_SubUV_1_4_INST
[2019.03.21-11.53.03:861][  0]LogLinker: Warning: Can't find file '/Game/InfinityBladeEffects/Effects/FX_Materials/Gradient/M_Flare_01_INST'
[2019.03.21-11.53.03:861][  0]LogLinker: Warning: Can't find file for asset '/Game/InfinityBladeEffects/Effects/FX_Materials/Gradient/M_Flare_01_INST' while loading //nua-cfss15.nua.ac.uk/home2018/1800915/Unreal Projects/InterstellaConflict/Content/InfinityBladeEffects/Effects/FX_Monsters/FX_Monster_Elemental/ICE/P_Beam_Impact_Ice.uasset.
[2019.03.21-11.53.03:861][  0]LoadErrors: Error: /Game/InfinityBladeEffects/Effects/FX_Monsters/FX_Monster_Elemental/ICE/P_Beam_Impact_Ice : Can't find file for asset. /Game/InfinityBladeEffects/Effects/FX_Materials/Gradient/M_Flare_01_INST
[2019.03.21-11.53.03:862][  0]LogLinker: Warning: Can't find file '/Game/InfinityBladeEffects/Effects/FX_Materials/Spark/M_Spark_04_SubUV_1_4_INST'
[2019.03.21-11.53.03:862][  0]LogLinker: Warning: Can't find file for asset '/Game/InfinityBladeEffects/Effects/FX_Materials/Spark/M_Spark_04_SubUV_1_4_INST' while loading //nua-cfss15.nua.ac.uk/home2018/1800915/Unreal Projects/InterstellaConflict/Content/InfinityBladeEffects/Effects/FX_Monsters/FX_Monster_Elemental/ICE/P_Beam_Impact_Ice.uasset.
[2019.03.21-11.53.03:862][  0]LoadErrors: Error: /Game/InfinityBladeEffects/Effects/FX_Monsters/FX_Monster_Elemental/ICE/P_Beam_Impact_Ice : Can't find file for asset. /Game/InfinityBladeEffects/Effects/FX_Materials/Spark/M_Spark_04_SubUV_1_4_INST
[2019.03.21-11.53.03:935][  0]LogUObjectGlobals: Destroyed PersistentFrame Addr=0x000001ca89e9bcc0, Size=32
[2019.03.21-11.53.03:935][  0]LogUObjectGlobals: Created PersistentFrame Addr=0x000001ca8e955460, Size=32, Default__DC-15SWorld_C Function /Engine/Transient.REINST_DC-15SWorld_C_2:ExecuteUbergraph_DC-15SWorld
[2019.03.21-11.53.03:935][  0]LogUObjectGlobals: Destroyed PersistentFrame Addr=0x000001ca89e9ba40, Size=32
[2019.03.21-11.53.03:935][  0]LogUObjectGlobals: Created PersistentFrame Addr=0x000001ca8e955420, Size=32, Default__DC-17World_C Function /Engine/Transient.REINST_DC-17World_C_3:ExecuteUbergraph_DC-17World
[2019.03.21-11.53.03:935][  0]LogUObjectGlobals: Destroyed PersistentFrame Addr=0x000001caa709a5b8, Size=4
[2019.03.21-11.53.03:935][  0]LogUObjectGlobals: Created PersistentFrame Addr=0x000001ca8ec9dc70, Size=4, Default__Projectile_Base_C Function /Engine/Transient.REINST_Projectile_Base_C_4:ExecuteUbergraph_Projectile_Base
[2019.03.21-11.53.03:937][  0]LogUObjectGlobals: Destroyed PersistentFrame Addr=0x000001ca89d76ac0, Size=312
[2019.03.21-11.53.03:937][  0]LogUObjectGlobals: Created PersistentFrame Addr=0x000001ca8ea8d6c0, Size=312, Default__UE4ASP_HeroTPP_AnimBlueprint_C Function /Engine/Transient.REINST_UE4ASP_HeroTPP_AnimBlueprint_C_0:ExecuteUbergraph_UE4ASP_HeroTPP_AnimBlueprint
[2019.03.21-11.53.03:937][  0]LogUObjectGlobals: Destroyed PersistentFrame Addr=0x000001ca8a254720, Size=144
[2019.03.21-11.53.03:937][  0]LogUObjectGlobals: Created PersistentFrame Addr=0x000001ca8e8ff4c0, Size=144, Default__DC-15ABody_C Function /Engine/Transient.REINST_DC-15ABody_C_5:ExecuteUbergraph_DC-15ABody
[2019.03.21-11.53.03:937][  0]LogUObjectGlobals: Destroyed PersistentFrame Addr=0x000001ca8a256ac0, Size=144
[2019.03.21-11.53.03:937][  0]LogUObjectGlobals: Created PersistentFrame Addr=0x000001ca8e8fdee0, Size=144, Default__DC-15APlayer_C Function /Engine/Transient.REINST_DC-15APlayer_C_6:ExecuteUbergraph_DC-15APlayer
[2019.03.21-11.53.03:938][  0]LogUObjectGlobals: Destroyed PersistentFrame Addr=0x000001ca8f2c5e40, Size=160
[2019.03.21-11.53.03:938][  0]LogUObjectGlobals: Created PersistentFrame Addr=0x000001ca8e8fc900, Size=160, Default__DC-15SBody_C Function /Engine/Transient.REINST_DC-15SBody_C_7:ExecuteUbergraph_DC-15SBody
[2019.03.21-11.53.03:938][  0]LogUObjectGlobals: Destroyed PersistentFrame Addr=0x000001ca8f2c44a0, Size=144
[2019.03.21-11.53.03:938][  0]LogUObjectGlobals: Created PersistentFrame Addr=0x000001ca8e8fb240, Size=144, Default__DC-15SPlayer_C Function /Engine/Transient.REINST_DC-15SPlayer_C_8:ExecuteUbergraph_DC-15SPlayer
[2019.03.21-11.53.03:938][  0]LogUObjectGlobals: Destroyed PersistentFrame Addr=0x000001ca8f287d90, Size=16
[2019.03.21-11.53.03:938][  0]LogUObjectGlobals: Created PersistentFrame Addr=0x000001ca8e995d20, Size=16, Default__DC-17Body_C Function /Engine/Transient.REINST_DC-17Body_C_9:ExecuteUbergraph_DC-17Body
[2019.03.21-11.53.03:939][  0]LogUObjectGlobals: Destroyed PersistentFrame Addr=0x000001ca8f2809a0, Size=144
[2019.03.21-11.53.03:939][  0]LogUObjectGlobals: Created PersistentFrame Addr=0x000001ca8e8f9800, Size=144, Default__DC-17Player_C Function /Engine/Transient.REINST_DC-17Player_C_10:ExecuteUbergraph_DC-17Player
[2019.03.21-11.53.03:940][  0]LogUObjectGlobals: Destroyed PersistentFrame Addr=0x000001ca8a263200, Size=1648
[2019.03.21-11.53.03:940][  0]LogUObjectGlobals: Created PersistentFrame Addr=0x000001ca8e8ddd00, Size=1648, Default__Ue4ASP_Character_C Function /Engine/Transient.REINST_Ue4ASP_Character_C_11:ExecuteUbergraph_Ue4ASP_Character
[2019.03.21-11.53.03:965][  0]LogBlueprint: Warning: [Compiler UE4ASP_HeroTPP_AnimBlueprint] Idle Rifle to No Weapon Idle  will never be taken, please connect something to  Can Enter Transition
[2019.03.21-11.53.04:028][  0]LogUObjectGlobals: Created PersistentFrame Addr=0x000001caa9fbf3e0, Size=32, Default__DC-15SWorld_C Function /Game/AnimStarterPack/Weapon/DC-15S/DC-15SWorld.DC-15SWorld_C:ExecuteUbergraph_DC-15SWorld
[2019.03.21-11.53.04:028][  0]LogUObjectGlobals: Created PersistentFrame Addr=0x000001caa9fbf140, Size=32, Default__DC-17World_C Function /Game/AnimStarterPack/Weapon/DC-17/DC-17World.DC-17World_C:ExecuteUbergraph_DC-17World
[2019.03.21-11.53.04:029][  0]LogUObjectGlobals: Created PersistentFrame Addr=0x000001ca8f576f60, Size=4, Default__Projectile_Base_C Function /Game/AnimStarterPack/Weapon/Projectile/Projectile_Base.Projectile_Base_C:ExecuteUbergraph_Projectile_Base
[2019.03.21-11.53.04:033][  0]LogUObjectGlobals: Created PersistentFrame Addr=0x000001ca8f4e4b80, Size=312, Default__UE4ASP_HeroTPP_AnimBlueprint_C Function /Game/AnimStarterPack/UE4ASP_HeroTPP_AnimBlueprint.UE4ASP_HeroTPP_AnimBlueprint_C:ExecuteUbergraph_UE4ASP_HeroTPP_AnimBlueprint
[2019.03.21-11.53.04:037][  0]LogUObjectGlobals: Created PersistentFrame Addr=0x000001caa9ef5e40, Size=144, Default__DC-15ABody_C Function /Game/AnimStarterPack/Weapon/DC-15A/DC-15ABody.DC-15ABody_C:ExecuteUbergraph_DC-15ABody
[2019.03.21-11.53.04:041][  0]LogUObjectGlobals: Created PersistentFrame Addr=0x000001caa9ef4ea0, Size=144, Default__DC-15APlayer_C Function /Game/AnimStarterPack/Weapon/DC-15A/DC-15APlayer.DC-15APlayer_C:ExecuteUbergraph_DC-15APlayer
[2019.03.21-11.53.04:044][  0]LogUObjectGlobals: Created PersistentFrame Addr=0x000001caa9ec7ce0, Size=160, Default__DC-15SBody_C Function /Game/AnimStarterPack/Weapon/DC-15S/Dc-15SPlayer/DC-15SBody.DC-15SBody_C:ExecuteUbergraph_DC-15SBody
[2019.03.21-11.53.04:046][  0]LogUObjectGlobals: Created PersistentFrame Addr=0x000001caa9ec6b60, Size=144, Default__DC-15SPlayer_C Function /Game/AnimStarterPack/Weapon/DC-15S/Dc-15SPlayer/DC-15SPlayer.DC-15SPlayer_C:ExecuteUbergraph_DC-15SPlayer
[2019.03.21-11.53.04:047][  0]LogUObjectGlobals: Created PersistentFrame Addr=0x000001ca8f44dae0, Size=16, Default__DC-17Body_C Function /Game/AnimStarterPack/Weapon/DC-17/DC-17Player/DC-17Body.DC-17Body_C:ExecuteUbergraph_DC-17Body
[2019.03.21-11.53.04:048][  0]LogUObjectGlobals: Created PersistentFrame Addr=0x000001caa9ec54e0, Size=144, Default__DC-17Player_C Function /Game/AnimStarterPack/Weapon/DC-17/DC-17Player/DC-17Player.DC-17Player_C:ExecuteUbergraph_DC-17Player
[2019.03.21-11.53.04:057][  0]LogUObjectGlobals: Created PersistentFrame Addr=0x000001caa9e41d00, Size=1648, Default__Ue4ASP_Character_C Function /Game/AnimStarterPack/Ue4ASP_Character.Ue4ASP_Character_C:ExecuteUbergraph_Ue4ASP_Character
[2019.03.21-11.53.04:080][  0]LogBlueprint: Warning: [Compiler UE4ASP_HeroTPP_AnimBlueprint] [0026.86] Compile of UE4ASP_HeroTPP_AnimBlueprint successful, but with 1 Warning(s) [in 181 ms] (/Game/AnimStarterPack/UE4ASP_HeroTPP_AnimBlueprint.UE4ASP_HeroTPP_AnimBlueprint)
[2019.03.21-11.53.04:142][  0]LogUObjectGlobals: Created PersistentFrame Addr=0x000001caa9e1b470, Size=72, Default__AgroCheck_C Function /Game/NPCs/AgroCheck.AgroCheck_C:ExecuteUbergraph_AgroCheck
[2019.03.21-11.53.04:145][  0]LogUObjectGlobals: Created PersistentFrame Addr=0x000001caa9de1408, Size=56, Default__Follower_AI_CON_C Function /Game/NPCs/Follower_AI_CON.Follower_AI_CON_C:ExecuteUbergraph_Follower_AI_CON
[2019.03.21-11.53.04:180][  0]LogUObjectGlobals: Created PersistentFrame Addr=0x000001caa9e92800, Size=120, Default__RapidMoveTo_C Function /Game/NPCs/RapidMoveTo.RapidMoveTo_C:ExecuteUbergraph_RapidMoveTo
[2019.03.21-11.53.04:188][  0]LogUObjectGlobals: Destroyed PersistentFrame Addr=0x000001caa9de1408, Size=56
[2019.03.21-11.53.04:188][  0]LogUObjectGlobals: Created PersistentFrame Addr=0x000001caa9de1408, Size=56, Default__Follower_AI_CON_C Function /Engine/Transient.REINST_Follower_AI_CON_C_25:ExecuteUbergraph_Follower_AI_CON
[2019.03.21-11.53.04:189][  0]LogUObjectGlobals: Destroyed PersistentFrame Addr=0x000001caa9e92800, Size=120
[2019.03.21-11.53.04:189][  0]LogUObjectGlobals: Created PersistentFrame Addr=0x000001caa9e92800, Size=120, Default__RapidMoveTo_C Function /Engine/Transient.REINST_RapidMoveTo_C_26:ExecuteUbergraph_RapidMoveTo
[2019.03.21-11.53.04:189][  0]LogUObjectGlobals: Destroyed PersistentFrame Addr=0x000001caa9e1b470, Size=72
[2019.03.21-11.53.04:189][  0]LogUObjectGlobals: Created PersistentFrame Addr=0x000001caa9eac540, Size=72, Default__AgroCheck_C Function /Engine/Transient.REINST_AgroCheck_C_27:ExecuteUbergraph_AgroCheck
[2019.03.21-11.53.04:196][  0]LogUObjectGlobals: Created PersistentFrame Addr=0x000001caa9de10f8, Size=56, Default__Follower_AI_CON_C Function /Game/NPCs/Follower_AI_CON.Follower_AI_CON_C:ExecuteUbergraph_Follower_AI_CON
[2019.03.21-11.53.04:196][  0]LogUObjectGlobals: Created PersistentFrame Addr=0x000001caa9e90880, Size=120, Default__RapidMoveTo_C Function /Game/NPCs/RapidMoveTo.RapidMoveTo_C:ExecuteUbergraph_RapidMoveTo
[2019.03.21-11.53.04:197][  0]LogUObjectGlobals: Created PersistentFrame Addr=0x000001ca8f4f8220, Size=72, Default__AgroCheck_C Function /Game/NPCs/AgroCheck.AgroCheck_C:ExecuteUbergraph_AgroCheck
[2019.03.21-11.53.04:218][  0]LogUObjectGlobals: Created PersistentFrame Addr=0x000001caa9e90200, Size=120, Default__AI_Character_C Function /Game/NPCs/AI_Character.AI_Character_C:ExecuteUbergraph_AI_Character
[2019.03.21-11.53.04:223][  0]LogUObjectGlobals: Destroyed PersistentFrame Addr=0x000001caa9e90200, Size=120
[2019.03.21-11.53.04:223][  0]LogUObjectGlobals: Created PersistentFrame Addr=0x000001caa9e90200, Size=120, Default__AI_Character_C Function /Engine/Transient.REINST_AI_Character_C_33:ExecuteUbergraph_AI_Character
[2019.03.21-11.53.04:226][  0]LogUObjectGlobals: Created PersistentFrame Addr=0x000001caa9e91380, Size=120, Default__AI_Character_C Function /Game/NPCs/AI_Character.AI_Character_C:ExecuteUbergraph_AI_Character
[2019.03.21-11.53.04:322][  0]LogUObjectGlobals: Created PersistentFrame Addr=0x000001caa9e16dc0, Size=64, Default__ThirdPerson_AnimBP_C Function /Game/Mannequin/Animations/ThirdPerson_AnimBP.ThirdPerson_AnimBP_C:ExecuteUbergraph_ThirdPerson_AnimBP
[2019.03.21-11.53.04:333][  0]LogUObjectGlobals: Destroyed PersistentFrame Addr=0x000001caa9e16dc0, Size=64
[2019.03.21-11.53.04:333][  0]LogUObjectGlobals: Created PersistentFrame Addr=0x000001caa9e16d80, Size=64, Default__ThirdPerson_AnimBP_C Function /Engine/Transient.REINST_ThirdPerson_AnimBP_C_1:ExecuteUbergraph_ThirdPerson_AnimBP
[2019.03.21-11.53.04:341][  0]LogUObjectGlobals: Created PersistentFrame Addr=0x000001ca8ee4da80, Size=72, Default__ThirdPerson_AnimBP_C Function /Game/Mannequin/Animations/ThirdPerson_AnimBP.ThirdPerson_AnimBP_C:ExecuteUbergraph_ThirdPerson_AnimBP
[2019.03.21-11.53.04:560][  0]LogUObjectGlobals: Created PersistentFrame Addr=0x000001ca8fecb380, Size=296, Default__ThirdPersonCharacter_C Function /Game/ThirdPersonBP/Blueprints/ThirdPersonCharacter.ThirdPersonCharacter_C:ExecuteUbergraph_ThirdPersonCharacter
[2019.03.21-11.53.04:569][  0]LogUObjectGlobals: Destroyed PersistentFrame Addr=0x000001ca8fecb380, Size=296
[2019.03.21-11.53.04:569][  0]LogUObjectGlobals: Created PersistentFrame Addr=0x000001ca8fecb380, Size=296, Default__ThirdPersonCharacter_C Function /Engine/Transient.REINST_ThirdPersonCharacter_C_36:ExecuteUbergraph_ThirdPersonCharacter
[2019.03.21-11.53.04:576][  0]LogUObjectGlobals: Created PersistentFrame Addr=0x000001ca8fec9a80, Size=296, Default__ThirdPersonCharacter_C Function /Game/ThirdPersonBP/Blueprints/ThirdPersonCharacter.ThirdPersonCharacter_C:ExecuteUbergraph_ThirdPersonCharacter
[2019.03.21-11.53.04:712][  0]LogUObjectGlobals: Created PersistentFrame Addr=0x000001ca8ec6e660, Size=32, Default__DC-15AWorld_C Function /Game/AnimStarterPack/Weapon/DC-15A/DC-15AWorld.DC-15AWorld_C:ExecuteUbergraph_DC-15AWorld
[2019.03.21-11.53.04:715][  0]LogUObjectGlobals: Destroyed PersistentFrame Addr=0x000001ca8ec6e660, Size=32
[2019.03.21-11.53.04:715][  0]LogUObjectGlobals: Created PersistentFrame Addr=0x000001ca8ec6e660, Size=32, Default__DC-15AWorld_C Function /Engine/Transient.REINST_DC-15AWorld_C_40:ExecuteUbergraph_DC-15AWorld
[2019.03.21-11.53.04:716][  0]LogUObjectGlobals: Created PersistentFrame Addr=0x000001ca8ec6c3c0, Size=32, Default__DC-15AWorld_C Function /Game/AnimStarterPack/Weapon/DC-15A/DC-15AWorld.DC-15AWorld_C:ExecuteUbergraph_DC-15AWorld
[2019.03.21-11.53.04:757][  0]LogLinker: Warning: The file '../../../Engine/Content/BasicShapes/Cube.uasset' contains unrecognizable data, check that it is of the expected type.
[2019.03.21-11.53.04:757][  0]LogLinker: Warning: The file '../../../Engine/Content/BasicShapes/Cube.uasset' contains unrecognizable data, check that it is of the expected type.
[2019.03.21-11.53.05:288][  0]LogLinker: Warning: The file '../../../Engine/Content/BasicShapes/Cube.uasset' contains unrecognizable data, check that it is of the expected type.
[2019.03.21-11.53.05:288][  0]LogLinker: Warning: The file '../../../Engine/Content/BasicShapes/Cube.uasset' contains unrecognizable data, check that it is of the expected type.
[2019.03.21-11.53.05:306][  0]LogLinker: Warning: The file '../../../Engine/Content/BasicShapes/Cube.uasset' contains unrecognizable data, check that it is of the expected type.
[2019.03.21-11.53.05:306][  0]LogLinker: Warning: The file '../../../Engine/Content/BasicShapes/Cube.uasset' contains unrecognizable data, check that it is of the expected type.
[2019.03.21-11.53.05:307][  0]LogLinker: Warning: The file '../../../Engine/Content/BasicShapes/Cube.uasset' contains unrecognizable data, check that it is of the expected type.
[2019.03.21-11.53.05:308][  0]LogLinker: Warning: The file '../../../Engine/Content/BasicShapes/Cube.uasset' contains unrecognizable data, check that it is of the expected type.
[2019.03.21-11.53.05:371][  0]LogLinker: Warning: The file '../../../Engine/Content/BasicShapes/Cube.uasset' contains unrecognizable data, check that it is of the expected type.
[2019.03.21-11.53.05:372][  0]LogLinker: Warning: The file '../../../Engine/Content/BasicShapes/Cube.uasset' contains unrecognizable data, check that it is of the expected type.
[2019.03.21-11.53.05:373][  0]LogLinker: Warning: The file '../../../Engine/Content/BasicShapes/Cube.uasset' contains unrecognizable data, check that it is of the expected type.
[2019.03.21-11.53.05:374][  0]LogLinker: Warning: The file '../../../Engine/Content/BasicShapes/Cube.uasset' contains unrecognizable data, check that it is of the expected type.
[2019.03.21-11.53.05:446][  0]LogLinker: Warning: Can't find file '/Game/InfinityBladeEffects/Effects/FX_Materials/Gradient/M_Flare_01_INST'
[2019.03.21-11.53.05:447][  0]LoadErrors: Failed to load /Game/InfinityBladeEffects/Effects/FX_Materials/Gradient/M_Flare_01_INST.M_Flare_01_INST Referenced by ParticleModuleRequired_1
[2019.03.21-11.53.05:447][  0]LogLinker: Warning: Can't find file for asset '/Game/InfinityBladeEffects/Effects/FX_Materials/Gradient/M_Flare_01_INST' while loading NULL.
[2019.03.21-11.53.05:447][  0]LoadErrors: Failed to load /Game/InfinityBladeEffects/Effects/FX_Materials/Gradient/M_Flare_01_INST.M_Flare_01_INST Referenced by ParticleModuleRequired_1
[2019.03.21-11.53.05:447][  0]LogLinker: Warning: Can't find file '/Game/InfinityBladeEffects/Effects/FX_Materials/Gradient/M_Flare_01_INST'
[2019.03.21-11.53.05:448][  0]LoadErrors: Failed to load /Game/InfinityBladeEffects/Effects/FX_Materials/Gradient/M_Flare_01_INST.M_Flare_01_INST Referenced by ParticleModuleRequired_3
[2019.03.21-11.53.05:448][  0]LogLinker: Warning: Can't find file for asset '/Game/InfinityBladeEffects/Effects/FX_Materials/Gradient/M_Flare_01_INST' while loading NULL.
[2019.03.21-11.53.05:448][  0]LoadErrors: Failed to load /Game/InfinityBladeEffects/Effects/FX_Materials/Gradient/M_Flare_01_INST.M_Flare_01_INST Referenced by ParticleModuleRequired_3
[2019.03.21-11.53.05:470][  0]LogLinker: Warning: Can't find file '/Game/InfinityBladeEffects/Effects/FX_Textures/Gradient/T_GlowNoise_01'
[2019.03.21-11.53.05:470][  0]LoadErrors: Failed to load /Game/InfinityBladeEffects/Effects/FX_Textures/Gradient/T_GlowNoise_01.T_GlowNoise_01 Referenced by M_Shockwave_03_Add_INST
[2019.03.21-11.53.05:471][  0]LogLinker: Warning: Can't find file for asset '/Game/InfinityBladeEffects/Effects/FX_Textures/Gradient/T_GlowNoise_01' while loading NULL.
[2019.03.21-11.53.05:471][  0]LoadErrors: Failed to load /Game/InfinityBladeEffects/Effects/FX_Textures/Gradient/T_GlowNoise_01.T_GlowNoise_01 Referenced by M_Shockwave_03_Add_INST
[2019.03.21-11.53.05:477][  0]LogLinker: Warning: Can't find file '/Game/InfinityBladeEffects/Effects/FX_Materials/Spark/M_Spark_04_SubUV_1_4_INST'
[2019.03.21-11.53.05:477][  0]LoadErrors: Failed to load /Game/InfinityBladeEffects/Effects/FX_Materials/Spark/M_Spark_04_SubUV_1_4_INST.M_Spark_04_SubUV_1_4_INST Referenced by ParticleModuleRequired_6
[2019.03.21-11.53.05:477][  0]LogLinker: Warning: Can't find file for asset '/Game/InfinityBladeEffects/Effects/FX_Materials/Spark/M_Spark_04_SubUV_1_4_INST' while loading NULL.
[2019.03.21-11.53.05:477][  0]LoadErrors: Failed to load /Game/InfinityBladeEffects/Effects/FX_Materials/Spark/M_Spark_04_SubUV_1_4_INST.M_Spark_04_SubUV_1_4_INST Referenced by ParticleModuleRequired_6
[2019.03.21-11.53.05:478][  0]LogLinker: Warning: Can't find file '/Game/InfinityBladeEffects/Effects/FX_Materials/Gradient/M_Flare_01_INST'
[2019.03.21-11.53.05:478][  0]LoadErrors: Failed to load /Game/InfinityBladeEffects/Effects/FX_Materials/Gradient/M_Flare_01_INST.M_Flare_01_INST Referenced by ParticleModuleRequired_7
[2019.03.21-11.53.05:478][  0]LogLinker: Warning: Can't find file for asset '/Game/InfinityBladeEffects/Effects/FX_Materials/Gradient/M_Flare_01_INST' while loading NULL.
[2019.03.21-11.53.05:478][  0]LoadErrors: Failed to load /Game/InfinityBladeEffects/Effects/FX_Materials/Gradient/M_Flare_01_INST.M_Flare_01_INST Referenced by ParticleModuleRequired_7
[2019.03.21-11.53.06:515][  0]LogSkeletalMesh: Skeletal Mesh found in DDC [15.758318ms] /Game/AnimStarterPack/UE4_Mannequin/Mesh/SK_Mannequin.SK_Mannequin
[2019.03.21-11.53.06:653][  0]LogAnimationCompression: Building Anim DDC data for AnimSequence /Game/AnimStarterPack/AimPoses/Ironsight/ironsight_Right_Up.ironsight_Right_Up
[2019.03.21-11.53.06:654][  0]LogAnimationCompression: Recompressing (AnimSequence /Game/AnimStarterPack/AimPoses/Ironsight/ironsight_Right_Up.ironsight_Right_Up) using current/default (AnimCompress_BitwiseCompressOnly_54) bFirstRecompressUsingCurrentOrDefault(1) bTryAlternateCompressor(0) IsCompressedDataValid(0)
[2019.03.21-11.53.06:654][  0]LogAnimationCompression: Building Anim DDC data for AnimSequence /Game/AnimStarterPack/AimPoses/Ironsight/Ironsight_Right_Down.Ironsight_Right_Down
[2019.03.21-11.53.06:654][  0]LogAnimationCompression: Recompressing (AnimSequence /Game/AnimStarterPack/AimPoses/Ironsight/Ironsight_Right_Down.Ironsight_Right_Down) using current/default (AnimCompress_BitwiseCompressOnly_62) bFirstRecompressUsingCurrentOrDefault(1) bTryAlternateCompressor(0) IsCompressedDataValid(0)
[2019.03.21-11.53.06:655][  0]LogAnimationCompression: Building Anim DDC data for AnimSequence /Game/AnimStarterPack/AimPoses/Ironsight/Ironsight_Right.Ironsight_Right
[2019.03.21-11.53.06:655][  0]LogAnimationCompression: Recompressing (AnimSequence /Game/AnimStarterPack/AimPoses/Ironsight/Ironsight_Right.Ironsight_Right) using current/default (AnimCompress_BitwiseCompressOnly_61) bFirstRecompressUsingCurrentOrDefault(1) bTryAlternateCompressor(0) IsCompressedDataValid(0)
[2019.03.21-11.53.06:655][  0]LogAnimationCompression: Building Anim DDC data for AnimSequence /Game/AnimStarterPack/AimPoses/Ironsight/Ironsight_left_up.Ironsight_left_up
[2019.03.21-11.53.06:655][  0]LogAnimationCompression: Recompressing (AnimSequence /Game/AnimStarterPack/AimPoses/Ironsight/Ironsight_left_up.Ironsight_left_up) using current/default (AnimCompress_BitwiseCompressOnly_60) bFirstRecompressUsingCurrentOrDefault(1) bTryAlternateCompressor(0) IsCompressedDataValid(0)
[2019.03.21-11.53.06:656][  0]LogAnimationCompression: Building Anim DDC data for AnimSequence /Game/AnimStarterPack/AimPoses/Hip/Aim_Right_Up.Aim_Right_Up
[2019.03.21-11.53.06:656][  0]LogAnimationCompression: Recompressing (AnimSequence /Game/AnimStarterPack/AimPoses/Hip/Aim_Right_Up.Aim_Right_Up) using current/default (AnimCompress_BitwiseCompressOnly_9) bFirstRecompressUsingCurrentOrDefault(1) bTryAlternateCompressor(0) IsCompressedDataValid(0)
[2019.03.21-11.53.06:656][  0]LogAnimationCompression: Building Anim DDC data for AnimSequence /Game/AnimStarterPack/AimPoses/Hip/Aim_Right_Down.Aim_Right_Down
[2019.03.21-11.53.06:657][  0]LogAnimationCompression: Recompressing (AnimSequence /Game/AnimStarterPack/AimPoses/Hip/Aim_Right_Down.Aim_Right_Down) using current/default (AnimCompress_BitwiseCompressOnly_8) bFirstRecompressUsingCurrentOrDefault(1) bTryAlternateCompressor(0) IsCompressedDataValid(0)
[2019.03.21-11.53.06:677][  0]LogSkeletalMesh: Skeletal Mesh found in DDC [1.458034ms] /Game/AnimStarterPack/Weapon/DC-15A/DC-15A_UE4.DC-15A_UE4
[2019.03.21-11.53.06:778][  0]LogSkeletalMesh: Skeletal Mesh found in DDC [1.042793ms] /Game/AnimStarterPack/Weapon/DC-17/DC-17Player/DC-17.DC-17
[2019.03.21-11.53.06:801][  0]LogSkeletalMesh: Skeletal Mesh found in DDC [1.134873ms] /Game/AnimStarterPack/Weapon/DC-15S/Dc-15SPlayer/DC-15S.DC-15S
[2019.03.21-11.53.06:865][  0]LogAnimationCompression: Building Anim DDC data for AnimSequence /Game/AnimStarterPack/AimPoses/Hip/Aim_Right_Center.Aim_Right_Center
[2019.03.21-11.53.06:865][  0]LogAnimationCompression: Recompressing (AnimSequence /Game/AnimStarterPack/AimPoses/Hip/Aim_Right_Center.Aim_Right_Center) using current/default (AnimCompress_BitwiseCompressOnly_7) bFirstRecompressUsingCurrentOrDefault(1) bTryAlternateCompressor(0) IsCompressedDataValid(0)
[2019.03.21-11.53.06:865][  0]LogAnimationCompression: Building Anim DDC data for AnimSequence /Game/AnimStarterPack/AimPoses/Hip/Aim_Left_Up.Aim_Left_Up
[2019.03.21-11.53.06:866][  0]LogAnimationCompression: Recompressing (AnimSequence /Game/AnimStarterPack/AimPoses/Hip/Aim_Left_Up.Aim_Left_Up) using current/default (AnimCompress_BitwiseCompressOnly_6) bFirstRecompressUsingCurrentOrDefault(1) bTryAlternateCompressor(0) IsCompressedDataValid(0)
[2019.03.21-11.53.06:866][  0]LogAnimationCompression: Building Anim DDC data for AnimSequence /Game/AnimStarterPack/AimPoses/Hip/Aim_Left_Down.Aim_Left_Down
[2019.03.21-11.53.06:866][  0]LogAnimationCompression: Recompressing (AnimSequence /Game/AnimStarterPack/AimPoses/Hip/Aim_Left_Down.Aim_Left_Down) using current/default (AnimCompress_BitwiseCompressOnly_5) bFirstRecompressUsingCurrentOrDefault(1) bTryAlternateCompressor(0) IsCompressedDataValid(0)
[2019.03.21-11.53.06:924][  0]LogAnimationCompression: Building Anim DDC data for AnimSequence /Game/AnimStarterPack/AimPoses/Hip/Aim_Center.Aim_Center
[2019.03.21-11.53.06:924][  0]LogAnimationCompression: Recompressing (AnimSequence /Game/AnimStarterPack/AimPoses/Hip/Aim_Center.Aim_Center) using current/default (AnimCompress_BitwiseCompressOnly_1) bFirstRecompressUsingCurrentOrDefault(1) bTryAlternateCompressor(0) IsCompressedDataValid(0)
[2019.03.21-11.53.06:958][  0]LogSkeletalMesh: Skeletal Mesh found in DDC [11.589198ms] /Game/Mannequin/Character/Mesh/SK_Mannequin.SK_Mannequin
[2019.03.21-11.53.07:021][  0]LogSkeletalMesh: Skeletal Mesh found in DDC [5.859407ms] /Game/AnimStarterPack/Vehicles/LAAT/LAAT/LAATTextured.LAATTextured
[2019.03.21-11.53.07:200][  0]LogAIModule: Creating AISystem for world ThirdPersonExampleMap
[2019.03.21-11.53.07:229][  0]LogEditorServer: Finished looking for orphan Actors (0.000 secs)
[2019.03.21-11.53.07:249][  0]LogUObjectGlobals: Destroyed PersistentFrame Addr=0x000001ca8ea8d6c0, Size=312
[2019.03.21-11.53.07:249][  0]LogUObjectGlobals: Destroyed PersistentFrame Addr=0x000001ca8e8ddd00, Size=1648
[2019.03.21-11.53.07:249][  0]LogUObjectGlobals: Destroyed PersistentFrame Addr=0x000001ca8ec9dc70, Size=4
[2019.03.21-11.53.07:249][  0]LogUObjectGlobals: Destroyed PersistentFrame Addr=0x000001ca8e8fdee0, Size=144
[2019.03.21-11.53.07:249][  0]LogUObjectGlobals: Destroyed PersistentFrame Addr=0x000001ca8e8ff4c0, Size=144
[2019.03.21-11.53.07:249][  0]LogUObjectGlobals: Destroyed PersistentFrame Addr=0x000001ca8e8fc900, Size=160
[2019.03.21-11.53.07:249][  0]LogUObjectGlobals: Destroyed PersistentFrame Addr=0x000001ca8e8fb240, Size=144
[2019.03.21-11.53.07:249][  0]LogUObjectGlobals: Destroyed PersistentFrame Addr=0x000001ca8e955460, Size=32
[2019.03.21-11.53.07:249][  0]LogUObjectGlobals: Destroyed PersistentFrame Addr=0x000001ca8e995d20, Size=16
[2019.03.21-11.53.07:249][  0]LogUObjectGlobals: Destroyed PersistentFrame Addr=0x000001ca8e8f9800, Size=144
[2019.03.21-11.53.07:249][  0]LogUObjectGlobals: Destroyed PersistentFrame Addr=0x000001ca8e955420, Size=32
[2019.03.21-11.53.07:249][  0]LogUObjectGlobals: Destroyed PersistentFrame Addr=0x000001caa9eac540, Size=72
[2019.03.21-11.53.07:249][  0]LogUObjectGlobals: Destroyed PersistentFrame Addr=0x000001caa9de1408, Size=56
[2019.03.21-11.53.07:249][  0]LogUObjectGlobals: Destroyed PersistentFrame Addr=0x000001caa9e92800, Size=120
[2019.03.21-11.53.07:249][  0]LogUObjectGlobals: Destroyed PersistentFrame Addr=0x000001caa9e90200, Size=120
[2019.03.21-11.53.07:249][  0]LogUObjectGlobals: Destroyed PersistentFrame Addr=0x000001caa9e16d80, Size=64
[2019.03.21-11.53.07:249][  0]LogUObjectGlobals: Destroyed PersistentFrame Addr=0x000001ca8fecb380, Size=296
[2019.03.21-11.53.07:249][  0]LogUObjectGlobals: Destroyed PersistentFrame Addr=0x000001ca8ec6e660, Size=32
[2019.03.21-11.53.07:252][  0]Cmd: MAP CHECKDEP NOCLEARLOG
[2019.03.21-11.53.07:467][  0]MapCheck: Map check complete: 0 Error(s), 0 Warning(s), took 214.953ms to complete.
[2019.03.21-11.53.07:467][  0]LogFileHelpers: Loading map 'ThirdPersonExampleMap' took 5.888
[2019.03.21-11.53.07:636][  0]LogCollectionManager: Loaded 0 collections in 0.004534 seconds
[2019.03.21-11.53.07:678][  0]LogFileCache: Scanning file cache for directory '//nua-cfss15.nua.ac.uk/home2018/1800915/Unreal Projects/InterstellaConflict/Saved/Collections/' took 0.01s
[2019.03.21-11.53.07:678][  0]LogFileCache: Scanning file cache for directory '//nua-cfss15.nua.ac.uk/home2018/1800915/Unreal Projects/InterstellaConflict/Content/Developers/1800915/Collections/' took 0.01s
[2019.03.21-11.53.07:678][  0]LogFileCache: Scanning file cache for directory '//nua-cfss15.nua.ac.uk/home2018/1800915/Unreal Projects/InterstellaConflict/Content/Collections/' took 0.01s
[2019.03.21-11.53.07:678][  0]LogCollectionManager: Rebuilt the GUID cache for 0 collections in 0.000000 seconds
[2019.03.21-11.53.07:688][  0]LogContentBrowser: Native class hierarchy populated in 0.0090 seconds. Added 2457 classes and 563 folders.
[2019.03.21-11.53.07:694][  0]LogContentBrowser: Native class hierarchy updated for 'WidgetCarousel' in 0.0003 seconds. Added 0 classes and 0 folders.
[2019.03.21-11.53.07:766][  0]LogContentBrowser: Native class hierarchy updated for 'AddContentDialog' in 0.0003 seconds. Added 0 classes and 0 folders.
[2019.03.21-11.53.07:772][  0]LogContentBrowser: Native class hierarchy updated for 'SceneOutliner' in 0.0004 seconds. Added 1 classes and 2 folders.
[2019.03.21-11.53.07:783][  0]LogLinker: Warning: The file '../../../Engine/Content/BasicShapes/Cube.uasset' contains unrecognizable data, check that it is of the expected type.
[2019.03.21-11.53.07:783][  0]LogLinker: Warning: The file '../../../Engine/Content/BasicShapes/Cube.uasset' contains unrecognizable data, check that it is of the expected type.
[2019.03.21-11.53.07:822][  0]LogContentBrowser: Native class hierarchy updated for 'HierarchicalLODOutliner' in 0.0008 seconds. Added 0 classes and 0 folders.
[2019.03.21-11.53.07:822][  0]LogLoad: (Engine Initialization) Total time: 30.60 seconds
[2019.03.21-11.53.07:822][  0]LogLoad: (Engine Initialization) Total Blueprint compile time: 0.00 seconds
[2019.03.21-11.53.08:182][  0]LogDirectoryWatcher: A directory notification failed for '//nua-cfss15.nua.ac.uk/home2018/1800915/Unreal Projects/InterstellaConflict/Content/' because it was empty or there was a buffer overflow. Attemping another request...
[2019.03.21-11.53.08:182][  0]LogDirectoryWatcher: A directory notification failed for '//nua-cfss15.nua.ac.uk/home2018/1800915/Unreal Projects/InterstellaConflict/Content/', and we were unable to create a new request.
[2019.03.21-11.53.08:182][  0]LogDirectoryWatcher: A directory notification failed for '//nua-cfss15.nua.ac.uk/home2018/1800915/Unreal Projects/InterstellaConflict/Saved/Collections/' because it was empty or there was a buffer overflow. Attemping another request...
[2019.03.21-11.53.08:183][  0]LogDirectoryWatcher: A directory notification failed for '//nua-cfss15.nua.ac.uk/home2018/1800915/Unreal Projects/InterstellaConflict/Content/Developers/1800915/Collections/' because it was empty or there was a buffer overflow. Attemping another request...
[2019.03.21-11.53.08:183][  0]LogDirectoryWatcher: A directory notification failed for '//nua-cfss15.nua.ac.uk/home2018/1800915/Unreal Projects/InterstellaConflict/Content/Collections/' because it was empty or there was a buffer overflow. Attemping another request...
[2019.03.21-11.53.08:188][  0]LogContentStreaming: Texture pool size now 1000 MB
[2019.03.21-11.53.08:193][  0]LogSlate: FSceneViewport::OnFocusLost() reason 2
[2019.03.21-11.53.08:200][  0]LogSlate: Took 0.000504 seconds to synchronously load lazily loaded font '../../../Engine/Content/Slate/Fonts/Roboto-Regular.ttf' (155K)
[2019.03.21-11.53.08:203][  0]LogSlate: Took 0.000425 seconds to synchronously load lazily loaded font '../../../Engine/Content/Slate/Fonts/Roboto-Bold.ttf' (160K)
[2019.03.21-11.53.08:211][  0]LogSlate: Took 0.000347 seconds to synchronously load lazily loaded font '../../../Engine/Content/Editor/Slate/Fonts/FontAwesome.ttf' (139K)
[2019.03.21-11.53.08:513][  1]LogRenderer: Reallocating scene render targets to support 396x120 Format 10 NumSamples 1 (Frame:1).
[2019.03.21-11.53.08:513][  1]LogAssetRegistry: Asset discovery search completed in 19.4184 seconds
[2019.03.21-11.53.08:517][  1]LogCollectionManager: Rebuilt the object cache for 0 collections in 0.000001 seconds (found 0 objects)
[2019.03.21-11.53.08:517][  1]LogCollectionManager: Fixed up redirectors for 0 collections in 0.000073 seconds (updated 0 objects)
[2019.03.21-11.53.08:555][  2]LogRenderer: Reallocating scene render targets to support 396x128 Format 10 NumSamples 1 (Frame:1).
[2019.03.21-11.53.08:830][  2]LogLinker: Warning: The file '../../../Engine/Content/BasicShapes/Cube.uasset' contains unrecognizable data, check that it is of the expected type.
[2019.03.21-11.53.08:847][  2]LogDirectoryWatcher: A directory notification failed for '//nua-cfss15.nua.ac.uk/home2018/1800915/Unreal Projects/InterstellaConflict/Content/Developers/1800915/Collections/' because it was empty or there was a buffer overflow. Attemping another request...
[2019.03.21-11.53.08:847][  2]LogDirectoryWatcher: A directory notification failed for '//nua-cfss15.nua.ac.uk/home2018/1800915/Unreal Projects/InterstellaConflict/Content/Developers/1800915/Collections/', and we were unable to create a new request.
[2019.03.21-11.53.08:847][  2]LogDirectoryWatcher: A directory notification failed for '//nua-cfss15.nua.ac.uk/home2018/1800915/Unreal Projects/InterstellaConflict/Saved/Collections/' because it was empty or there was a buffer overflow. Attemping another request...
[2019.03.21-11.53.08:848][  2]LogDirectoryWatcher: A directory notification failed for '//nua-cfss15.nua.ac.uk/home2018/1800915/Unreal Projects/InterstellaConflict/Saved/Collections/', and we were unable to create a new request.
[2019.03.21-11.53.08:848][  2]LogDirectoryWatcher: A directory notification failed for '//nua-cfss15.nua.ac.uk/home2018/1800915/Unreal Projects/InterstellaConflict/Content/Collections/' because it was empty or there was a buffer overflow. Attemping another request...
[2019.03.21-11.53.08:848][  2]LogDirectoryWatcher: A directory notification failed for '//nua-cfss15.nua.ac.uk/home2018/1800915/Unreal Projects/InterstellaConflict/Content/Collections/', and we were unable to create a new request.
[2019.03.21-11.57.21:174][911]LogSlate: Window 'Message Log' being destroyed
[2019.03.21-11.57.21:176][911]LogSlate: Window 'Message Log' being destroyed
[2019.03.21-11.57.23:529][101]LogRenderer: Reallocating scene render targets to support 1616x808 Format 10 NumSamples 1 (Frame:336).
[2019.03.21-11.57.26:717][464]LogSlate: FSceneViewport::OnFocusLost() reason 0
[2019.03.21-11.57.26:808][475]LogTemp: Repeating last play command: Selected Viewport
[2019.03.21-11.57.26:856][475]LogBlueprintUserMessages: Early PlayInEditor Detection: Level '/Game/ThirdPersonBP/Maps/ThirdPersonExampleMap.ThirdPersonExampleMap:PersistentLevel' has LevelScriptBlueprint '/Game/ThirdPersonBP/Maps/ThirdPersonExampleMap.ThirdPersonExampleMap:PersistentLevel.ThirdPersonExampleMap' with GeneratedClass '/Game/ThirdPersonBP/Maps/ThirdPersonExampleMap.ThirdPersonExampleMap_C' with ClassGeneratedBy '/Game/ThirdPersonBP/Maps/ThirdPersonExampleMap.ThirdPersonExampleMap:PersistentLevel.ThirdPersonExampleMap'
[2019.03.21-11.57.26:857][475]LogPlayLevel: PlayLevel: No blueprints needed recompiling
[2019.03.21-11.57.26:857][475]PIE: New page: PIE session: ThirdPersonExampleMap (21 Mar 2019 11:57:26)
[2019.03.21-11.57.26:857][475]LogPlayLevel: Creating play world package: /Game/ThirdPersonBP/Maps/UEDPIE_0_ThirdPersonExampleMap
[2019.03.21-11.57.26:891][475]LogPlayLevel: PIE: StaticDuplicateObject took: (0.033802s)
[2019.03.21-11.57.26:892][475]LogAIModule: Creating AISystem for world ThirdPersonExampleMap
[2019.03.21-11.57.26:892][475]LogPlayLevel: PIE: World Init took: (0.000915s)
[2019.03.21-11.57.26:892][475]LogPlayLevel: PIE: Created PIE world by copying editor world from /Game/ThirdPersonBP/Maps/ThirdPersonExampleMap.ThirdPersonExampleMap to /Game/ThirdPersonBP/Maps/UEDPIE_0_ThirdPersonExampleMap.ThirdPersonExampleMap (0.034921s)
[2019.03.21-11.57.26:910][475]LogInit: XAudio2 using 'Speakers / Headphones (Realtek Audio)' : 2 channels at 48 kHz using 32 bits per sample (channel mask 0x3)
[2019.03.21-11.57.26:937][475]LogInit: FAudioDevice initialized.
[2019.03.21-11.57.27:188][475]LogLoad: Game class is 'ThirdPersonGameMode_C'
[2019.03.21-11.57.27:200][475]LogWorld: Bringing World /Game/ThirdPersonBP/Maps/UEDPIE_0_ThirdPersonExampleMap.ThirdPersonExampleMap up for play (max tick rate 0) at 2019.03.21-11.57.27
[2019.03.21-11.57.27:201][475]LogWorld: Bringing up level for play took: 0.010619
[2019.03.21-11.57.27:208][475]LogContentBrowser: Native class hierarchy updated for 'MovieSceneCapture' in 0.0006 seconds. Added 11 classes and 0 folders.
[2019.03.21-11.57.27:217][475]PIE: Play in editor start time for /Game/ThirdPersonBP/Maps/UEDPIE_0_ThirdPersonExampleMap -0.543
[2019.03.21-11.57.27:217][475]LogBlueprintUserMessages: Late PlayInEditor Detection: Level '/Game/ThirdPersonBP/Maps/ThirdPersonExampleMap.ThirdPersonExampleMap:PersistentLevel' has LevelScriptBlueprint '/Game/ThirdPersonBP/Maps/ThirdPersonExampleMap.ThirdPersonExampleMap:PersistentLevel.ThirdPersonExampleMap' with GeneratedClass '/Game/ThirdPersonBP/Maps/ThirdPersonExampleMap.ThirdPersonExampleMap_C' with ClassGeneratedBy '/Game/ThirdPersonBP/Maps/ThirdPersonExampleMap.ThirdPersonExampleMap:PersistentLevel.ThirdPersonExampleMap'
[2019.03.21-11.57.56:185][914]LogBlueprintUserMessages: Early EndPlayMap Detection: Level '/Game/ThirdPersonBP/Maps/ThirdPersonExampleMap.ThirdPersonExampleMap:PersistentLevel' has LevelScriptBlueprint '/Game/ThirdPersonBP/Maps/ThirdPersonExampleMap.ThirdPersonExampleMap:PersistentLevel.ThirdPersonExampleMap' with GeneratedClass '/Game/ThirdPersonBP/Maps/ThirdPersonExampleMap.ThirdPersonExampleMap_C' with ClassGeneratedBy '/Game/ThirdPersonBP/Maps/ThirdPersonExampleMap.ThirdPersonExampleMap:PersistentLevel.ThirdPersonExampleMap'
[2019.03.21-11.57.56:227][914]LogBlueprintUserMessages: Late EndPlayMap Detection: Level '/Game/ThirdPersonBP/Maps/ThirdPersonExampleMap.ThirdPersonExampleMap:PersistentLevel' has LevelScriptBlueprint '/Game/ThirdPersonBP/Maps/ThirdPersonExampleMap.ThirdPersonExampleMap:PersistentLevel.ThirdPersonExampleMap' with GeneratedClass '/Game/ThirdPersonBP/Maps/ThirdPersonExampleMap.ThirdPersonExampleMap_C' with ClassGeneratedBy '/Game/ThirdPersonBP/Maps/ThirdPersonExampleMap.ThirdPersonExampleMap:PersistentLevel.ThirdPersonExampleMap'
[2019.03.21-11.58.02:686][666]LogSlate: FSceneViewport::OnFocusLost() reason 2
[2019.03.21-11.58.03:749][791]LogSlate: FSceneViewport::OnFocusLost() reason 2
[2019.03.21-11.58.12:684][834]LogSlate: Window 'Source Control Login' being destroyed
[2019.03.21-11.58.14:167][ 10]LogSlate: FSceneViewport::OnFocusLost() reason 0
[2019.03.21-12.00.27:597][420]LogSlate: FSceneViewport::OnFocusLost() reason 2
[2019.03.21-12.13.44:985][683]LogSlate: FSceneViewport::OnFocusLost() reason 0
[2019.03.21-12.13.45:121][699]LogTemp: Repeating last play command: Selected Viewport
[2019.03.21-12.13.45:214][699]LogBlueprintUserMessages: Early PlayInEditor Detection: Level '/Game/ThirdPersonBP/Maps/ThirdPersonExampleMap.ThirdPersonExampleMap:PersistentLevel' has LevelScriptBlueprint '/Game/ThirdPersonBP/Maps/ThirdPersonExampleMap.ThirdPersonExampleMap:PersistentLevel.ThirdPersonExampleMap' with GeneratedClass '/Game/ThirdPersonBP/Maps/ThirdPersonExampleMap.ThirdPersonExampleMap_C' with ClassGeneratedBy '/Game/ThirdPersonBP/Maps/ThirdPersonExampleMap.ThirdPersonExampleMap:PersistentLevel.ThirdPersonExampleMap'
[2019.03.21-12.13.45:215][699]LogPlayLevel: PlayLevel: No blueprints needed recompiling
[2019.03.21-12.13.45:215][699]PIE: New page: PIE session: ThirdPersonExampleMap (21 Mar 2019 12:13:45)
[2019.03.21-12.13.45:216][699]LogPlayLevel: Creating play world package: /Game/ThirdPersonBP/Maps/UEDPIE_0_ThirdPersonExampleMap
[2019.03.21-12.13.45:240][699]LogPlayLevel: PIE: StaticDuplicateObject took: (0.024050s)
[2019.03.21-12.13.45:241][699]LogAIModule: Creating AISystem for world ThirdPersonExampleMap
[2019.03.21-12.13.45:241][699]LogPlayLevel: PIE: World Init took: (0.000979s)
[2019.03.21-12.13.45:241][699]LogPlayLevel: PIE: Created PIE world by copying editor world from /Game/ThirdPersonBP/Maps/ThirdPersonExampleMap.ThirdPersonExampleMap to /Game/ThirdPersonBP/Maps/UEDPIE_0_ThirdPersonExampleMap.ThirdPersonExampleMap (0.025218s)
[2019.03.21-12.13.45:262][699]LogInit: XAudio2 using 'Speakers / Headphones (Realtek Audio)' : 2 channels at 48 kHz using 32 bits per sample (channel mask 0x3)
[2019.03.21-12.13.45:291][699]LogInit: FAudioDevice initialized.
[2019.03.21-12.13.45:322][699]LogLoad: Game class is 'ThirdPersonGameMode_C'
[2019.03.21-12.13.45:327][699]LogWorld: Bringing World /Game/ThirdPersonBP/Maps/UEDPIE_0_ThirdPersonExampleMap.ThirdPersonExampleMap up for play (max tick rate 0) at 2019.03.21-12.13.45
[2019.03.21-12.13.45:328][699]LogWorld: Bringing up level for play took: 0.005733
[2019.03.21-12.13.45:333][699]PIE: Play in editor start time for /Game/ThirdPersonBP/Maps/UEDPIE_0_ThirdPersonExampleMap -0.44
[2019.03.21-12.13.45:333][699]LogBlueprintUserMessages: Late PlayInEditor Detection: Level '/Game/ThirdPersonBP/Maps/ThirdPersonExampleMap.ThirdPersonExampleMap:PersistentLevel' has LevelScriptBlueprint '/Game/ThirdPersonBP/Maps/ThirdPersonExampleMap.ThirdPersonExampleMap:PersistentLevel.ThirdPersonExampleMap' with GeneratedClass '/Game/ThirdPersonBP/Maps/ThirdPersonExampleMap.ThirdPersonExampleMap_C' with ClassGeneratedBy '/Game/ThirdPersonBP/Maps/ThirdPersonExampleMap.ThirdPersonExampleMap:PersistentLevel.ThirdPersonExampleMap'
[2019.03.21-12.13.49:954][244]LogBlueprintUserMessages: Early EndPlayMap Detection: Level '/Game/ThirdPersonBP/Maps/ThirdPersonExampleMap.ThirdPersonExampleMap:PersistentLevel' has LevelScriptBlueprint '/Game/ThirdPersonBP/Maps/ThirdPersonExampleMap.ThirdPersonExampleMap:PersistentLevel.ThirdPersonExampleMap' with GeneratedClass '/Game/ThirdPersonBP/Maps/ThirdPersonExampleMap.ThirdPersonExampleMap_C' with ClassGeneratedBy '/Game/ThirdPersonBP/Maps/ThirdPersonExampleMap.ThirdPersonExampleMap:PersistentLevel.ThirdPersonExampleMap'
[2019.03.21-12.13.49:990][244]LogBlueprintUserMessages: Late EndPlayMap Detection: Level '/Game/ThirdPersonBP/Maps/ThirdPersonExampleMap.ThirdPersonExampleMap:PersistentLevel' has LevelScriptBlueprint '/Game/ThirdPersonBP/Maps/ThirdPersonExampleMap.ThirdPersonExampleMap:PersistentLevel.ThirdPersonExampleMap' with GeneratedClass '/Game/ThirdPersonBP/Maps/ThirdPersonExampleMap.ThirdPersonExampleMap_C' with ClassGeneratedBy '/Game/ThirdPersonBP/Maps/ThirdPersonExampleMap.ThirdPersonExampleMap:PersistentLevel.ThirdPersonExampleMap'
[2019.03.21-12.13.50:900][341]LogSlate: FSceneViewport::OnFocusLost() reason 0
[2019.03.21-12.13.57:765][899]LogSlate: Took 0.000366 seconds to synchronously load lazily loaded font '../../../Engine/Content/Slate/Fonts/Roboto-Light.ttf' (167K)
[2019.03.21-12.13.59:732][899]LogSlate: Window 'Pick Parent Class' being destroyed
[2019.03.21-12.14.05:912][480]LogTemp: Repeating last play command: Selected Viewport
[2019.03.21-12.14.05:984][480]LogBlueprintUserMessages: Early PlayInEditor Detection: Level '/Game/ThirdPersonBP/Maps/ThirdPersonExampleMap.ThirdPersonExampleMap:PersistentLevel' has LevelScriptBlueprint '/Game/ThirdPersonBP/Maps/ThirdPersonExampleMap.ThirdPersonExampleMap:PersistentLevel.ThirdPersonExampleMap' with GeneratedClass '/Game/ThirdPersonBP/Maps/ThirdPersonExampleMap.ThirdPersonExampleMap_C' with ClassGeneratedBy '/Game/ThirdPersonBP/Maps/ThirdPersonExampleMap.ThirdPersonExampleMap:PersistentLevel.ThirdPersonExampleMap'
[2019.03.21-12.14.05:985][480]LogPlayLevel: PlayLevel: No blueprints needed recompiling
[2019.03.21-12.14.05:985][480]PIE: New page: PIE session: ThirdPersonExampleMap (21 Mar 2019 12:14:05)
[2019.03.21-12.14.05:985][480]LogPlayLevel: Creating play world package: /Game/ThirdPersonBP/Maps/UEDPIE_0_ThirdPersonExampleMap
[2019.03.21-12.14.06:009][480]LogPlayLevel: PIE: StaticDuplicateObject took: (0.024364s)
[2019.03.21-12.14.06:011][480]LogAIModule: Creating AISystem for world ThirdPersonExampleMap
[2019.03.21-12.14.06:011][480]LogPlayLevel: PIE: World Init took: (0.001528s)
[2019.03.21-12.14.06:011][480]LogPlayLevel: PIE: Created PIE world by copying editor world from /Game/ThirdPersonBP/Maps/ThirdPersonExampleMap.ThirdPersonExampleMap to /Game/ThirdPersonBP/Maps/UEDPIE_0_ThirdPersonExampleMap.ThirdPersonExampleMap (0.026189s)
[2019.03.21-12.14.06:033][480]LogInit: XAudio2 using 'Speakers / Headphones (Realtek Audio)' : 2 channels at 48 kHz using 32 bits per sample (channel mask 0x3)
[2019.03.21-12.14.06:059][480]LogInit: FAudioDevice initialized.
[2019.03.21-12.14.06:093][480]LogLoad: Game class is 'ThirdPersonGameMode_C'
[2019.03.21-12.14.06:098][480]LogWorld: Bringing World /Game/ThirdPersonBP/Maps/UEDPIE_0_ThirdPersonExampleMap.ThirdPersonExampleMap up for play (max tick rate 0) at 2019.03.21-12.14.06
[2019.03.21-12.14.06:099][480]LogWorld: Bringing up level for play took: 0.005447
[2019.03.21-12.14.06:103][480]PIE: Play in editor start time for /Game/ThirdPersonBP/Maps/UEDPIE_0_ThirdPersonExampleMap 0.33
[2019.03.21-12.14.06:103][480]LogBlueprintUserMessages: Late PlayInEditor Detection: Level '/Game/ThirdPersonBP/Maps/ThirdPersonExampleMap.ThirdPersonExampleMap:PersistentLevel' has LevelScriptBlueprint '/Game/ThirdPersonBP/Maps/ThirdPersonExampleMap.ThirdPersonExampleMap:PersistentLevel.ThirdPersonExampleMap' with GeneratedClass '/Game/ThirdPersonBP/Maps/ThirdPersonExampleMap.ThirdPersonExampleMap_C' with ClassGeneratedBy '/Game/ThirdPersonBP/Maps/ThirdPersonExampleMap.ThirdPersonExampleMap:PersistentLevel.ThirdPersonExampleMap'
[2019.03.21-12.14.13:926][377]LogBlueprintUserMessages: Early EndPlayMap Detection: Level '/Game/ThirdPersonBP/Maps/ThirdPersonExampleMap.ThirdPersonExampleMap:PersistentLevel' has LevelScriptBlueprint '/Game/ThirdPersonBP/Maps/ThirdPersonExampleMap.ThirdPersonExampleMap:PersistentLevel.ThirdPersonExampleMap' with GeneratedClass '/Game/ThirdPersonBP/Maps/ThirdPersonExampleMap.ThirdPersonExampleMap_C' with ClassGeneratedBy '/Game/ThirdPersonBP/Maps/ThirdPersonExampleMap.ThirdPersonExampleMap:PersistentLevel.ThirdPersonExampleMap'
[2019.03.21-12.14.13:969][377]LogBlueprintUserMessages: Late EndPlayMap Detection: Level '/Game/ThirdPersonBP/Maps/ThirdPersonExampleMap.ThirdPersonExampleMap:PersistentLevel' has LevelScriptBlueprint '/Game/ThirdPersonBP/Maps/ThirdPersonExampleMap.ThirdPersonExampleMap:PersistentLevel.ThirdPersonExampleMap' with GeneratedClass '/Game/ThirdPersonBP/Maps/ThirdPersonExampleMap.ThirdPersonExampleMap_C' with ClassGeneratedBy '/Game/ThirdPersonBP/Maps/ThirdPersonExampleMap.ThirdPersonExampleMap:PersistentLevel.ThirdPersonExampleMap'
[2019.03.21-12.14.15:216][512]LogSlate: FSceneViewport::OnFocusLost() reason 2
[2019.03.21-12.14.24:463][590]SourceControl: fatal: C:/Program Files/Epic Games/UE_4.19/Engine/Content: 'C:/Program Files/Epic Games/UE_4.19/Engine/Content' is outside repository
[2019.03.21-12.14.24:684][590]LogPackageName: Error: DoesPackageExist: DoesPackageExist FAILED: '//nua-cfss15' is not a standard unreal filename or a long path name. Reason: Path does not start with a valid root. Path must begin with: '/Engine/', '/Game/', '/Paper2D/', '/CryptoKeys/', '/DatasmithContent/', '/DialoguePlugin/', '/MediaCompositing/', '/AppleARKit/', '/OculusVR/', '/SteamVR/', '/Config/', '/Script/', '/Memory/', or '/Temp/'
[2019.03.21-12.14.24:684][590]LogLinker: Warning: Can't find file '//nua-cfss15'
[2019.03.21-12.14.24:684][590]LogWindows: Windows GetLastError: The operation completed successfully. (0)
[2019.03.21-12.14.33:331][590]LogWindows: Error: === Critical error: ===
[2019.03.21-12.14.33:331][590]LogWindows: Error: 
[2019.03.21-12.14.33:331][590]LogWindows: Error: Fatal error: [File:D:\Build\++UE4+Release-4.19+Compile\Sync\Engine\Source\Runtime\CoreUObject\Private\UObject\UObjectGlobals.cpp] [Line: 609] 
[2019.03.21-12.14.33:331][590]LogWindows: Error: Attempted to create a package with name containing double slashes. PackageName: //nua-cfss15
[2019.03.21-12.14.33:331][590]LogWindows: Error: 
[2019.03.21-12.14.33:331][590]LogWindows: Error: 
[2019.03.21-12.14.33:331][590]LogWindows: Error: [Callstack] 0x00000000024E5518 KERNELBASE.dll!UnknownFunction []
[2019.03.21-12.14.33:331][590]LogWindows: Error: [Callstack] 0x00000000D4057884 UE4Editor-ApplicationCore.dll!UnknownFunction []
[2019.03.21-12.14.33:331][590]LogWindows: Error: [Callstack] 0x00000000B3136D9B UE4Editor-Core.dll!UnknownFunction []
[2019.03.21-12.14.33:331][590]LogWindows: Error: [Callstack] 0x00000000B3071949 UE4Editor-Core.dll!UnknownFunction []
[2019.03.21-12.14.33:331][590]LogWindows: Error: [Callstack] 0x00000000AEA55E3E UE4Editor-CoreUObject.dll!UnknownFunction []
[2019.03.21-12.14.33:331][590]LogWindows: Error: [Callstack] 0x00000000AEA89A79 UE4Editor-CoreUObject.dll!UnknownFunction []
[2019.03.21-12.14.33:331][590]LogWindows: Error: [Callstack] 0x00000000AEA5F148 UE4Editor-CoreUObject.dll!UnknownFunction []
[2019.03.21-12.14.33:331][590]LogWindows: Error: [Callstack] 0x00000000A2B637BC UE4Editor-SourceControlWindows.dll!UnknownFunction []
[2019.03.21-12.14.33:331][590]LogWindows: Error: [Callstack] 0x00000000A2B790B4 UE4Editor-SourceControlWindows.dll!UnknownFunction []
[2019.03.21-12.14.33:331][590]LogWindows: Error: [Callstack] 0x0000000096C64669 UE4Editor-GitSourceControl.dll!UnknownFunction []
[2019.03.21-12.14.33:331][590]LogWindows: Error: [Callstack] 0x00000000AB72B9BC UE4Editor-SourceControl.dll!UnknownFunction []
[2019.03.21-12.14.33:331][590]LogWindows: Error: [Callstack] 0x00000000AC2FDF0A UE4Editor-UnrealEd.dll!UnknownFunction []
[2019.03.21-12.14.33:331][590]LogWindows: Error: [Callstack] 0x00000000ACB99626 UE4Editor-UnrealEd.dll!UnknownFunction []
[2019.03.21-12.14.33:331][590]LogWindows: Error: [Callstack] 0x00000000009A5EAC UE4Editor.exe!UnknownFunction []
[2019.03.21-12.14.33:331][590]LogWindows: Error: [Callstack] 0x00000000009B6BD0 UE4Editor.exe!UnknownFunction []
[2019.03.21-12.14.33:331][590]LogWindows: Error: [Callstack] 0x00000000009B6C4A UE4Editor.exe!UnknownFunction []
[2019.03.21-12.14.33:331][590]LogWindows: Error: [Callstack] 0x00000000009C4177 UE4Editor.exe!UnknownFunction []
[2019.03.21-12.14.33:331][590]LogWindows: Error: [Callstack] 0x00000000009C5B87 UE4Editor.exe!UnknownFunction []
[2019.03.21-12.14.33:331][590]LogWindows: Error: [Callstack] 0x0000000003703574 KERNEL32.dll!UnknownFunction []
[2019.03.21-12.14.33:331][590]LogWindows: Error: [Callstack] 0x0000000005EECB81 ntdll.dll!UnknownFunction []
[2019.03.21-12.14.33:332][590]LogWindows: Error: [Callstack] 0x0000000005EECB81 ntdll.dll!UnknownFunction []
[2019.03.21-12.14.33:332][590]LogWindows: Error: 
[2019.03.21-12.14.33:409][590]LogExit: Executing StaticShutdownAfterError
[2019.03.21-12.14.33:429][590]LogWindows: FPlatformMisc::RequestExit(1)
[2019.03.21-12.14.33:429][590]Log file closed, 03/21/19 12:14:33
