Log file open, 03/20/19 11:30:23
LogWindows: Failed to load 'aqProf.dll' (GetLastError=126)
LogWindows: File 'aqProf.dll' does not exist
LogWindows: Failed to load 'VtuneApi.dll' (GetLastError=126)
LogWindows: File 'VtuneApi.dll' does not exist
LogWindows: Failed to load 'VtuneApi32e.dll' (GetLastError=126)
LogWindows: File 'VtuneApi32e.dll' does not exist
LogInit: Display: Running engine for game: MyProject
LogPlatformFile: Not using cached read wrapper
LogInit: Display: RandInit(-255261359) SRandInit(-255261359).
LogInit: Read version file with build ID '3944462'
LogInit: Overriding engine version to CL 4033788, compatible CL 3944462
LogInit: Registered custom module enumerator with build ID '3944462'
LogTaskGraph: Started task graph with 5 named threads and 35 total threads with 3 sets of task threads.
LogStats: Stats thread started at 0.613041
LogD3D11RHI: Aftermath initialized
LogICUInternationalization: Display: ICU TimeZone Detection - Raw Offset: +0:00, Platform Override: ''
LogModuleManager: Display: Found up-to-date module file ../../../Engine/Plugins/Marketplace/DialoguePlugin/Binaries/Win64/UE4Editor-DialoguePlugin.dll (API version 3944462).
LogModuleManager: Display: Found up-to-date module file ../../../Engine/Plugins/Marketplace/DialoguePlugin/Binaries/Win64/UE4Editor-DialoguePluginEditor.dll (API version 3944462).
LogModuleManager: Display: Found up-to-date module file ../../../Engine/Plugins/2D/Paper2D/Binaries/Win64/UE4Editor-Paper2D.dll (API version 3944462).
LogModuleManager: Display: Found up-to-date module file ../../../Engine/Plugins/2D/Paper2D/Binaries/Win64/UE4Editor-Paper2DEditor.dll (API version 3944462).
LogModuleManager: Display: Found up-to-date module file ../../../Engine/Plugins/2D/Paper2D/Binaries/Win64/UE4Editor-PaperSpriteSheetImporter.dll (API version 3944462).
LogModuleManager: Display: Found up-to-date module file ../../../Engine/Plugins/2D/Paper2D/Binaries/Win64/UE4Editor-PaperTiledImporter.dll (API version 3944462).
LogModuleManager: Display: Found up-to-date module file ../../../Engine/Plugins/2D/Paper2D/Binaries/Win64/UE4Editor-SmartSnapping.dll (API version 3944462).
LogModuleManager: Display: Found up-to-date module file ../../../Engine/Plugins/Blendables/LightPropagationVolume/Binaries/Win64/UE4Editor-LightPropagationVolumeRuntime.dll (API version 3944462).
LogModuleManager: Display: Found up-to-date module file ../../../Engine/Plugins/Blendables/LightPropagationVolume/Binaries/Win64/UE4Editor-LightPropagationVolumeEditor.dll (API version 3944462).
LogModuleManager: Display: Found up-to-date module file ../../../Engine/Plugins/Developer/CLionSourceCodeAccess/Binaries/Win64/UE4Editor-CLionSourceCodeAccess.dll (API version 3944462).
LogModuleManager: Display: Found up-to-date module file ../../../Engine/Plugins/Developer/GitSourceControl/Binaries/Win64/UE4Editor-GitSourceControl.dll (API version 3944462).
LogModuleManager: Display: Found up-to-date module file ../../../Engine/Plugins/Developer/PerforceSourceControl/Binaries/Win64/UE4Editor-PerforceSourceControl.dll (API version 3944462).
LogModuleManager: Display: Found up-to-date module file ../../../Engine/Plugins/Developer/SubversionSourceControl/Binaries/Win64/UE4Editor-SubversionSourceControl.dll (API version 3944462).
LogModuleManager: Display: Found up-to-date module file ../../../Engine/Plugins/Developer/UObjectPlugin/Binaries/Win64/UE4Editor-UObjectPlugin.dll (API version 3944462).
LogModuleManager: Display: Found up-to-date module file ../../../Engine/Plugins/Developer/VisualStudioCodeSourceCodeAccess/Binaries/Win64/UE4Editor-VisualStudioCodeSourceCodeAccess.dll (API version 3944462).
LogModuleManager: Display: Found up-to-date module file ../../../Engine/Plugins/Developer/VisualStudioSourceCodeAccess/Binaries/Win64/UE4Editor-VisualStudioSourceCodeAccess.dll (API version 3944462).
LogModuleManager: Display: Found up-to-date module file ../../../Engine/Plugins/Editor/AssetManagerEditor/Binaries/Win64/UE4Editor-AssetManagerEditor.dll (API version 3944462).
LogModuleManager: Display: Found up-to-date module file ../../../Engine/Plugins/Editor/CryptoKeys/Binaries/Win64/UE4Editor-CryptoKeys.dll (API version 3944462).
LogModuleManager: Display: Found up-to-date module file ../../../Engine/Plugins/Editor/CryptoKeys/Binaries/Win64/UE4Editor-CryptoKeysOpenSSL.dll (API version 3944462).
LogModuleManager: Display: Found up-to-date module file ../../../Engine/Plugins/Editor/DataValidation/Binaries/Win64/UE4Editor-DataValidation.dll (API version 3944462).
LogModuleManager: Display: Found up-to-date module file ../../../Engine/Plugins/Editor/FacialAnimation/Binaries/Win64/UE4Editor-FacialAnimation.dll (API version 3944462).
LogModuleManager: Display: Found up-to-date module file ../../../Engine/Plugins/Editor/FacialAnimation/Binaries/Win64/UE4Editor-FacialAnimationEditor.dll (API version 3944462).
LogModuleManager: Display: Found up-to-date module file ../../../Engine/Plugins/Editor/GameplayTagsEditor/Binaries/Win64/UE4Editor-GameplayTagsEditor.dll (API version 3944462).
LogModuleManager: Display: Found up-to-date module file ../../../Engine/Plugins/Editor/MobileLauncherProfileWizard/Binaries/Win64/UE4Editor-MobileLauncherProfileWizard.dll (API version 3944462).
LogModuleManager: Display: Found up-to-date module file ../../../Engine/Plugins/Editor/PluginBrowser/Binaries/Win64/UE4Editor-PluginBrowser.dll (API version 3944462).
LogModuleManager: Display: Found up-to-date module file ../../../Engine/Plugins/Editor/SpeedTreeImporter/Binaries/Win64/UE4Editor-SpeedTreeImporter.dll (API version 3944462).
LogModuleManager: Display: Found up-to-date module file ../../../Engine/Plugins/Enterprise/DatasmithContent/Binaries/Win64/UE4Editor-DatasmithContent.dll (API version 3944462).
LogModuleManager: Display: Found up-to-date module file ../../../Engine/Plugins/Experimental/AlembicImporter/Binaries/Win64/UE4Editor-AlembicImporter.dll (API version 3944462).
LogModuleManager: Display: Found up-to-date module file ../../../Engine/Plugins/Experimental/AlembicImporter/Binaries/Win64/UE4Editor-AlembicLibrary.dll (API version 3944462).
LogModuleManager: Display: Found up-to-date module file ../../../Engine/Plugins/Experimental/CharacterAI/Binaries/Win64/UE4Editor-CharacterAI.dll (API version 3944462).
LogModuleManager: Display: Found up-to-date module file ../../../Engine/Plugins/Experimental/HTML5Networking/Binaries/Win64/UE4Editor-HTML5Networking.dll (API version 3944462).
LogModuleManager: Display: Found up-to-date module file ../../../Engine/Plugins/Media/AndroidMedia/Binaries/Win64/UE4Editor-AndroidMediaEditor.dll (API version 3944462).
LogModuleManager: Display: Found up-to-date module file ../../../Engine/Plugins/Media/AndroidMedia/Binaries/Win64/UE4Editor-AndroidMediaFactory.dll (API version 3944462).
LogModuleManager: Display: Found up-to-date module file ../../../Engine/Plugins/Media/AvfMedia/Binaries/Win64/UE4Editor-AvfMediaEditor.dll (API version 3944462).
LogModuleManager: Display: Found up-to-date module file ../../../Engine/Plugins/Media/AvfMedia/Binaries/Win64/UE4Editor-AvfMediaFactory.dll (API version 3944462).
LogModuleManager: Display: Found up-to-date module file ../../../Engine/Plugins/Media/AvfMedia/Binaries/Win64/UE4Editor-AvfMediaFactory.dll (API version 3944462).
LogModuleManager: Display: Found up-to-date module file ../../../Engine/Plugins/Media/ImgMedia/Binaries/Win64/UE4Editor-ImgMedia.dll (API version 3944462).
LogModuleManager: Display: Found up-to-date module file ../../../Engine/Plugins/Media/ImgMedia/Binaries/Win64/UE4Editor-ImgMediaEditor.dll (API version 3944462).
LogModuleManager: Display: Found up-to-date module file ../../../Engine/Plugins/Media/ImgMedia/Binaries/Win64/UE4Editor-ImgMediaFactory.dll (API version 3944462).
LogModuleManager: Display: Found up-to-date module file ../../../Engine/Plugins/Media/ImgMedia/Binaries/Win64/UE4Editor-ImgMediaFactory.dll (API version 3944462).
LogModuleManager: Display: Found up-to-date module file ../../../Engine/Plugins/Media/ImgMedia/Binaries/Win64/UE4Editor-OpenExrWrapper.dll (API version 3944462).
LogModuleManager: Display: Found up-to-date module file ../../../Engine/Plugins/Media/LinearTimecode/Binaries/Win64/UE4Editor-LinearTimecode.dll (API version 3944462).
LogModuleManager: Display: Found up-to-date module file ../../../Engine/Plugins/Media/MediaCompositing/Binaries/Win64/UE4Editor-MediaCompositing.dll (API version 3944462).
LogModuleManager: Display: Found up-to-date module file ../../../Engine/Plugins/Media/MediaCompositing/Binaries/Win64/UE4Editor-MediaCompositingEditor.dll (API version 3944462).
LogModuleManager: Display: Found up-to-date module file ../../../Engine/Plugins/Media/MediaPlayerEditor/Binaries/Win64/UE4Editor-MediaPlayerEditor.dll (API version 3944462).
LogModuleManager: Display: Found up-to-date module file ../../../Engine/Plugins/Media/WmfMedia/Binaries/Win64/UE4Editor-WmfMedia.dll (API version 3944462).
LogModuleManager: Display: Found up-to-date module file ../../../Engine/Plugins/Media/WmfMedia/Binaries/Win64/UE4Editor-WmfMediaEditor.dll (API version 3944462).
LogModuleManager: Display: Found up-to-date module file ../../../Engine/Plugins/Media/WmfMedia/Binaries/Win64/UE4Editor-WmfMediaFactory.dll (API version 3944462).
LogModuleManager: Display: Found up-to-date module file ../../../Engine/Plugins/Media/WmfMedia/Binaries/Win64/UE4Editor-WmfMediaFactory.dll (API version 3944462).
LogModuleManager: Display: Found up-to-date module file ../../../Engine/Plugins/Messaging/TcpMessaging/Binaries/Win64/UE4Editor-TcpMessaging.dll (API version 3944462).
LogModuleManager: Display: Found up-to-date module file ../../../Engine/Plugins/Messaging/UdpMessaging/Binaries/Win64/UE4Editor-UdpMessaging.dll (API version 3944462).
LogModuleManager: Display: Found up-to-date module file ../../../Engine/Plugins/MovieScene/ActorSequence/Binaries/Win64/UE4Editor-ActorSequence.dll (API version 3944462).
LogModuleManager: Display: Found up-to-date module file ../../../Engine/Plugins/MovieScene/LevelSequenceEditor/Binaries/Win64/UE4Editor-LevelSequenceEditor.dll (API version 3944462).
LogModuleManager: Display: Found up-to-date module file ../../../Engine/Plugins/MovieScene/MatineeToLevelSequence/Binaries/Win64/UE4Editor-MatineeToLevelSequence.dll (API version 3944462).
LogModuleManager: Display: Found up-to-date module file ../../../Engine/Plugins/NetcodeUnitTest/NetcodeUnitTest/Binaries/Win64/UE4Editor-NetcodeUnitTest.dll (API version 3944462).
LogModuleManager: Display: Found up-to-date module file ../../../Engine/Plugins/NetcodeUnitTest/NUTUnrealEngine4/Binaries/Win64/UE4Editor-NUTUnrealEngine4.dll (API version 3944462).
LogModuleManager: Display: Found up-to-date module file ../../../Engine/Plugins/Online/OnlineSubsystem/Binaries/Win64/UE4Editor-OnlineSubsystem.dll (API version 3944462).
LogModuleManager: Display: Found up-to-date module file ../../../Engine/Plugins/Runtime/AndroidPermission/Binaries/Win64/UE4Editor-AndroidPermission.dll (API version 3944462).
LogModuleManager: Display: Found up-to-date module file ../../../Engine/Plugins/Online/OnlineSubsystemNull/Binaries/Win64/UE4Editor-OnlineSubsystemNull.dll (API version 3944462).
LogModuleManager: Display: Found up-to-date module file ../../../Engine/Plugins/Online/OnlineSubsystemUtils/Binaries/Win64/UE4Editor-OnlineSubsystemUtils.dll (API version 3944462).
LogModuleManager: Display: Found up-to-date module file ../../../Engine/Plugins/Online/OnlineSubsystemUtils/Binaries/Win64/UE4Editor-OnlineBlueprintSupport.dll (API version 3944462).
LogModuleManager: Display: Found up-to-date module file ../../../Engine/Plugins/Runtime/AndroidDeviceProfileSelector/Binaries/Win64/UE4Editor-AndroidDeviceProfileSelector.dll (API version 3944462).
LogModuleManager: Display: Found up-to-date module file ../../../Engine/Plugins/Runtime/AppleARKit/Binaries/Win64/UE4Editor-AppleARKit.dll (API version 3944462).
LogModuleManager: Display: Found up-to-date module file ../../../Engine/Plugins/Runtime/ProceduralMeshComponent/Binaries/Win64/UE4Editor-ProceduralMeshComponent.dll (API version 3944462).
LogModuleManager: Display: Found up-to-date module file ../../../Engine/Plugins/Runtime/ProceduralMeshComponent/Binaries/Win64/UE4Editor-ProceduralMeshComponentEditor.dll (API version 3944462).
LogModuleManager: Display: Found up-to-date module file ../../../Engine/Plugins/Animation/LiveLink/Binaries/Win64/UE4Editor-LiveLink.dll (API version 3944462).
LogModuleManager: Display: Found up-to-date module file ../../../Engine/Plugins/Animation/LiveLink/Binaries/Win64/UE4Editor-LiveLinkEditor.dll (API version 3944462).
LogModuleManager: Display: Found up-to-date module file ../../../Engine/Plugins/Runtime/ArchVisCharacter/Binaries/Win64/UE4Editor-ArchVisCharacter.dll (API version 3944462).
LogModuleManager: Display: Found up-to-date module file ../../../Engine/Plugins/Runtime/AudioCapture/Binaries/Win64/UE4Editor-AudioCapture.dll (API version 3944462).
LogModuleManager: Display: Found up-to-date module file ../../../Engine/Plugins/Runtime/AudioCapture/Binaries/Win64/UE4Editor-AudioCaptureEditor.dll (API version 3944462).
LogModuleManager: Display: Found up-to-date module file ../../../Engine/Plugins/Runtime/CableComponent/Binaries/Win64/UE4Editor-CableComponent.dll (API version 3944462).
LogModuleManager: Display: Found up-to-date module file ../../../Engine/Plugins/Runtime/CustomMeshComponent/Binaries/Win64/UE4Editor-CustomMeshComponent.dll (API version 3944462).
LogModuleManager: Display: Found up-to-date module file ../../../Engine/Plugins/Runtime/ExampleDeviceProfileSelector/Binaries/Win64/UE4Editor-ExampleDeviceProfileSelector.dll (API version 3944462).
LogModuleManager: Display: Found up-to-date module file ../../../Engine/Plugins/Runtime/ImmediatePhysics/Binaries/Win64/UE4Editor-ImmediatePhysics.dll (API version 3944462).
LogModuleManager: Display: Found up-to-date module file ../../../Engine/Plugins/Runtime/ImmediatePhysics/Binaries/Win64/UE4Editor-ImmediatePhysicsEditor.dll (API version 3944462).
LogModuleManager: Display: Found up-to-date module file ../../../Engine/Plugins/Runtime/LocationServicesBPLibrary/Binaries/Win64/UE4Editor-LocationServicesBPLibrary.dll (API version 3944462).
LogModuleManager: Display: Found up-to-date module file ../../../Engine/Plugins/Runtime/MobilePatchingUtils/Binaries/Win64/UE4Editor-MobilePatchingUtils.dll (API version 3944462).
LogModuleManager: Display: Found up-to-date module file ../../../Engine/Plugins/Runtime/Oculus/OculusVR/Binaries/Win64/UE4Editor-OculusHMD.dll (API version 3944462).
LogModuleManager: Display: Found up-to-date module file ../../../Engine/Plugins/Runtime/Oculus/OculusVR/Binaries/Win64/UE4Editor-OculusInput.dll (API version 3944462).
LogModuleManager: Display: Found up-to-date module file ../../../Engine/Plugins/Runtime/Oculus/OculusVR/Binaries/Win64/UE4Editor-OculusEditor.dll (API version 3944462).
LogModuleManager: Display: Found up-to-date module file ../../../Engine/Plugins/Runtime/PhysXVehicles/Binaries/Win64/UE4Editor-PhysXVehicles.dll (API version 3944462).
LogModuleManager: Display: Found up-to-date module file ../../../Engine/Plugins/Runtime/PhysXVehicles/Binaries/Win64/UE4Editor-PhysXVehiclesEditor.dll (API version 3944462).
LogModuleManager: Display: Found up-to-date module file ../../../Engine/Plugins/Runtime/RuntimePhysXCooking/Binaries/Win64/UE4Editor-RuntimePhysXCooking.dll (API version 3944462).
LogModuleManager: Display: Found up-to-date module file ../../../Engine/Plugins/Runtime/Steam/SteamVR/Binaries/Win64/UE4Editor-SteamVR.dll (API version 3944462).
LogModuleManager: Display: Found up-to-date module file ../../../Engine/Plugins/Runtime/Steam/SteamVR/Binaries/Win64/UE4Editor-SteamVRController.dll (API version 3944462).
LogModuleManager: Display: Found up-to-date module file ../../../Engine/Plugins/Runtime/WindowsMoviePlayer/Binaries/Win64/UE4Editor-WindowsMoviePlayer.dll (API version 3944462).
LogPluginManager: Mounting plugin Paper2D
LogPluginManager: Mounting plugin LiveLink
LogPluginManager: Mounting plugin LightPropagationVolume
LogPluginManager: Mounting plugin CLionSourceCodeAccess
LogPluginManager: Mounting plugin CodeLiteSourceCodeAccess
LogPluginManager: Mounting plugin GitSourceControl
LogPluginManager: Mounting plugin KDevelopSourceCodeAccess
LogPluginManager: Mounting plugin NullSourceCodeAccess
LogPluginManager: Mounting plugin PerforceSourceControl
LogPluginManager: Mounting plugin SubversionSourceControl
LogPluginManager: Mounting plugin UObjectPlugin
LogPluginManager: Mounting plugin VisualStudioCodeSourceCodeAccess
LogPluginManager: Mounting plugin VisualStudioSourceCodeAccess
LogPluginManager: Mounting plugin XCodeSourceCodeAccess
LogPluginManager: Mounting plugin AssetManagerEditor
LogPluginManager: Mounting plugin CryptoKeys
LogPluginManager: Mounting plugin DataValidation
LogPluginManager: Mounting plugin FacialAnimation
LogPluginManager: Mounting plugin GameplayTagsEditor
LogPluginManager: Mounting plugin MobileLauncherProfileWizard
LogPluginManager: Mounting plugin PluginBrowser
LogPluginManager: Mounting plugin SpeedTreeImporter
LogPluginManager: Mounting plugin DatasmithContent
LogPluginManager: Mounting plugin AlembicImporter
LogPluginManager: Mounting plugin CharacterAI
LogPluginManager: Mounting plugin HTML5Networking
LogPluginManager: Mounting plugin DialoguePlugin
LogPluginManager: Mounting plugin AndroidMedia
LogPluginManager: Mounting plugin AvfMedia
LogPluginManager: Mounting plugin ImgMedia
LogPluginManager: Mounting plugin LinearTimecode
LogPluginManager: Mounting plugin MediaCompositing
LogPluginManager: Mounting plugin MediaPlayerEditor
LogPluginManager: Mounting plugin WmfMedia
LogPluginManager: Mounting plugin TcpMessaging
LogPluginManager: Mounting plugin UdpMessaging
LogPluginManager: Mounting plugin ActorSequence
LogPluginManager: Mounting plugin LevelSequenceEditor
LogPluginManager: Mounting plugin MatineeToLevelSequence
LogPluginManager: Mounting plugin NetcodeUnitTest
LogPluginManager: Mounting plugin NUTUnrealEngine4
LogPluginManager: Mounting plugin OnlineSubsystemGooglePlay
LogPluginManager: Mounting plugin OnlineSubsystemIOS
LogPluginManager: Mounting plugin OnlineSubsystem
LogPluginManager: Mounting plugin OnlineSubsystemNull
LogPluginManager: Mounting plugin OnlineSubsystemUtils
LogPluginManager: Mounting plugin AndroidDeviceProfileSelector
LogPluginManager: Mounting plugin AndroidMoviePlayer
LogPluginManager: Mounting plugin AndroidPermission
LogPluginManager: Mounting plugin AppleARKit
LogPluginManager: Mounting plugin AppleMoviePlayer
LogPluginManager: Mounting plugin ArchVisCharacter
LogPluginManager: Mounting plugin AudioCapture
LogPluginManager: Mounting plugin CableComponent
LogPluginManager: Mounting plugin CustomMeshComponent
LogPluginManager: Mounting plugin ExampleDeviceProfileSelector
LogPluginManager: Mounting plugin GoogleCloudMessaging
LogPluginManager: Mounting plugin ImmediatePhysics
LogPluginManager: Mounting plugin IOSDeviceProfileSelector
LogPluginManager: Mounting plugin LinuxDeviceProfileSelector
LogPluginManager: Mounting plugin LocationServicesBPLibrary
LogPluginManager: Mounting plugin MobilePatchingUtils
LogPluginManager: Mounting plugin OculusVR
LogPluginManager: Plugin shader directory ../../../Engine/Plugins/Runtime/Oculus/OculusVR/Shaders found
LogPluginManager: Mapping shader source directory ../../../Engine/Plugins/Runtime/Oculus/OculusVR/Shaders to virtual directory /Plugin/OculusVR
LogPluginManager: Mounting plugin PhysXVehicles
LogPluginManager: Mounting plugin ProceduralMeshComponent
LogPluginManager: Mounting plugin RuntimePhysXCooking
LogPluginManager: Mounting plugin SteamVR
LogPluginManager: Mounting plugin WindowsMoviePlayer
LogStreaming: Display: Took  3.616s to configure plugins.
LogInit: Using libcurl 7.47.1
LogInit:  - built for x86_64-pc-win32
LogInit:  - supports SSL with OpenSSL/1.0.2g
LogInit:  - supports HTTP deflate (compression) using libz 1.2.8
LogInit:  - other features:
LogInit:      CURL_VERSION_SSL
LogInit:      CURL_VERSION_LIBZ
LogInit:      CURL_VERSION_IPV6
LogInit:      CURL_VERSION_ASYNCHDNS
LogInit:      CURL_VERSION_LARGEFILE
LogInit:      CURL_VERSION_IDN
LogInit:  CurlRequestOptions (configurable via config and command line):
LogInit:  - bVerifyPeer = false  - Libcurl will NOT verify peer certificate
LogInit:  - bUseHttpProxy = false  - Libcurl will NOT use HTTP proxy
LogInit:  - bDontReuseConnections = false  - Libcurl will reuse connections
LogInit:  - CertBundlePath = nullptr  - Libcurl will use whatever was configured at build time.
LogInit:  - MaxHostConnections = 16  - Libcurl will limit the number of connections to a host
LogInit:  - LocalHostAddr = Default
LogInit: WinSock: version 1.1 (2.2), MaxSocks=32767, MaxUdp=65467
LogInit: WinSock: I am C-02439 (10.9.70.78:0)
LogInit: Build: ++UE4+Release-4.19-CL-4033788
LogInit: Engine Version: 4.19.2-4033788+++UE4+Release-4.19
LogInit: Compatible Engine Version: 4.19.0-3944462+++UE4+Release-4.19
LogInit: Net CL: 3944462
LogDevObjectVersion: Number of dev versions registered: 18
LogDevObjectVersion:   Dev-Blueprints (B0D832E4-1F89-4F0D-ACCF-7EB736FD4AA2): 10
LogDevObjectVersion:   Dev-Build (E1C64328-A22C-4D53-A36C-8E866417BD8C): 0
LogDevObjectVersion:   Dev-Core (375EC13C-06E4-48FB-B500-84F0262A717E): 2
LogDevObjectVersion:   Dev-Editor (E4B068ED-F494-42E9-A231-DA0B2E46BB41): 23
LogDevObjectVersion:   Dev-Framework (CFFC743F-43B0-4480-9391-14DF171D2073): 33
LogDevObjectVersion:   Dev-Mobile (B02B49B5-BB20-44E9-A304-32B752E40360): 2
LogDevObjectVersion:   Dev-Networking (A4E4105C-59A1-49B5-A7C5-40C4547EDFEE): 0
LogDevObjectVersion:   Dev-Online (39C831C9-5AE6-47DC-9A44-9C173E1C8E7C): 0
LogDevObjectVersion:   Dev-Physics (78F01B33-EBEA-4F98-B9B4-84EACCB95AA2): 0
LogDevObjectVersion:   Dev-Platform (6631380F-2D4D-43E0-8009-CF276956A95A): 0
LogDevObjectVersion:   Dev-Rendering (12F88B9F-8875-4AFC-A67C-D90C383ABD29): 25
LogDevObjectVersion:   Dev-Sequencer (7B5AE74C-D270-4C10-A958-57980B212A5A): 6
LogDevObjectVersion:   Dev-VR (D7296918-1DD6-4BDD-9DE2-64A83CC13884): 1
LogDevObjectVersion:   Dev-LoadTimes (C2A15278-BFE7-4AFE-6C17-90FF531DF755): 1
LogDevObjectVersion:   Private-Geometry (6EACA3D4-40EC-4CC1-B786-8BED09428FC5): 2
LogDevObjectVersion:   Dev-AnimPhys (29E575DD-E0A3-4627-9D10-D276232CDCEA): 16
LogDevObjectVersion:   Dev-ReflectionCapture (6B266CEC-1EC7-4B8F-A30B-E4D90942FC07): 1
LogDevObjectVersion:   Dev-Automation (0DF73D61-A23F-47EA-B727-89E90C41499A): 1
LogInit: Compiled (64-bit): Apr 27 2018 02:06:57
LogInit: Compiled with Visual C++: 19.00.24215.01
LogInit: Build Configuration: Development
LogInit: Branch Name: ++UE4+Release-4.19
LogInit: Command Line: 
LogInit: Base Directory: C:/Program Files/Epic Games/UE_4.19/Engine/Binaries/Win64/
LogInit: Installed Engine Build: 1
LogStreaming: Display: Took  0.015s to delete old logs.
LogInit: Presizing for max 8388607 objects, including 0 objects not considered by GC, pre-allocating 0 bytes for permanent pool.
LogInit: Object subsystem initialized
[2019.03.20-11.30.27:962][  0]LogInit: Selected Device Profile: [Windows]
[2019.03.20-11.30.27:962][  0]LogInit: Applying CVar settings loaded from the selected device profile: [Windows]
[2019.03.20-11.30.28:046][  0]LogInit: Computer: C-02439
[2019.03.20-11.30.28:046][  0]LogInit: User: 1800915
[2019.03.20-11.30.28:046][  0]LogInit: CPU Page size=4096, Cores=6
[2019.03.20-11.30.28:046][  0]LogInit: High frequency timer resolution =3.410071 MHz
[2019.03.20-11.30.28:047][  0]LogMemory: Memory total: Physical=31.9GB (32GB approx)
[2019.03.20-11.30.28:047][  0]LogMemory: Platform Memory Stats for Windows
[2019.03.20-11.30.28:047][  0]LogMemory: Process Physical Memory: 278.14 MB used, 278.14 MB peak
[2019.03.20-11.30.28:047][  0]LogMemory: Process Virtual Memory: 267.20 MB used, 267.20 MB peak
[2019.03.20-11.30.28:047][  0]LogMemory: Physical Memory: 6247.19 MB used,  26442.91 MB free, 32690.10 MB total
[2019.03.20-11.30.28:047][  0]LogMemory: Virtual Memory: 697.26 MB used,  26442.91 MB free, 134217728.00 MB total
[2019.03.20-11.30.28:080][  0]LogInit: Using OS detected language (en-GB).
[2019.03.20-11.30.28:080][  0]LogInit: Using OS detected locale (en-GB).
[2019.03.20-11.30.28:090][  0]LogTextLocalizationManager: No specific localization for 'en-GB' exists, so the 'en' localization will be used.
[2019.03.20-11.30.28:501][  0]LogStreaming: Display: Took  0.421s to EndInitTextLocalization.
[2019.03.20-11.30.28:501][  0]LogInit: Setting process to per monitor DPI aware
[2019.03.20-11.30.28:576][  0]LogSlate: New Slate User Created.  User Index 0, Is Virtual User: 0
[2019.03.20-11.30.28:576][  0]LogSlate: Slate User Registered.  User Index 0, Is Virtual User: 0
[2019.03.20-11.30.28:980][  0]LogD3D11RHI: D3D11 adapters:
[2019.03.20-11.30.29:062][  0]LogD3D11RHI:    0. 'NVIDIA GeForce GTX 1080' (Feature Level 11_0)
[2019.03.20-11.30.29:062][  0]LogD3D11RHI:       8079/0/16345 MB DedicatedVideo/DedicatedSystem/SharedSystem, Outputs:1, VendorId:0x10de
[2019.03.20-11.30.29:066][  0]LogD3D11RHI:    1. 'Microsoft Basic Render Driver' (Feature Level 11_0)
[2019.03.20-11.30.29:066][  0]LogD3D11RHI:       0/0/16345 MB DedicatedVideo/DedicatedSystem/SharedSystem, Outputs:0, VendorId:0x1414
[2019.03.20-11.30.29:066][  0]LogD3D11RHI: Chosen D3D11 Adapter: 0
[2019.03.20-11.30.29:083][  0]LogD3D11RHI: Creating new Direct3DDevice
[2019.03.20-11.30.29:084][  0]LogD3D11RHI:     GPU DeviceId: 0x1b80 (for the marketing name, search the web for "GPU Device Id")
[2019.03.20-11.30.29:084][  0]LogWindows: EnumDisplayDevices:
[2019.03.20-11.30.29:084][  0]LogWindows:    0. 'NVIDIA GeForce GTX 1080' (P:1 D:1)
[2019.03.20-11.30.29:085][  0]LogWindows:    1. 'NVIDIA GeForce GTX 1080' (P:0 D:0)
[2019.03.20-11.30.29:085][  0]LogWindows:    2. 'NVIDIA GeForce GTX 1080' (P:0 D:0)
[2019.03.20-11.30.29:086][  0]LogWindows:    3. 'NVIDIA GeForce GTX 1080' (P:0 D:0)
[2019.03.20-11.30.29:086][  0]LogWindows: DebugString: GetVideoDriverDetailsInvalid PrimaryIsNotTheChoosenAdapter GetVideoDriverDetailsInvalid PrimaryIsNotTheChoosenAdapter GetVideoDriverDetailsInvalid PrimaryIsNotTheChoosenAdapter GetVideoDriverDetailsInvalid PrimaryIsNotTheChoosenAdapter FoundDriverCount:0 
[2019.03.20-11.30.29:086][  0]LogD3D11RHI:     Adapter Name: NVIDIA GeForce GTX 1080
[2019.03.20-11.30.29:086][  0]LogD3D11RHI:   Driver Version: Unknown (internal:Unknown, unified:Unknown)
[2019.03.20-11.30.29:086][  0]LogD3D11RHI:      Driver Date: Unknown
[2019.03.20-11.30.29:086][  0]LogRHI: Texture pool is 5655 MB (70% of 8079 MB)
[2019.03.20-11.30.29:158][  0]LogD3D11RHI: [Aftermath] Aftermath enabled and primed
[2019.03.20-11.30.29:158][  0]LogD3D11RHI: [Aftermath] Aftermath enabled and primed
[2019.03.20-11.30.29:158][  0]LogD3D11RHI: Async texture creation enabled
[2019.03.20-11.30.29:176][  0]LogD3D11RHI: GPU Timing Frequency: 1000.000000 (Debug: 2 2)
[2019.03.20-11.30.29:219][  0]LogShaderCompilers: Guid format shader working directory is -28 characters bigger than the processId version (//nua-cfss15.nua.ac.uk/home2018/1800915/Unreal Projects/InterstellaConflict/Intermediate/Shaders/WorkingDirectory/15104/).
[2019.03.20-11.30.29:220][  0]LogShaderCompilers: Cleaned the shader compiler working directory 'C:/Users/1800915/AppData/Local/Temp/UnrealShaderWorkingDir/6FF2253D4DC242CFFF6A248760D29A99/'.
[2019.03.20-11.30.29:548][  0]LogTemp: Display: Loaded TP AllDesktopTargetPlatform
[2019.03.20-11.30.29:566][  0]LogTemp: Display: Loaded TP MacClientTargetPlatform
[2019.03.20-11.30.29:586][  0]LogTemp: Display: Loaded TP MacNoEditorTargetPlatform
[2019.03.20-11.30.29:605][  0]LogTemp: Display: Loaded TP MacServerTargetPlatform
[2019.03.20-11.30.29:625][  0]LogTemp: Display: Loaded TP MacTargetPlatform
[2019.03.20-11.30.29:644][  0]LogTemp: Display: Loaded TP WindowsClientTargetPlatform
[2019.03.20-11.30.29:664][  0]LogTemp: Display: Loaded TP WindowsNoEditorTargetPlatform
[2019.03.20-11.30.29:683][  0]LogTemp: Display: Loaded TP WindowsServerTargetPlatform
[2019.03.20-11.30.29:693][  0]LogTemp: Display: Loaded TP WindowsTargetPlatform
[2019.03.20-11.30.29:713][  0]LogTemp: Display: Loaded TP Android_ASTCTargetPlatform
[2019.03.20-11.30.29:731][  0]LogTemp: Display: Loaded TP Android_ATCTargetPlatform
[2019.03.20-11.30.29:755][  0]LogTemp: Display: Loaded TP Android_DXTTargetPlatform
[2019.03.20-11.30.29:772][  0]LogTemp: Display: Loaded TP Android_ETC1aTargetPlatform
[2019.03.20-11.30.29:791][  0]LogTemp: Display: Loaded TP Android_ETC1TargetPlatform
[2019.03.20-11.30.29:818][  0]LogTemp: Display: Loaded TP Android_ETC2TargetPlatform
[2019.03.20-11.30.29:878][  0]LogTemp: Display: Loaded TP Android_MultiTargetPlatform
[2019.03.20-11.30.29:878][  0]LogTemp: Display: Loaded TP Android_PVRTCTargetPlatform
[2019.03.20-11.30.29:898][  0]LogTemp: Display: Loaded TP AndroidTargetPlatform
[2019.03.20-11.30.29:900][  0]LogTemp: Display: Loaded TP HTML5TargetPlatform
[2019.03.20-11.30.29:946][  0]LogTemp: Display: Loaded TP IOSTargetPlatform
[2019.03.20-11.30.29:965][  0]LogTemp: Display: Loaded TP TVOSTargetPlatform
[2019.03.20-11.30.29:991][  0]LogTemp: Display: Loaded TP LinuxClientTargetPlatform
[2019.03.20-11.30.30:011][  0]LogTemp: Display: Loaded TP LinuxNoEditorTargetPlatform
[2019.03.20-11.30.30:032][  0]LogTemp: Display: Loaded TP LinuxServerTargetPlatform
[2019.03.20-11.30.30:053][  0]LogTemp: Display: Loaded TP LinuxTargetPlatform
[2019.03.20-11.30.30:053][  0]LogTargetPlatformManager: Display: Building Assets For Windows
[2019.03.20-11.30.30:209][  0]LogXGEController: Cannot use XGE Controller as Incredibuild is not installed on this machine.
[2019.03.20-11.30.30:209][  0]LogShaderCompilers: Cannot use XGE Shader Compiler as Incredibuild is not installed on this machine.
[2019.03.20-11.30.30:209][  0]LogShaderCompilers: Display: Using Local Shader Compiler.
[2019.03.20-11.30.31:062][  0]LogDerivedDataCache: Display: Max Cache Size: 512 MB
[2019.03.20-11.30.31:137][  0]LogDerivedDataCache: Loaded boot cache 0.07s 74MB C:/Users/1800915/AppData/Local/UnrealEngine/4.19/DerivedDataCache/Boot.ddc.
[2019.03.20-11.30.31:137][  0]LogDerivedDataCache: Display: Loaded Boot cache: C:/Users/1800915/AppData/Local/UnrealEngine/4.19/DerivedDataCache/Boot.ddc
[2019.03.20-11.30.31:138][  0]LogDerivedDataCache: FDerivedDataBackendGraph:  Pak pak cache file //nua-cfss15.nua.ac.uk/home2018/1800915/Unreal Projects/InterstellaConflict/DerivedDataCache/DDC.ddp not found, will not use a pak cache.
[2019.03.20-11.30.31:138][  0]LogDerivedDataCache: Unable to find inner node Pak for hierarchical cache Hierarchy.
[2019.03.20-11.30.31:138][  0]LogDerivedDataCache: FDerivedDataBackendGraph:  CompressedPak pak cache file //nua-cfss15.nua.ac.uk/home2018/1800915/Unreal Projects/InterstellaConflict/DerivedDataCache/Compressed.ddp not found, will not use a pak cache.
[2019.03.20-11.30.31:138][  0]LogDerivedDataCache: Unable to find inner node CompressedPak for hierarchical cache Hierarchy.
[2019.03.20-11.30.31:153][  0]LogDerivedDataCache: Display: Pak cache opened for reading ../../../Engine/DerivedDataCache/Compressed.ddp.
[2019.03.20-11.30.31:167][  0]LogDerivedDataCache: Using Local data cache path C:/Users/1800915/AppData/Local/UnrealEngine/Common/DerivedDataCache: Writable
[2019.03.20-11.30.31:167][  0]LogDerivedDataCache: Shared data cache path not found in *engine.ini, will not use an Shared cache.
[2019.03.20-11.30.31:167][  0]LogDerivedDataCache: Unable to find inner node Shared for hierarchical cache Hierarchy.
[2019.03.20-11.30.31:178][  0]LogMaterial: Verifying Global Shaders for PCD3D_SM5
[2019.03.20-11.30.31:178][  0]LogSlate: Using Freetype 2.6.0
[2019.03.20-11.30.31:179][  0]LogSlate: SlateFontCache - WITH_FREETYPE: 1, WITH_HARFBUZZ: 1
[2019.03.20-11.30.31:179][  0]LogSlate: SlateFontCache - WITH_FREETYPE: 1, WITH_HARFBUZZ: 1
[2019.03.20-11.30.31:384][  0]LogAssetRegistry: FAssetRegistry took 0.0295 seconds to start up
[2019.03.20-11.30.32:246][  0]LogInit: Selected Device Profile: [Windows]
[2019.03.20-11.30.32:446][  0]LogSimplygon: Simplygon DLL not present - disabling.
[2019.03.20-11.30.32:449][  0]LogMeshReduction: Using SimplygonSwarm for distributed automatic mesh merging
[2019.03.20-11.30.32:449][  0]LogMeshReduction: Using QuadricMeshReduction for automatic static mesh reduction
[2019.03.20-11.30.32:449][  0]LogMeshReduction: No automatic skeletal mesh reduction module available
[2019.03.20-11.30.32:449][  0]LogMeshReduction: No automatic mesh merging module available
[2019.03.20-11.30.32:449][  0]LogMeshMerging: No automatic mesh merging module available
[2019.03.20-11.30.32:502][  0]LogNetVersion: MyProject , NetCL: 3944462, EngineNetVer: 2, GameNetVer: 0 (Checksum: 2475486345)
[2019.03.20-11.30.35:045][  0]LogPackageLocalizationCache: Processed 10 localized package path(s) for 2 prioritized culture(s) in 1.930016 seconds
[2019.03.20-11.30.35:057][  0]LogUObjectArray: 36728 objects as part of root set at end of initial load.
[2019.03.20-11.30.35:057][  0]LogUObjectAllocator: 7314304 out of 0 bytes used by permanent object pool.
[2019.03.20-11.30.35:057][  0]LogUObjectArray: CloseDisregardForGC: 0/0 objects in disregard for GC pool
[2019.03.20-11.30.37:494][  0]LogTcpMessaging: Initializing TcpMessaging bridge
[2019.03.20-11.30.37:563][  0]LogUdpMessaging: Initializing bridge on interface 0.0.0.0:0 to multicast group 230.0.0.1:6666.
[2019.03.20-11.30.37:563][  0]LogDirectoryWatcher: A directory notification failed for '//nua-cfss15.nua.ac.uk/home2018/1800915/Unreal Projects/InterstellaConflict/Content/' because it was empty or there was a buffer overflow. Attemping another request...
[2019.03.20-11.30.38:218][  0]SourceControl: Source control is disabled
[2019.03.20-11.30.40:749][  0]LogAndroidPermission: UAndroidPermissionCallbackProxy::GetInstance
[2019.03.20-11.30.41:043][  0]LogOcInput: OculusInput pre-init called
[2019.03.20-11.30.41:237][  0]LogEngine: Initializing Engine...
[2019.03.20-11.30.41:239][  0]LogHMD: Failed to initialize OpenVR with code 110
[2019.03.20-11.30.41:244][  0]LogStats: UGameplayTagsManager::ConstructGameplayTagTree: Construct from data asset -  0.000 s
[2019.03.20-11.30.41:244][  0]LogStats: UGameplayTagsManager::ConstructGameplayTagTree: GameplayTagTreeChangedEvent.Broadcast -  0.000 s
[2019.03.20-11.30.41:501][  0]LogAIModule: Creating AISystem for world Untitled
[2019.03.20-11.30.41:516][  0]LogInit: XAudio2 using 'Speakers / Headphones (Realtek Audio)' : 2 channels at 48 kHz using 32 bits per sample (channel mask 0x3)
[2019.03.20-11.30.41:750][  0]LogInit: FAudioDevice initialized.
[2019.03.20-11.30.41:843][  0]LogDerivedDataCache: Saved boot cache 0.09s 74MB C:/Users/1800915/AppData/Local/UnrealEngine/4.19/DerivedDataCache/Boot.ddc.
[2019.03.20-11.30.41:852][  0]LogInit: Texture streaming: Enabled
[2019.03.20-11.30.41:872][  0]LogEngineSessionManager: EngineSessionManager initialized
[2019.03.20-11.30.41:890][  0]LogInit: Transaction tracking system initialized
[2019.03.20-11.30.41:916][  0]BlueprintLog: New page: Editor Load
[2019.03.20-11.30.42:044][  0]LocalizationService: Localization service is disabled
[2019.03.20-11.30.42:218][  0]LogConsoleResponse: Display: 
[2019.03.20-11.30.42:415][  0]LogCook: Display: Max memory allowance for cook 16384mb min free memory 0mb
[2019.03.20-11.30.42:415][  0]LogCook: Display: Mobile HDR setting 1
[2019.03.20-11.30.42:415][  0]LogGameplayTags: Display: UGameplayTagsManager::DoneAddingNativeTags. DelegateIsBound: 0
[2019.03.20-11.30.42:415][  0]LogStats: UGameplayTagsManager::ConstructGameplayTagTree: Construct from data asset -  0.000 s
[2019.03.20-11.30.42:415][  0]LogStats: UGameplayTagsManager::ConstructGameplayTagTree: GameplayTagTreeChangedEvent.Broadcast -  0.000 s
[2019.03.20-11.30.43:031][  0]LogFileCache: Scanning file cache for directory '//nua-cfss15.nua.ac.uk/home2018/1800915/Unreal Projects/InterstellaConflict/Content/' took 0.28s
[2019.03.20-11.30.43:088][  0]Cmd: MAP LOAD FILE="//nua-cfss15.nua.ac.uk/home2018/1800915/Unreal Projects/InterstellaConflict/Content/ThirdPersonBP/Maps/ThirdPersonExampleMap.umap" TEMPLATE=0 SHOWPROGRESS=1 FEATURELEVEL=3
[2019.03.20-11.30.43:093][  0]LightingResults: New page: Lighting Build
[2019.03.20-11.30.43:096][  0]MapCheck: New page: Map Check
[2019.03.20-11.30.43:096][  0]LightingResults: New page: Lighting Build
[2019.03.20-11.30.44:241][  0]LogUObjectGlobals: Created PersistentFrame Addr=0x000002bcec2ca480, Size=312, Default__UE4ASP_HeroTPP_AnimBlueprint_C Function /Game/AnimStarterPack/UE4ASP_HeroTPP_AnimBlueprint.UE4ASP_HeroTPP_AnimBlueprint_C:ExecuteUbergraph_UE4ASP_HeroTPP_AnimBlueprint
[2019.03.20-11.30.44:245][  0]LogUObjectGlobals: Created PersistentFrame Addr=0x000002bc83665600, Size=1648, Default__Ue4ASP_Character_C Function /Game/AnimStarterPack/Ue4ASP_Character.Ue4ASP_Character_C:ExecuteUbergraph_Ue4ASP_Character
[2019.03.20-11.30.44:640][  0]LogUObjectGlobals: Created PersistentFrame Addr=0x000002bcfef9e560, Size=4, Default__Projectile_Base_C Function /Game/AnimStarterPack/Weapon/Projectile/Projectile_Base.Projectile_Base_C:ExecuteUbergraph_Projectile_Base
[2019.03.20-11.30.44:810][  0]LogLinker: Warning: Can't find file '/Game/InfinityBladeEffects/Effects/FX_Materials/Gradient/M_Flare_01_INST'
[2019.03.20-11.30.44:811][  0]LogLinker: Warning: Can't find file for asset '/Game/InfinityBladeEffects/Effects/FX_Materials/Gradient/M_Flare_01_INST' while loading //nua-cfss15.nua.ac.uk/home2018/1800915/Unreal Projects/InterstellaConflict/Content/InfinityBladeEffects/Effects/FX_Monsters/FX_Monster_Elemental/ICE/P_CIN_Eye_Flare_01.uasset.
[2019.03.20-11.30.44:811][  0]LoadErrors: Error: /Game/InfinityBladeEffects/Effects/FX_Monsters/FX_Monster_Elemental/ICE/P_CIN_Eye_Flare_01 : Can't find file for asset. /Game/InfinityBladeEffects/Effects/FX_Materials/Gradient/M_Flare_01_INST
[2019.03.20-11.30.44:811][  0]LogLinker: Warning: Can't find file '/Game/InfinityBladeEffects/Effects/FX_Materials/Gradient/M_Flare_01_INST'
[2019.03.20-11.30.44:811][  0]LogLinker: Warning: Can't find file for asset '/Game/InfinityBladeEffects/Effects/FX_Materials/Gradient/M_Flare_01_INST' while loading //nua-cfss15.nua.ac.uk/home2018/1800915/Unreal Projects/InterstellaConflict/Content/InfinityBladeEffects/Effects/FX_Monsters/FX_Monster_Elemental/ICE/P_CIN_Eye_Flare_01.uasset.
[2019.03.20-11.30.44:811][  0]LoadErrors: Error: /Game/InfinityBladeEffects/Effects/FX_Monsters/FX_Monster_Elemental/ICE/P_CIN_Eye_Flare_01 : Can't find file for asset. /Game/InfinityBladeEffects/Effects/FX_Materials/Gradient/M_Flare_01_INST
[2019.03.20-11.30.44:820][  0]LogUObjectGlobals: Created PersistentFrame Addr=0x000002bc82e54e00, Size=144, Default__DC-15APlayer_C Function /Game/AnimStarterPack/Weapon/DC-15A/DC-15APlayer.DC-15APlayer_C:ExecuteUbergraph_DC-15APlayer
[2019.03.20-11.30.44:823][  0]LogUObjectGlobals: Created PersistentFrame Addr=0x000002bc83661bc0, Size=144, Default__DC-15ABody_C Function /Game/AnimStarterPack/Weapon/DC-15A/DC-15ABody.DC-15ABody_C:ExecuteUbergraph_DC-15ABody
[2019.03.20-11.30.44:932][  0]LogUObjectGlobals: Created PersistentFrame Addr=0x000002bc83a3e5c0, Size=160, Default__DC-15SBody_C Function /Game/AnimStarterPack/Weapon/DC-15S/Dc-15SPlayer/DC-15SBody.DC-15SBody_C:ExecuteUbergraph_DC-15SBody
[2019.03.20-11.30.44:959][  0]LogUObjectGlobals: Created PersistentFrame Addr=0x000002bc83a3cae0, Size=144, Default__DC-15SPlayer_C Function /Game/AnimStarterPack/Weapon/DC-15S/Dc-15SPlayer/DC-15SPlayer.DC-15SPlayer_C:ExecuteUbergraph_DC-15SPlayer
[2019.03.20-11.30.45:005][  0]LogUObjectGlobals: Created PersistentFrame Addr=0x000002bcfeeed220, Size=32, Default__DC-15SWorld_C Function /Game/AnimStarterPack/Weapon/DC-15S/DC-15SWorld.DC-15SWorld_C:ExecuteUbergraph_DC-15SWorld
[2019.03.20-11.30.45:085][  0]LogUObjectGlobals: Created PersistentFrame Addr=0x000002bc83a27d70, Size=16, Default__DC-17Body_C Function /Game/AnimStarterPack/Weapon/DC-17/DC-17Player/DC-17Body.DC-17Body_C:ExecuteUbergraph_DC-17Body
[2019.03.20-11.30.45:102][  0]LogUObjectGlobals: Created PersistentFrame Addr=0x000002bc83a0cea0, Size=144, Default__DC-17Player_C Function /Game/AnimStarterPack/Weapon/DC-17/DC-17Player/DC-17Player.DC-17Player_C:ExecuteUbergraph_DC-17Player
[2019.03.20-11.30.45:128][  0]LogUObjectGlobals: Created PersistentFrame Addr=0x000002bcfeeec4c0, Size=32, Default__DC-17World_C Function /Game/AnimStarterPack/Weapon/DC-17/DC-17World.DC-17World_C:ExecuteUbergraph_DC-17World
[2019.03.20-11.30.45:190][  0]LogLinker: Warning: Can't find file '/Game/InfinityBladeEffects/Effects/FX_Materials/Gradient/M_Flare_01_INST'
[2019.03.20-11.30.45:191][  0]LogLinker: Warning: Can't find file for asset '/Game/InfinityBladeEffects/Effects/FX_Materials/Gradient/M_Flare_01_INST' while loading //nua-cfss15.nua.ac.uk/home2018/1800915/Unreal Projects/InterstellaConflict/Content/InfinityBladeEffects/Effects/FX_Monsters/FX_Monster_Elemental/ICE/P_Beam_Impact_Ice.uasset.
[2019.03.20-11.30.45:191][  0]LoadErrors: Error: /Game/InfinityBladeEffects/Effects/FX_Monsters/FX_Monster_Elemental/ICE/P_Beam_Impact_Ice : Can't find file for asset. /Game/InfinityBladeEffects/Effects/FX_Materials/Gradient/M_Flare_01_INST
[2019.03.20-11.30.45:202][  0]LogLinker: Warning: Can't find file '/Game/InfinityBladeEffects/Effects/FX_Textures/Gradient/T_GlowNoise_01'
[2019.03.20-11.30.45:202][  0]LogLinker: Warning: Can't find file for asset '/Game/InfinityBladeEffects/Effects/FX_Textures/Gradient/T_GlowNoise_01' while loading //nua-cfss15.nua.ac.uk/home2018/1800915/Unreal Projects/InterstellaConflict/Content/InfinityBladeEffects/Effects/FX_Materials/M_Shockwave_03_Add_INST.uasset.
[2019.03.20-11.30.45:202][  0]LoadErrors: Error: /Game/InfinityBladeEffects/Effects/FX_Materials/M_Shockwave_03_Add_INST : Can't find file for asset. /Game/InfinityBladeEffects/Effects/FX_Textures/Gradient/T_GlowNoise_01
[2019.03.20-11.30.45:203][  0]LogLinker: Warning: Can't find file '/Game/InfinityBladeEffects/Effects/FX_Textures/Gradient/T_GlowNoise_01'
[2019.03.20-11.30.45:203][  0]LogLinker: Warning: Can't find file for asset '/Game/InfinityBladeEffects/Effects/FX_Textures/Gradient/T_GlowNoise_01' while loading //nua-cfss15.nua.ac.uk/home2018/1800915/Unreal Projects/InterstellaConflict/Content/InfinityBladeEffects/Effects/FX_Materials/M_Shockwave_03_Add_INST.uasset.
[2019.03.20-11.30.45:203][  0]LoadErrors: Error: /Game/InfinityBladeEffects/Effects/FX_Materials/M_Shockwave_03_Add_INST : Can't find file for asset. /Game/InfinityBladeEffects/Effects/FX_Textures/Gradient/T_GlowNoise_01
[2019.03.20-11.30.45:204][  0]LogLinker: Warning: Can't find file '/Game/InfinityBladeEffects/Effects/FX_Materials/Spark/M_Spark_04_SubUV_1_4_INST'
[2019.03.20-11.30.45:205][  0]LogLinker: Warning: Can't find file for asset '/Game/InfinityBladeEffects/Effects/FX_Materials/Spark/M_Spark_04_SubUV_1_4_INST' while loading //nua-cfss15.nua.ac.uk/home2018/1800915/Unreal Projects/InterstellaConflict/Content/InfinityBladeEffects/Effects/FX_Monsters/FX_Monster_Elemental/ICE/P_Beam_Impact_Ice.uasset.
[2019.03.20-11.30.45:205][  0]LoadErrors: Error: /Game/InfinityBladeEffects/Effects/FX_Monsters/FX_Monster_Elemental/ICE/P_Beam_Impact_Ice : Can't find file for asset. /Game/InfinityBladeEffects/Effects/FX_Materials/Spark/M_Spark_04_SubUV_1_4_INST
[2019.03.20-11.30.45:205][  0]LogLinker: Warning: Can't find file '/Game/InfinityBladeEffects/Effects/FX_Materials/Gradient/M_Flare_01_INST'
[2019.03.20-11.30.45:205][  0]LogLinker: Warning: Can't find file for asset '/Game/InfinityBladeEffects/Effects/FX_Materials/Gradient/M_Flare_01_INST' while loading //nua-cfss15.nua.ac.uk/home2018/1800915/Unreal Projects/InterstellaConflict/Content/InfinityBladeEffects/Effects/FX_Monsters/FX_Monster_Elemental/ICE/P_Beam_Impact_Ice.uasset.
[2019.03.20-11.30.45:205][  0]LoadErrors: Error: /Game/InfinityBladeEffects/Effects/FX_Monsters/FX_Monster_Elemental/ICE/P_Beam_Impact_Ice : Can't find file for asset. /Game/InfinityBladeEffects/Effects/FX_Materials/Gradient/M_Flare_01_INST
[2019.03.20-11.30.45:206][  0]LogLinker: Warning: Can't find file '/Game/InfinityBladeEffects/Effects/FX_Materials/Spark/M_Spark_04_SubUV_1_4_INST'
[2019.03.20-11.30.45:206][  0]LogLinker: Warning: Can't find file for asset '/Game/InfinityBladeEffects/Effects/FX_Materials/Spark/M_Spark_04_SubUV_1_4_INST' while loading //nua-cfss15.nua.ac.uk/home2018/1800915/Unreal Projects/InterstellaConflict/Content/InfinityBladeEffects/Effects/FX_Monsters/FX_Monster_Elemental/ICE/P_Beam_Impact_Ice.uasset.
[2019.03.20-11.30.45:206][  0]LoadErrors: Error: /Game/InfinityBladeEffects/Effects/FX_Monsters/FX_Monster_Elemental/ICE/P_Beam_Impact_Ice : Can't find file for asset. /Game/InfinityBladeEffects/Effects/FX_Materials/Spark/M_Spark_04_SubUV_1_4_INST
[2019.03.20-11.30.45:274][  0]LogUObjectGlobals: Destroyed PersistentFrame Addr=0x000002bcfeeed220, Size=32
[2019.03.20-11.30.45:274][  0]LogUObjectGlobals: Created PersistentFrame Addr=0x000002bc83c854e0, Size=32, Default__DC-15SWorld_C Function /Engine/Transient.REINST_DC-15SWorld_C_2:ExecuteUbergraph_DC-15SWorld
[2019.03.20-11.30.45:274][  0]LogUObjectGlobals: Destroyed PersistentFrame Addr=0x000002bcfeeec4c0, Size=32
[2019.03.20-11.30.45:274][  0]LogUObjectGlobals: Created PersistentFrame Addr=0x000002bc83c854a0, Size=32, Default__DC-17World_C Function /Engine/Transient.REINST_DC-17World_C_3:ExecuteUbergraph_DC-17World
[2019.03.20-11.30.45:274][  0]LogUObjectGlobals: Destroyed PersistentFrame Addr=0x000002bcfef9e560, Size=4
[2019.03.20-11.30.45:274][  0]LogUObjectGlobals: Created PersistentFrame Addr=0x000002bc86379c18, Size=4, Default__Projectile_Base_C Function /Engine/Transient.REINST_Projectile_Base_C_4:ExecuteUbergraph_Projectile_Base
[2019.03.20-11.30.45:275][  0]LogUObjectGlobals: Destroyed PersistentFrame Addr=0x000002bcec2ca480, Size=312
[2019.03.20-11.30.45:275][  0]LogUObjectGlobals: Created PersistentFrame Addr=0x000002bc862f87c0, Size=312, Default__UE4ASP_HeroTPP_AnimBlueprint_C Function /Engine/Transient.REINST_UE4ASP_HeroTPP_AnimBlueprint_C_0:ExecuteUbergraph_UE4ASP_HeroTPP_AnimBlueprint
[2019.03.20-11.30.45:276][  0]LogUObjectGlobals: Destroyed PersistentFrame Addr=0x000002bc83661bc0, Size=144
[2019.03.20-11.30.45:276][  0]LogUObjectGlobals: Created PersistentFrame Addr=0x000002bc83c33ba0, Size=144, Default__DC-15ABody_C Function /Engine/Transient.REINST_DC-15ABody_C_5:ExecuteUbergraph_DC-15ABody
[2019.03.20-11.30.45:276][  0]LogUObjectGlobals: Destroyed PersistentFrame Addr=0x000002bc82e54e00, Size=144
[2019.03.20-11.30.45:276][  0]LogUObjectGlobals: Created PersistentFrame Addr=0x000002bc83c325c0, Size=144, Default__DC-15APlayer_C Function /Engine/Transient.REINST_DC-15APlayer_C_6:ExecuteUbergraph_DC-15APlayer
[2019.03.20-11.30.45:276][  0]LogUObjectGlobals: Destroyed PersistentFrame Addr=0x000002bc83a3e5c0, Size=160
[2019.03.20-11.30.45:276][  0]LogUObjectGlobals: Created PersistentFrame Addr=0x000002bc83c30fe0, Size=160, Default__DC-15SBody_C Function /Engine/Transient.REINST_DC-15SBody_C_7:ExecuteUbergraph_DC-15SBody
[2019.03.20-11.30.45:277][  0]LogUObjectGlobals: Destroyed PersistentFrame Addr=0x000002bc83a3cae0, Size=144
[2019.03.20-11.30.45:277][  0]LogUObjectGlobals: Created PersistentFrame Addr=0x000002bc83c27920, Size=144, Default__DC-15SPlayer_C Function /Engine/Transient.REINST_DC-15SPlayer_C_8:ExecuteUbergraph_DC-15SPlayer
[2019.03.20-11.30.45:277][  0]LogUObjectGlobals: Destroyed PersistentFrame Addr=0x000002bc83a27d70, Size=16
[2019.03.20-11.30.45:277][  0]LogUObjectGlobals: Created PersistentFrame Addr=0x000002bc83cc5ce0, Size=16, Default__DC-17Body_C Function /Engine/Transient.REINST_DC-17Body_C_9:ExecuteUbergraph_DC-17Body
[2019.03.20-11.30.45:277][  0]LogUObjectGlobals: Destroyed PersistentFrame Addr=0x000002bc83a0cea0, Size=144
[2019.03.20-11.30.45:277][  0]LogUObjectGlobals: Created PersistentFrame Addr=0x000002bc83c25ee0, Size=144, Default__DC-17Player_C Function /Engine/Transient.REINST_DC-17Player_C_10:ExecuteUbergraph_DC-17Player
[2019.03.20-11.30.45:279][  0]LogUObjectGlobals: Destroyed PersistentFrame Addr=0x000002bc83665600, Size=1648
[2019.03.20-11.30.45:279][  0]LogUObjectGlobals: Created PersistentFrame Addr=0x000002bc83c12400, Size=1648, Default__Ue4ASP_Character_C Function /Engine/Transient.REINST_Ue4ASP_Character_C_11:ExecuteUbergraph_Ue4ASP_Character
[2019.03.20-11.30.45:313][  0]LogBlueprint: Warning: [Compiler UE4ASP_HeroTPP_AnimBlueprint] Idle Rifle to No Weapon Idle  will never be taken, please connect something to  Can Enter Transition
[2019.03.20-11.30.45:392][  0]LogUObjectGlobals: Created PersistentFrame Addr=0x000002bc86c47460, Size=32, Default__DC-15SWorld_C Function /Game/AnimStarterPack/Weapon/DC-15S/DC-15SWorld.DC-15SWorld_C:ExecuteUbergraph_DC-15SWorld
[2019.03.20-11.30.45:392][  0]LogUObjectGlobals: Created PersistentFrame Addr=0x000002bc86c471c0, Size=32, Default__DC-17World_C Function /Game/AnimStarterPack/Weapon/DC-17/DC-17World.DC-17World_C:ExecuteUbergraph_DC-17World
[2019.03.20-11.30.45:393][  0]LogUObjectGlobals: Created PersistentFrame Addr=0x000002bc8674af08, Size=4, Default__Projectile_Base_C Function /Game/AnimStarterPack/Weapon/Projectile/Projectile_Base.Projectile_Base_C:ExecuteUbergraph_Projectile_Base
[2019.03.20-11.30.45:398][  0]LogUObjectGlobals: Created PersistentFrame Addr=0x000002bc86c2bec0, Size=312, Default__UE4ASP_HeroTPP_AnimBlueprint_C Function /Game/AnimStarterPack/UE4ASP_HeroTPP_AnimBlueprint.UE4ASP_HeroTPP_AnimBlueprint_C:ExecuteUbergraph_UE4ASP_HeroTPP_AnimBlueprint
[2019.03.20-11.30.45:402][  0]LogUObjectGlobals: Created PersistentFrame Addr=0x000002bc86b7e020, Size=144, Default__DC-15ABody_C Function /Game/AnimStarterPack/Weapon/DC-15A/DC-15ABody.DC-15ABody_C:ExecuteUbergraph_DC-15ABody
[2019.03.20-11.30.45:403][  0]LogUObjectGlobals: Created PersistentFrame Addr=0x000002bc86b7d080, Size=144, Default__DC-15APlayer_C Function /Game/AnimStarterPack/Weapon/DC-15A/DC-15APlayer.DC-15APlayer_C:ExecuteUbergraph_DC-15APlayer
[2019.03.20-11.30.45:405][  0]LogUObjectGlobals: Created PersistentFrame Addr=0x000002bc86b37f60, Size=160, Default__DC-15SBody_C Function /Game/AnimStarterPack/Weapon/DC-15S/Dc-15SPlayer/DC-15SBody.DC-15SBody_C:ExecuteUbergraph_DC-15SBody
[2019.03.20-11.30.45:406][  0]LogUObjectGlobals: Created PersistentFrame Addr=0x000002bc86b36de0, Size=144, Default__DC-15SPlayer_C Function /Game/AnimStarterPack/Weapon/DC-15S/Dc-15SPlayer/DC-15SPlayer.DC-15SPlayer_C:ExecuteUbergraph_DC-15SPlayer
[2019.03.20-11.30.45:407][  0]LogUObjectGlobals: Created PersistentFrame Addr=0x000002bc86cd9a90, Size=16, Default__DC-17Body_C Function /Game/AnimStarterPack/Weapon/DC-17/DC-17Player/DC-17Body.DC-17Body_C:ExecuteUbergraph_DC-17Body
[2019.03.20-11.30.45:408][  0]LogUObjectGlobals: Created PersistentFrame Addr=0x000002bc86b35760, Size=144, Default__DC-17Player_C Function /Game/AnimStarterPack/Weapon/DC-17/DC-17Player/DC-17Player.DC-17Player_C:ExecuteUbergraph_DC-17Player
[2019.03.20-11.30.45:419][  0]LogUObjectGlobals: Created PersistentFrame Addr=0x000002bc86ad1d00, Size=1648, Default__Ue4ASP_Character_C Function /Game/AnimStarterPack/Ue4ASP_Character.Ue4ASP_Character_C:ExecuteUbergraph_Ue4ASP_Character
[2019.03.20-11.30.45:446][  0]LogBlueprint: Warning: [Compiler UE4ASP_HeroTPP_AnimBlueprint] [0024.27] Compile of UE4ASP_HeroTPP_AnimBlueprint successful, but with 1 Warning(s) [in 206 ms] (/Game/AnimStarterPack/UE4ASP_HeroTPP_AnimBlueprint.UE4ASP_HeroTPP_AnimBlueprint)
[2019.03.20-11.30.45:496][  0]LogUObjectGlobals: Created PersistentFrame Addr=0x000002bc86aa7240, Size=72, Default__AgroCheck_C Function /Game/NPCs/AgroCheck.AgroCheck_C:ExecuteUbergraph_AgroCheck
[2019.03.20-11.30.45:497][  0]LogUObjectGlobals: Created PersistentFrame Addr=0x000002bc86a715c8, Size=56, Default__Follower_AI_CON_C Function /Game/NPCs/Follower_AI_CON.Follower_AI_CON_C:ExecuteUbergraph_Follower_AI_CON
[2019.03.20-11.30.45:523][  0]LogUObjectGlobals: Created PersistentFrame Addr=0x000002bc86b12800, Size=120, Default__RapidMoveTo_C Function /Game/NPCs/RapidMoveTo.RapidMoveTo_C:ExecuteUbergraph_RapidMoveTo
[2019.03.20-11.30.45:529][  0]LogUObjectGlobals: Destroyed PersistentFrame Addr=0x000002bc86a715c8, Size=56
[2019.03.20-11.30.45:529][  0]LogUObjectGlobals: Created PersistentFrame Addr=0x000002bc86a715c8, Size=56, Default__Follower_AI_CON_C Function /Engine/Transient.REINST_Follower_AI_CON_C_25:ExecuteUbergraph_Follower_AI_CON
[2019.03.20-11.30.45:529][  0]LogUObjectGlobals: Destroyed PersistentFrame Addr=0x000002bc86b12800, Size=120
[2019.03.20-11.30.45:529][  0]LogUObjectGlobals: Created PersistentFrame Addr=0x000002bc86b12800, Size=120, Default__RapidMoveTo_C Function /Engine/Transient.REINST_RapidMoveTo_C_26:ExecuteUbergraph_RapidMoveTo
[2019.03.20-11.30.45:530][  0]LogUObjectGlobals: Destroyed PersistentFrame Addr=0x000002bc86aa7240, Size=72
[2019.03.20-11.30.45:530][  0]LogUObjectGlobals: Created PersistentFrame Addr=0x000002bc86b302c0, Size=72, Default__AgroCheck_C Function /Engine/Transient.REINST_AgroCheck_C_27:ExecuteUbergraph_AgroCheck
[2019.03.20-11.30.45:535][  0]LogUObjectGlobals: Created PersistentFrame Addr=0x000002bc86a712b8, Size=56, Default__Follower_AI_CON_C Function /Game/NPCs/Follower_AI_CON.Follower_AI_CON_C:ExecuteUbergraph_Follower_AI_CON
[2019.03.20-11.30.45:536][  0]LogUObjectGlobals: Created PersistentFrame Addr=0x000002bc86b10880, Size=120, Default__RapidMoveTo_C Function /Game/NPCs/RapidMoveTo.RapidMoveTo_C:ExecuteUbergraph_RapidMoveTo
[2019.03.20-11.30.45:536][  0]LogUObjectGlobals: Created PersistentFrame Addr=0x000002bc867cc310, Size=72, Default__AgroCheck_C Function /Game/NPCs/AgroCheck.AgroCheck_C:ExecuteUbergraph_AgroCheck
[2019.03.20-11.30.45:555][  0]LogUObjectGlobals: Created PersistentFrame Addr=0x000002bc86b10200, Size=120, Default__AI_Character_C Function /Game/NPCs/AI_Character.AI_Character_C:ExecuteUbergraph_AI_Character
[2019.03.20-11.30.45:559][  0]LogUObjectGlobals: Destroyed PersistentFrame Addr=0x000002bc86b10200, Size=120
[2019.03.20-11.30.45:559][  0]LogUObjectGlobals: Created PersistentFrame Addr=0x000002bc86b10200, Size=120, Default__AI_Character_C Function /Engine/Transient.REINST_AI_Character_C_33:ExecuteUbergraph_AI_Character
[2019.03.20-11.30.45:562][  0]LogUObjectGlobals: Created PersistentFrame Addr=0x000002bc86b11380, Size=120, Default__AI_Character_C Function /Game/NPCs/AI_Character.AI_Character_C:ExecuteUbergraph_AI_Character
[2019.03.20-11.30.45:654][  0]LogUObjectGlobals: Created PersistentFrame Addr=0x000002bce8a2a140, Size=64, Default__ThirdPerson_AnimBP_C Function /Game/Mannequin/Animations/ThirdPerson_AnimBP.ThirdPerson_AnimBP_C:ExecuteUbergraph_ThirdPerson_AnimBP
[2019.03.20-11.30.45:665][  0]LogUObjectGlobals: Destroyed PersistentFrame Addr=0x000002bce8a2a140, Size=64
[2019.03.20-11.30.45:665][  0]LogUObjectGlobals: Created PersistentFrame Addr=0x000002bc86a9ef00, Size=64, Default__ThirdPerson_AnimBP_C Function /Engine/Transient.REINST_ThirdPerson_AnimBP_C_1:ExecuteUbergraph_ThirdPerson_AnimBP
[2019.03.20-11.30.45:672][  0]LogUObjectGlobals: Created PersistentFrame Addr=0x000002bc86504ea0, Size=72, Default__ThirdPerson_AnimBP_C Function /Game/Mannequin/Animations/ThirdPerson_AnimBP.ThirdPerson_AnimBP_C:ExecuteUbergraph_ThirdPerson_AnimBP
[2019.03.20-11.30.45:952][  0]LogUObjectGlobals: Created PersistentFrame Addr=0x000002bc86a62fc0, Size=296, Default__ThirdPersonCharacter_C Function /Game/ThirdPersonBP/Blueprints/ThirdPersonCharacter.ThirdPersonCharacter_C:ExecuteUbergraph_ThirdPersonCharacter
[2019.03.20-11.30.45:963][  0]LogUObjectGlobals: Destroyed PersistentFrame Addr=0x000002bc86a62fc0, Size=296
[2019.03.20-11.30.45:963][  0]LogUObjectGlobals: Created PersistentFrame Addr=0x000002bc86a62fc0, Size=296, Default__ThirdPersonCharacter_C Function /Engine/Transient.REINST_ThirdPersonCharacter_C_36:ExecuteUbergraph_ThirdPersonCharacter
[2019.03.20-11.30.45:972][  0]LogUObjectGlobals: Created PersistentFrame Addr=0x000002bc86a616c0, Size=296, Default__ThirdPersonCharacter_C Function /Game/ThirdPersonBP/Blueprints/ThirdPersonCharacter.ThirdPersonCharacter_C:ExecuteUbergraph_ThirdPersonCharacter
[2019.03.20-11.30.45:976][  0]LogLinker: Warning: The file '../../../Engine/Content/EngineSky/BP_Sky_Sphere.uasset' contains unrecognizable data, check that it is of the expected type.
[2019.03.20-11.30.45:977][  0]LogLinker: Warning: The file '../../../Engine/Content/EngineSky/BP_Sky_Sphere.uasset' contains unrecognizable data, check that it is of the expected type.
[2019.03.20-11.30.46:019][  0]LogUObjectGlobals: Created PersistentFrame Addr=0x000002bc8641eb00, Size=32, Default__DC-15AWorld_C Function /Game/AnimStarterPack/Weapon/DC-15A/DC-15AWorld.DC-15AWorld_C:ExecuteUbergraph_DC-15AWorld
[2019.03.20-11.30.46:022][  0]LogUObjectGlobals: Destroyed PersistentFrame Addr=0x000002bc8641eb00, Size=32
[2019.03.20-11.30.46:022][  0]LogUObjectGlobals: Created PersistentFrame Addr=0x000002bc8641eb00, Size=32, Default__DC-15AWorld_C Function /Engine/Transient.REINST_DC-15AWorld_C_38:ExecuteUbergraph_DC-15AWorld
[2019.03.20-11.30.46:023][  0]LogUObjectGlobals: Created PersistentFrame Addr=0x000002bc8641fa80, Size=32, Default__DC-15AWorld_C Function /Game/AnimStarterPack/Weapon/DC-15A/DC-15AWorld.DC-15AWorld_C:ExecuteUbergraph_DC-15AWorld
[2019.03.20-11.30.46:081][  0]LogLinker: Warning: The file '../../../Engine/Content/EngineSky/BP_Sky_Sphere.uasset' contains unrecognizable data, check that it is of the expected type.
[2019.03.20-11.30.46:082][  0]LogLinker: Warning: The file '../../../Engine/Content/EngineSky/BP_Sky_Sphere.uasset' contains unrecognizable data, check that it is of the expected type.
[2019.03.20-11.30.46:872][  0]LogLinker: Warning: The file '../../../Engine/Content/EngineSky/BP_Sky_Sphere.uasset' contains unrecognizable data, check that it is of the expected type.
[2019.03.20-11.30.46:873][  0]LogLinker: Warning: The file '../../../Engine/Content/EngineSky/BP_Sky_Sphere.uasset' contains unrecognizable data, check that it is of the expected type.
[2019.03.20-11.30.46:890][  0]LogLinker: Warning: The file '../../../Engine/Content/EngineSky/BP_Sky_Sphere.uasset' contains unrecognizable data, check that it is of the expected type.
[2019.03.20-11.30.46:891][  0]LogLinker: Warning: The file '../../../Engine/Content/EngineSky/BP_Sky_Sphere.uasset' contains unrecognizable data, check that it is of the expected type.
[2019.03.20-11.30.46:894][  0]LogLinker: Warning: The file '../../../Engine/Content/EngineSky/BP_Sky_Sphere.uasset' contains unrecognizable data, check that it is of the expected type.
[2019.03.20-11.30.46:894][  0]LogLinker: Warning: The file '../../../Engine/Content/EngineSky/BP_Sky_Sphere.uasset' contains unrecognizable data, check that it is of the expected type.
[2019.03.20-11.30.46:895][  0]LogLinker: Warning: The file '../../../Engine/Content/EngineSky/BP_Sky_Sphere.uasset' contains unrecognizable data, check that it is of the expected type.
[2019.03.20-11.30.46:896][  0]LogLinker: Warning: The file '../../../Engine/Content/EngineSky/BP_Sky_Sphere.uasset' contains unrecognizable data, check that it is of the expected type.
[2019.03.20-11.30.46:896][  0]LogLinker: Warning: The file '../../../Engine/Content/EngineSky/BP_Sky_Sphere.uasset' contains unrecognizable data, check that it is of the expected type.
[2019.03.20-11.30.46:897][  0]LogLinker: Warning: The file '../../../Engine/Content/EngineSky/BP_Sky_Sphere.uasset' contains unrecognizable data, check that it is of the expected type.
[2019.03.20-11.30.46:898][  0]LogLinker: Warning: The file '../../../Engine/Content/EngineSky/BP_Sky_Sphere.uasset' contains unrecognizable data, check that it is of the expected type.
[2019.03.20-11.30.46:899][  0]LogLinker: Warning: The file '../../../Engine/Content/EngineSky/BP_Sky_Sphere.uasset' contains unrecognizable data, check that it is of the expected type.
[2019.03.20-11.30.46:915][  0]LogLinker: Warning: The file '../../../Engine/Content/EngineSky/BP_Sky_Sphere.uasset' contains unrecognizable data, check that it is of the expected type.
[2019.03.20-11.30.46:916][  0]LogLinker: Warning: The file '../../../Engine/Content/EngineSky/BP_Sky_Sphere.uasset' contains unrecognizable data, check that it is of the expected type.
[2019.03.20-11.30.46:916][  0]LogLinker: Warning: The file '../../../Engine/Content/EngineSky/BP_Sky_Sphere.uasset' contains unrecognizable data, check that it is of the expected type.
[2019.03.20-11.30.46:917][  0]LogLinker: Warning: The file '../../../Engine/Content/EngineSky/BP_Sky_Sphere.uasset' contains unrecognizable data, check that it is of the expected type.
[2019.03.20-11.30.46:918][  0]LogLinker: Warning: The file '../../../Engine/Content/EngineSky/BP_Sky_Sphere.uasset' contains unrecognizable data, check that it is of the expected type.
[2019.03.20-11.30.46:918][  0]LogLinker: Warning: The file '../../../Engine/Content/EngineSky/BP_Sky_Sphere.uasset' contains unrecognizable data, check that it is of the expected type.
[2019.03.20-11.30.46:919][  0]LogLinker: Warning: The file '../../../Engine/Content/EngineSky/BP_Sky_Sphere.uasset' contains unrecognizable data, check that it is of the expected type.
[2019.03.20-11.30.46:920][  0]LogLinker: Warning: The file '../../../Engine/Content/EngineSky/BP_Sky_Sphere.uasset' contains unrecognizable data, check that it is of the expected type.
[2019.03.20-11.30.47:063][  0]LogLinker: Warning: Can't find file '/Game/InfinityBladeEffects/Effects/FX_Materials/Gradient/M_Flare_01_INST'
[2019.03.20-11.30.47:063][  0]LoadErrors: Failed to load /Game/InfinityBladeEffects/Effects/FX_Materials/Gradient/M_Flare_01_INST.M_Flare_01_INST Referenced by ParticleModuleRequired_1
[2019.03.20-11.30.47:064][  0]LogLinker: Warning: Can't find file for asset '/Game/InfinityBladeEffects/Effects/FX_Materials/Gradient/M_Flare_01_INST' while loading NULL.
[2019.03.20-11.30.47:064][  0]LoadErrors: Failed to load /Game/InfinityBladeEffects/Effects/FX_Materials/Gradient/M_Flare_01_INST.M_Flare_01_INST Referenced by ParticleModuleRequired_1
[2019.03.20-11.30.47:064][  0]LogLinker: Warning: Can't find file '/Game/InfinityBladeEffects/Effects/FX_Materials/Gradient/M_Flare_01_INST'
[2019.03.20-11.30.47:064][  0]LoadErrors: Failed to load /Game/InfinityBladeEffects/Effects/FX_Materials/Gradient/M_Flare_01_INST.M_Flare_01_INST Referenced by ParticleModuleRequired_3
[2019.03.20-11.30.47:064][  0]LogLinker: Warning: Can't find file for asset '/Game/InfinityBladeEffects/Effects/FX_Materials/Gradient/M_Flare_01_INST' while loading NULL.
[2019.03.20-11.30.47:064][  0]LoadErrors: Failed to load /Game/InfinityBladeEffects/Effects/FX_Materials/Gradient/M_Flare_01_INST.M_Flare_01_INST Referenced by ParticleModuleRequired_3
[2019.03.20-11.30.47:079][  0]LogLinker: Warning: Can't find file '/Game/InfinityBladeEffects/Effects/FX_Textures/Gradient/T_GlowNoise_01'
[2019.03.20-11.30.47:079][  0]LoadErrors: Failed to load /Game/InfinityBladeEffects/Effects/FX_Textures/Gradient/T_GlowNoise_01.T_GlowNoise_01 Referenced by M_Shockwave_03_Add_INST
[2019.03.20-11.30.47:079][  0]LogLinker: Warning: Can't find file for asset '/Game/InfinityBladeEffects/Effects/FX_Textures/Gradient/T_GlowNoise_01' while loading NULL.
[2019.03.20-11.30.47:079][  0]LoadErrors: Failed to load /Game/InfinityBladeEffects/Effects/FX_Textures/Gradient/T_GlowNoise_01.T_GlowNoise_01 Referenced by M_Shockwave_03_Add_INST
[2019.03.20-11.30.47:081][  0]LogLinker: Warning: Can't find file '/Game/InfinityBladeEffects/Effects/FX_Materials/Spark/M_Spark_04_SubUV_1_4_INST'
[2019.03.20-11.30.47:081][  0]LoadErrors: Failed to load /Game/InfinityBladeEffects/Effects/FX_Materials/Spark/M_Spark_04_SubUV_1_4_INST.M_Spark_04_SubUV_1_4_INST Referenced by ParticleModuleRequired_6
[2019.03.20-11.30.47:081][  0]LogLinker: Warning: Can't find file for asset '/Game/InfinityBladeEffects/Effects/FX_Materials/Spark/M_Spark_04_SubUV_1_4_INST' while loading NULL.
[2019.03.20-11.30.47:081][  0]LoadErrors: Failed to load /Game/InfinityBladeEffects/Effects/FX_Materials/Spark/M_Spark_04_SubUV_1_4_INST.M_Spark_04_SubUV_1_4_INST Referenced by ParticleModuleRequired_6
[2019.03.20-11.30.47:082][  0]LogLinker: Warning: Can't find file '/Game/InfinityBladeEffects/Effects/FX_Materials/Gradient/M_Flare_01_INST'
[2019.03.20-11.30.47:082][  0]LoadErrors: Failed to load /Game/InfinityBladeEffects/Effects/FX_Materials/Gradient/M_Flare_01_INST.M_Flare_01_INST Referenced by ParticleModuleRequired_7
[2019.03.20-11.30.47:082][  0]LogLinker: Warning: Can't find file for asset '/Game/InfinityBladeEffects/Effects/FX_Materials/Gradient/M_Flare_01_INST' while loading NULL.
[2019.03.20-11.30.47:082][  0]LoadErrors: Failed to load /Game/InfinityBladeEffects/Effects/FX_Materials/Gradient/M_Flare_01_INST.M_Flare_01_INST Referenced by ParticleModuleRequired_7
[2019.03.20-11.30.47:362][  0]LogSkeletalMesh: Skeletal Mesh found in DDC [4.841835ms] /Game/AnimStarterPack/UE4_Mannequin/Mesh/SK_Mannequin.SK_Mannequin
[2019.03.20-11.30.47:543][  0]LogSkeletalMesh: Skeletal Mesh found in DDC [1.151296ms] /Game/AnimStarterPack/Weapon/DC-15S/Dc-15SPlayer/DC-15S.DC-15S
[2019.03.20-11.30.47:561][  0]LogSkeletalMesh: Skeletal Mesh found in DDC [1.478268ms] /Game/AnimStarterPack/Weapon/DC-15A/DC-15A_UE4.DC-15A_UE4
[2019.03.20-11.30.47:611][  0]LogSkeletalMesh: Skeletal Mesh found in DDC [11.183639ms] /Game/Mannequin/Character/Mesh/SK_Mannequin.SK_Mannequin
[2019.03.20-11.30.47:746][  0]LogSkeletalMesh: Skeletal Mesh found in DDC [6.766135ms] /Game/AnimStarterPack/Vehicles/LAAT/LAAT/LAATTextured.LAATTextured
[2019.03.20-11.30.48:246][  0]LogSkeletalMesh: Skeletal Mesh found in DDC [1.136047ms] /Game/AnimStarterPack/Weapon/DC-17/DC-17Player/DC-17.DC-17
[2019.03.20-11.30.48:398][  0]LogAnimationCompression: Building Anim DDC data for AnimSequence /Game/AnimStarterPack/AimPoses/Ironsight/Ironsight_Center.Ironsight_Center
[2019.03.20-11.30.48:399][  0]LogAnimationCompression: Recompressing (AnimSequence /Game/AnimStarterPack/AimPoses/Ironsight/Ironsight_Center.Ironsight_Center) using current/default (AnimCompress_BitwiseCompressOnly_55) bFirstRecompressUsingCurrentOrDefault(1) bTryAlternateCompressor(0) IsCompressedDataValid(0)
[2019.03.20-11.30.48:460][  0]LogAnimationCompression: Building Anim DDC data for AnimSequence /Game/AnimStarterPack/AimPoses/Hip/Aim_Center.Aim_Center
[2019.03.20-11.30.48:460][  0]LogAnimationCompression: Recompressing (AnimSequence /Game/AnimStarterPack/AimPoses/Hip/Aim_Center.Aim_Center) using current/default (AnimCompress_BitwiseCompressOnly_1) bFirstRecompressUsingCurrentOrDefault(1) bTryAlternateCompressor(0) IsCompressedDataValid(0)
[2019.03.20-11.30.48:461][  0]LogAnimationCompression: Building Anim DDC data for AnimSequence /Game/AnimStarterPack/AimPoses/Hip/Aim_Right_Center.Aim_Right_Center
[2019.03.20-11.30.48:462][  0]LogAnimationCompression: Recompressing (AnimSequence /Game/AnimStarterPack/AimPoses/Hip/Aim_Right_Center.Aim_Right_Center) using current/default (AnimCompress_BitwiseCompressOnly_7) bFirstRecompressUsingCurrentOrDefault(1) bTryAlternateCompressor(0) IsCompressedDataValid(0)
[2019.03.20-11.30.48:462][  0]LogAnimationCompression: Building Anim DDC data for AnimSequence /Game/AnimStarterPack/AimPoses/Hip/Aim_Left_Up.Aim_Left_Up
[2019.03.20-11.30.48:462][  0]LogAnimationCompression: Recompressing (AnimSequence /Game/AnimStarterPack/AimPoses/Hip/Aim_Left_Up.Aim_Left_Up) using current/default (AnimCompress_BitwiseCompressOnly_6) bFirstRecompressUsingCurrentOrDefault(1) bTryAlternateCompressor(0) IsCompressedDataValid(0)
[2019.03.20-11.30.48:463][  0]LogAnimationCompression: Building Anim DDC data for AnimSequence /Game/AnimStarterPack/AimPoses/Hip/Aim_Left_Down.Aim_Left_Down
[2019.03.20-11.30.48:463][  0]LogAnimationCompression: Recompressing (AnimSequence /Game/AnimStarterPack/AimPoses/Hip/Aim_Left_Down.Aim_Left_Down) using current/default (AnimCompress_BitwiseCompressOnly_5) bFirstRecompressUsingCurrentOrDefault(1) bTryAlternateCompressor(0) IsCompressedDataValid(0)
[2019.03.20-11.30.48:464][  0]LogAnimationCompression: Building Anim DDC data for AnimSequence /Game/AnimStarterPack/AimPoses/Hip/Aim_Left_Center.Aim_Left_Center
[2019.03.20-11.30.48:464][  0]LogAnimationCompression: Recompressing (AnimSequence /Game/AnimStarterPack/AimPoses/Hip/Aim_Left_Center.Aim_Left_Center) using current/default (AnimCompress_BitwiseCompressOnly_4) bFirstRecompressUsingCurrentOrDefault(1) bTryAlternateCompressor(0) IsCompressedDataValid(0)
[2019.03.20-11.30.48:465][  0]LogAnimationCompression: Building Anim DDC data for AnimSequence /Game/AnimStarterPack/AimPoses/Hip/Aim_Right_Up.Aim_Right_Up
[2019.03.20-11.30.48:465][  0]LogAnimationCompression: Recompressing (AnimSequence /Game/AnimStarterPack/AimPoses/Hip/Aim_Right_Up.Aim_Right_Up) using current/default (AnimCompress_BitwiseCompressOnly_9) bFirstRecompressUsingCurrentOrDefault(1) bTryAlternateCompressor(0) IsCompressedDataValid(0)
[2019.03.20-11.30.48:466][  0]LogAnimationCompression: Building Anim DDC data for AnimSequence /Game/AnimStarterPack/AimPoses/Hip/Aim_Right_Down.Aim_Right_Down
[2019.03.20-11.30.48:466][  0]LogAnimationCompression: Recompressing (AnimSequence /Game/AnimStarterPack/AimPoses/Hip/Aim_Right_Down.Aim_Right_Down) using current/default (AnimCompress_BitwiseCompressOnly_8) bFirstRecompressUsingCurrentOrDefault(1) bTryAlternateCompressor(0) IsCompressedDataValid(0)
[2019.03.20-11.30.48:571][  0]LogAIModule: Creating AISystem for world ThirdPersonExampleMap
[2019.03.20-11.30.48:600][  0]LogEditorServer: Finished looking for orphan Actors (0.000 secs)
[2019.03.20-11.30.48:624][  0]LogUObjectGlobals: Destroyed PersistentFrame Addr=0x000002bc862f87c0, Size=312
[2019.03.20-11.30.48:624][  0]LogUObjectGlobals: Destroyed PersistentFrame Addr=0x000002bc83c12400, Size=1648
[2019.03.20-11.30.48:624][  0]LogUObjectGlobals: Destroyed PersistentFrame Addr=0x000002bc86379c18, Size=4
[2019.03.20-11.30.48:624][  0]LogUObjectGlobals: Destroyed PersistentFrame Addr=0x000002bc83c325c0, Size=144
[2019.03.20-11.30.48:624][  0]LogUObjectGlobals: Destroyed PersistentFrame Addr=0x000002bc83c33ba0, Size=144
[2019.03.20-11.30.48:624][  0]LogUObjectGlobals: Destroyed PersistentFrame Addr=0x000002bc83c30fe0, Size=160
[2019.03.20-11.30.48:624][  0]LogUObjectGlobals: Destroyed PersistentFrame Addr=0x000002bc83c27920, Size=144
[2019.03.20-11.30.48:624][  0]LogUObjectGlobals: Destroyed PersistentFrame Addr=0x000002bc83c854e0, Size=32
[2019.03.20-11.30.48:624][  0]LogUObjectGlobals: Destroyed PersistentFrame Addr=0x000002bc83cc5ce0, Size=16
[2019.03.20-11.30.48:624][  0]LogUObjectGlobals: Destroyed PersistentFrame Addr=0x000002bc83c25ee0, Size=144
[2019.03.20-11.30.48:624][  0]LogUObjectGlobals: Destroyed PersistentFrame Addr=0x000002bc83c854a0, Size=32
[2019.03.20-11.30.48:624][  0]LogUObjectGlobals: Destroyed PersistentFrame Addr=0x000002bc86b302c0, Size=72
[2019.03.20-11.30.48:624][  0]LogUObjectGlobals: Destroyed PersistentFrame Addr=0x000002bc86a715c8, Size=56
[2019.03.20-11.30.48:624][  0]LogUObjectGlobals: Destroyed PersistentFrame Addr=0x000002bc86b12800, Size=120
[2019.03.20-11.30.48:624][  0]LogUObjectGlobals: Destroyed PersistentFrame Addr=0x000002bc86b10200, Size=120
[2019.03.20-11.30.48:625][  0]LogUObjectGlobals: Destroyed PersistentFrame Addr=0x000002bc86a9ef00, Size=64
[2019.03.20-11.30.48:625][  0]LogUObjectGlobals: Destroyed PersistentFrame Addr=0x000002bc86a62fc0, Size=296
[2019.03.20-11.30.48:625][  0]LogUObjectGlobals: Destroyed PersistentFrame Addr=0x000002bc8641eb00, Size=32
[2019.03.20-11.30.48:627][  0]Cmd: MAP CHECKDEP NOCLEARLOG
[2019.03.20-11.30.48:834][  0]MapCheck: Map check complete: 0 Error(s), 0 Warning(s), took 207.603ms to complete.
[2019.03.20-11.30.48:834][  0]LogFileHelpers: Loading map 'ThirdPersonExampleMap' took 5.746
[2019.03.20-11.30.49:021][  0]LogCollectionManager: Loaded 0 collections in 0.003659 seconds
[2019.03.20-11.30.49:063][  0]LogFileCache: Scanning file cache for directory '//nua-cfss15.nua.ac.uk/home2018/1800915/Unreal Projects/InterstellaConflict/Saved/Collections/' took 0.01s
[2019.03.20-11.30.49:063][  0]LogFileCache: Scanning file cache for directory '//nua-cfss15.nua.ac.uk/home2018/1800915/Unreal Projects/InterstellaConflict/Content/Developers/1800915/Collections/' took 0.01s
[2019.03.20-11.30.49:063][  0]LogFileCache: Scanning file cache for directory '//nua-cfss15.nua.ac.uk/home2018/1800915/Unreal Projects/InterstellaConflict/Content/Collections/' took 0.01s
[2019.03.20-11.30.49:063][  0]LogCollectionManager: Rebuilt the GUID cache for 0 collections in 0.000001 seconds
[2019.03.20-11.30.49:073][  0]LogContentBrowser: Native class hierarchy populated in 0.0091 seconds. Added 2457 classes and 563 folders.
[2019.03.20-11.30.49:080][  0]LogContentBrowser: Native class hierarchy updated for 'WidgetCarousel' in 0.0003 seconds. Added 0 classes and 0 folders.
[2019.03.20-11.30.49:157][  0]LogContentBrowser: Native class hierarchy updated for 'AddContentDialog' in 0.0004 seconds. Added 0 classes and 0 folders.
[2019.03.20-11.30.49:164][  0]LogContentBrowser: Native class hierarchy updated for 'SceneOutliner' in 0.0003 seconds. Added 1 classes and 2 folders.
[2019.03.20-11.30.49:215][  0]LogContentBrowser: Native class hierarchy updated for 'HierarchicalLODOutliner' in 0.0008 seconds. Added 0 classes and 0 folders.
[2019.03.20-11.30.49:215][  0]LogLoad: (Engine Initialization) Total time: 28.04 seconds
[2019.03.20-11.30.49:215][  0]LogLoad: (Engine Initialization) Total Blueprint compile time: 0.00 seconds
[2019.03.20-11.30.49:225][  0]LogWindowsTextInputMethodSystem: Display: IME system now deactivated.
[2019.03.20-11.30.49:226][  0]LoadErrors: Warning: CreateExport: Failed to load Outer for resource 'Sky Sphere mesh': BP_Sky_Sphere_C /Game/ThirdPersonBP/Maps/ThirdPersonExampleMap.ThirdPersonExampleMap:PersistentLevel.SkySphereBlueprint
[2019.03.20-11.30.49:226][  0]LoadErrors: Warning: CreateExport: Failed to load Outer for resource 'MaterialInstanceDynamic_0': StaticMeshComponent /Game/ThirdPersonBP/Maps/ThirdPersonExampleMap.ThirdPersonExampleMap:PersistentLevel.SkySphereBlueprint.Sky Sphere mesh
[2019.03.20-11.30.49:226][  0]LoadErrors: Warning: CreateExport: Failed to load Outer for resource 'Sky Sphere mesh': BP_Sky_Sphere_C /Game/ThirdPersonBP/Maps/ThirdPersonExampleMap.ThirdPersonExampleMap:PersistentLevel.SkySphereBlueprint2
[2019.03.20-11.30.49:226][  0]LoadErrors: Warning: CreateExport: Failed to load Outer for resource 'MaterialInstanceDynamic_1': StaticMeshComponent /Game/ThirdPersonBP/Maps/ThirdPersonExampleMap.ThirdPersonExampleMap:PersistentLevel.SkySphereBlueprint2.Sky Sphere mesh
[2019.03.20-11.30.49:226][  0]LoadErrors: Warning: CreateExport: Failed to load Outer for resource 'Base': BP_Sky_Sphere_C /Game/ThirdPersonBP/Maps/ThirdPersonExampleMap.ThirdPersonExampleMap:PersistentLevel.SkySphereBlueprint
[2019.03.20-11.30.49:226][  0]LoadErrors: Warning: CreateExport: Failed to load Outer for resource 'Base': BP_Sky_Sphere_C /Game/ThirdPersonBP/Maps/ThirdPersonExampleMap.ThirdPersonExampleMap:PersistentLevel.SkySphereBlueprint2
[2019.03.20-11.30.49:251][  0]LogContentStreaming: Texture pool size now 1000 MB
[2019.03.20-11.30.49:254][  0]LogSlate: FSceneViewport::OnFocusLost() reason 2
[2019.03.20-11.30.49:261][  0]LogSlate: Took 0.000372 seconds to synchronously load lazily loaded font '../../../Engine/Content/Slate/Fonts/Roboto-Regular.ttf' (155K)
[2019.03.20-11.30.49:263][  0]LogSlate: Took 0.000289 seconds to synchronously load lazily loaded font '../../../Engine/Content/Slate/Fonts/Roboto-Bold.ttf' (160K)
[2019.03.20-11.30.49:268][  0]LogSlate: Took 0.000313 seconds to synchronously load lazily loaded font '../../../Engine/Content/Editor/Slate/Fonts/FontAwesome.ttf' (139K)
[2019.03.20-11.30.49:387][  1]LogDirectoryWatcher: A directory notification failed for '//nua-cfss15.nua.ac.uk/home2018/1800915/Unreal Projects/InterstellaConflict/Content/' because it was empty or there was a buffer overflow. Attemping another request...
[2019.03.20-11.30.49:389][  1]LogDirectoryWatcher: A directory notification failed for '//nua-cfss15.nua.ac.uk/home2018/1800915/Unreal Projects/InterstellaConflict/Content/', and we were unable to create a new request.
[2019.03.20-11.30.49:389][  1]LogDirectoryWatcher: A directory notification failed for '//nua-cfss15.nua.ac.uk/home2018/1800915/Unreal Projects/InterstellaConflict/Saved/Collections/' because it was empty or there was a buffer overflow. Attemping another request...
[2019.03.20-11.30.49:389][  1]LogDirectoryWatcher: A directory notification failed for '//nua-cfss15.nua.ac.uk/home2018/1800915/Unreal Projects/InterstellaConflict/Content/Developers/1800915/Collections/' because it was empty or there was a buffer overflow. Attemping another request...
[2019.03.20-11.30.49:389][  1]LogDirectoryWatcher: A directory notification failed for '//nua-cfss15.nua.ac.uk/home2018/1800915/Unreal Projects/InterstellaConflict/Content/Collections/' because it was empty or there was a buffer overflow. Attemping another request...
[2019.03.20-11.30.49:399][  2]LogRenderer: Reallocating scene render targets to support 396x120 Format 10 NumSamples 1 (Frame:1).
[2019.03.20-11.30.49:473][  2]LogRenderer: Reallocating scene render targets to support 396x128 Format 10 NumSamples 1 (Frame:1).
[2019.03.20-11.30.49:474][  2]LogAssetRegistry: Asset discovery search completed in 18.1115 seconds
[2019.03.20-11.30.49:477][  2]LogCollectionManager: Rebuilt the object cache for 0 collections in 0.000000 seconds (found 0 objects)
[2019.03.20-11.30.49:477][  2]LogCollectionManager: Fixed up redirectors for 0 collections in 0.000052 seconds (updated 0 objects)
[2019.03.20-11.30.49:477][  2]LogDirectoryWatcher: A directory notification failed for '//nua-cfss15.nua.ac.uk/home2018/1800915/Unreal Projects/InterstellaConflict/Saved/Collections/' because it was empty or there was a buffer overflow. Attemping another request...
[2019.03.20-11.30.49:477][  2]LogDirectoryWatcher: A directory notification failed for '//nua-cfss15.nua.ac.uk/home2018/1800915/Unreal Projects/InterstellaConflict/Saved/Collections/', and we were unable to create a new request.
[2019.03.20-11.30.49:477][  2]LogDirectoryWatcher: A directory notification failed for '//nua-cfss15.nua.ac.uk/home2018/1800915/Unreal Projects/InterstellaConflict/Content/Developers/1800915/Collections/' because it was empty or there was a buffer overflow. Attemping another request...
[2019.03.20-11.30.49:478][  2]LogDirectoryWatcher: A directory notification failed for '//nua-cfss15.nua.ac.uk/home2018/1800915/Unreal Projects/InterstellaConflict/Content/Developers/1800915/Collections/', and we were unable to create a new request.
[2019.03.20-11.30.49:478][  2]LogDirectoryWatcher: A directory notification failed for '//nua-cfss15.nua.ac.uk/home2018/1800915/Unreal Projects/InterstellaConflict/Content/Collections/' because it was empty or there was a buffer overflow. Attemping another request...
[2019.03.20-11.30.49:478][  2]LogDirectoryWatcher: A directory notification failed for '//nua-cfss15.nua.ac.uk/home2018/1800915/Unreal Projects/InterstellaConflict/Content/Collections/', and we were unable to create a new request.
[2019.03.20-11.30.55:781][282]LogSlate: Window 'Message Log' being destroyed
[2019.03.20-11.30.55:783][282]LogSlate: Window 'Message Log' being destroyed
[2019.03.20-11.30.57:811][453]LogRenderer: Reallocating scene render targets to support 1616x808 Format 10 NumSamples 1 (Frame:418).
[2019.03.20-11.31.00:009][704]LogSlate: FSceneViewport::OnFocusLost() reason 2
[2019.03.20-11.31.02:947][ 48]SourceControl: fatal: C:/Program Files/Epic Games/UE_4.19/Engine/Content: 'C:/Program Files/Epic Games/UE_4.19/Engine/Content' is outside repository
[2019.03.20-11.31.03:171][ 48]LogPackageName: Error: DoesPackageExist: DoesPackageExist FAILED: '//nua-cfss15' is not a standard unreal filename or a long path name. Reason: Path does not start with a valid root. Path must begin with: '/Engine/', '/Game/', '/Paper2D/', '/CryptoKeys/', '/DatasmithContent/', '/DialoguePlugin/', '/MediaCompositing/', '/AppleARKit/', '/OculusVR/', '/SteamVR/', '/Config/', '/Script/', '/Memory/', or '/Temp/'
[2019.03.20-11.31.03:171][ 48]LogLinker: Warning: Can't find file '//nua-cfss15'
[2019.03.20-11.31.03:171][ 48]LogWindows: Windows GetLastError: The operation completed successfully. (0)
[2019.03.20-11.31.11:456][ 48]LogWindows: Error: === Critical error: ===
[2019.03.20-11.31.11:456][ 48]LogWindows: Error: 
[2019.03.20-11.31.11:456][ 48]LogWindows: Error: Fatal error: [File:D:\Build\++UE4+Release-4.19+Compile\Sync\Engine\Source\Runtime\CoreUObject\Private\UObject\UObjectGlobals.cpp] [Line: 609] 
[2019.03.20-11.31.11:456][ 48]LogWindows: Error: Attempted to create a package with name containing double slashes. PackageName: //nua-cfss15
[2019.03.20-11.31.11:456][ 48]LogWindows: Error: 
[2019.03.20-11.31.11:456][ 48]LogWindows: Error: 
[2019.03.20-11.31.11:456][ 48]LogWindows: Error: [Callstack] 0x0000000045E85518 KERNELBASE.dll!UnknownFunction []
[2019.03.20-11.31.11:456][ 48]LogWindows: Error: [Callstack] 0x000000001D437884 UE4Editor-ApplicationCore.dll!UnknownFunction []
[2019.03.20-11.31.11:456][ 48]LogWindows: Error: [Callstack] 0x00000000F1256D9B UE4Editor-Core.dll!UnknownFunction []
[2019.03.20-11.31.11:456][ 48]LogWindows: Error: [Callstack] 0x00000000F1191949 UE4Editor-Core.dll!UnknownFunction []
[2019.03.20-11.31.11:456][ 48]LogWindows: Error: [Callstack] 0x00000000F0CE5E3E UE4Editor-CoreUObject.dll!UnknownFunction []
[2019.03.20-11.31.11:456][ 48]LogWindows: Error: [Callstack] 0x00000000F0D19A79 UE4Editor-CoreUObject.dll!UnknownFunction []
[2019.03.20-11.31.11:456][ 48]LogWindows: Error: [Callstack] 0x00000000F0CEF148 UE4Editor-CoreUObject.dll!UnknownFunction []
[2019.03.20-11.31.11:456][ 48]LogWindows: Error: [Callstack] 0x00000000E59E37BC UE4Editor-SourceControlWindows.dll!UnknownFunction []
[2019.03.20-11.31.11:456][ 48]LogWindows: Error: [Callstack] 0x00000000E59F90B4 UE4Editor-SourceControlWindows.dll!UnknownFunction []
[2019.03.20-11.31.11:456][ 48]LogWindows: Error: [Callstack] 0x00000000DA294669 UE4Editor-GitSourceControl.dll!UnknownFunction []
[2019.03.20-11.31.11:456][ 48]LogWindows: Error: [Callstack] 0x000000000F47B9BC UE4Editor-SourceControl.dll!UnknownFunction []
[2019.03.20-11.31.11:456][ 48]LogWindows: Error: [Callstack] 0x00000000EC1FDF0A UE4Editor-UnrealEd.dll!UnknownFunction []
[2019.03.20-11.31.11:456][ 48]LogWindows: Error: [Callstack] 0x00000000ECA99626 UE4Editor-UnrealEd.dll!UnknownFunction []
[2019.03.20-11.31.11:456][ 48]LogWindows: Error: [Callstack] 0x0000000035835EAC UE4Editor.exe!UnknownFunction []
[2019.03.20-11.31.11:456][ 48]LogWindows: Error: [Callstack] 0x0000000035846BD0 UE4Editor.exe!UnknownFunction []
[2019.03.20-11.31.11:456][ 48]LogWindows: Error: [Callstack] 0x0000000035846C4A UE4Editor.exe!UnknownFunction []
[2019.03.20-11.31.11:456][ 48]LogWindows: Error: [Callstack] 0x0000000035854177 UE4Editor.exe!UnknownFunction []
[2019.03.20-11.31.11:456][ 48]LogWindows: Error: [Callstack] 0x0000000035855B87 UE4Editor.exe!UnknownFunction []
[2019.03.20-11.31.11:456][ 48]LogWindows: Error: [Callstack] 0x0000000046753574 KERNEL32.dll!UnknownFunction []
[2019.03.20-11.31.11:456][ 48]LogWindows: Error: [Callstack] 0x0000000048F4CB81 ntdll.dll!UnknownFunction []
[2019.03.20-11.31.11:456][ 48]LogWindows: Error: [Callstack] 0x0000000048F4CB81 ntdll.dll!UnknownFunction []
[2019.03.20-11.31.11:456][ 48]LogWindows: Error: 
[2019.03.20-11.31.11:520][ 48]LogExit: Executing StaticShutdownAfterError
[2019.03.20-11.31.11:527][ 48]LogWindows: FPlatformMisc::RequestExit(1)
[2019.03.20-11.31.11:527][ 48]Log file closed, 03/20/19 11:31:11
